        -:    0:Source:/home/kaappo/git/raytracercpp/src/core/geometry/AABB.h
        -:    0:Graph:/home/kaappo/git/raytracercpp/cmake-build-debug-coverage/CMakeFiles/Main.dir/src/core/geometry/BVH.cpp.gcno
        -:    0:Data:/home/kaappo/git/raytracercpp/cmake-build-debug-coverage/CMakeFiles/Main.dir/src/core/geometry/BVH.cpp.gcda
        -:    0:Runs:1
        -:    1://
        -:    2:// Created by kaappo on 28.1.2022.
        -:    3://
        -:    4:
        -:    5:#pragma once
        -:    6:
        -:    7:
        -:    8:#include <ostream>
        -:    9:#include "../common/MyVector3.h"
        -:   10:#include "Hittable.h"
        -:   11:#include "Ray.h"
        -:   12:
        -:   13:class AABB {
        -:   14:private:
        -:   15:    MyVector3 minimum, maximum;
        -:   16:
        -:   17:public:
        -:   18:    AABB (const MyVector3& minimum, const MyVector3& maximum);
     2675:   19:    constexpr AABB (bool invalid) : maximum{0, 0, 0}, minimum{0, 0, 0} {
     2675:   19-block  0
branch  0 taken 2016 (fallthrough)
branch  1 taken 659
        -:   20:
        -:   21:    }
        -:   22:
        -:   23:    bool operator== (const AABB& rhs) const;
        -:   24:
        -:   25:    bool operator!= (const AABB& rhs) const;
        -:   26:
        -:   27:    friend std::ostream& operator<< (std::ostream& os, const AABB& aabb);
        -:   28:
        -:   29:    double getIntersectionDistance (const Ray& ray) const;
        -:   30:
        -:   31:    AABB expand (const AABB& aabb);
        -:   32:
        -:   33:    MyVector3 getMinimum () const;
        -:   34:    MyVector3 getMaximum () const;
        -:   35:
        -:   36:    bool intersects (const Ray& ray) const;
        -:   37:};
        -:   38:namespace AABBs {
        -:   39:    constexpr AABB INVALID{true};
        -:   40:}
        -:   41:
        -:   42:
