        -:    0:Source:/home/kaappo/git/raytracercpp/lib/stb/std_image.h
        -:    0:Graph:/home/kaappo/git/raytracercpp/cmake-build-debug-coverage/CMakeFiles/Main.dir/src/core/engine/Image.cpp.gcno
        -:    0:Data:/home/kaappo/git/raytracercpp/cmake-build-debug-coverage/CMakeFiles/Main.dir/src/core/engine/Image.cpp.gcda
        -:    0:Runs:1
        -:    1:#pragma once
        -:    2:
        -:    3:/* stb_image - v2.27 - public domain image loader - http://nothings.org/stb
        -:    4:                                  no warranty implied; use at your own risk
        -:    5:
        -:    6:   Do this:
        -:    7:      #define STB_IMAGE_IMPLEMENTATION
        -:    8:   before you include this file in *one* C or C++ file to create the implementation.
        -:    9:
        -:   10:   // i.e. it should look like this:
        -:   11:   #include ...
        -:   12:   #include ...
        -:   13:   #include ...
        -:   14:   #define STB_IMAGE_IMPLEMENTATION
        -:   15:   #include "stb_image.h"
        -:   16:
        -:   17:   You can #define STBI_ASSERT(x) before the #include to avoid using assert.h.
        -:   18:   And #define STBI_MALLOC, STBI_REALLOC, and STBI_FREE to avoid using malloc,realloc,free
        -:   19:
        -:   20:
        -:   21:   QUICK NOTES:
        -:   22:      Primarily of interest to game developers and other people who can
        -:   23:          avoid problematic images and only need the trivial interface
        -:   24:
        -:   25:      JPEG baseline & progressive (12 bpc/arithmetic not supported, same as stock IJG lib)
        -:   26:      PNG 1/2/4/8/16-bit-per-channel
        -:   27:
        -:   28:      TGA (not sure what subset, if a subset)
        -:   29:      BMP non-1bpp, non-RLE
        -:   30:      PSD (composited view only, no extra channels, 8/16 bit-per-channel)
        -:   31:
        -:   32:      GIF (*comp always reports as 4-channel)
        -:   33:      HDR (radiance rgbE format)
        -:   34:      PIC (Softimage PIC)
        -:   35:      PNM (PPM and PGM binary only)
        -:   36:
        -:   37:      Animated GIF still needs a proper API, but here's one way to do it:
        -:   38:          http://gist.github.com/urraka/685d9a6340b26b830d49
        -:   39:
        -:   40:      - decode from memory or through FILE (define STBI_NO_STDIO to remove code)
        -:   41:      - decode from arbitrary I/O callbacks
        -:   42:      - SIMD acceleration on x86/x64 (SSE2) and ARM (NEON)
        -:   43:
        -:   44:   Full documentation under "DOCUMENTATION" below.
        -:   45:
        -:   46:
        -:   47:LICENSE
        -:   48:
        -:   49:  See end of file for license information.
        -:   50:
        -:   51:RECENT REVISION HISTORY:
        -:   52:
        -:   53:      2.27  (2021-07-11) document stbi_info better, 16-bit PNM support, bug fixes
        -:   54:      2.26  (2020-07-13) many minor fixes
        -:   55:      2.25  (2020-02-02) fix warnings
        -:   56:      2.24  (2020-02-02) fix warnings; thread-local failure_reason and flip_vertically
        -:   57:      2.23  (2019-08-11) fix clang static analysis warning
        -:   58:      2.22  (2019-03-04) gif fixes, fix warnings
        -:   59:      2.21  (2019-02-25) fix typo in comment
        -:   60:      2.20  (2019-02-07) support utf8 filenames in Windows; fix warnings and platform ifdefs
        -:   61:      2.19  (2018-02-11) fix warning
        -:   62:      2.18  (2018-01-30) fix warnings
        -:   63:      2.17  (2018-01-29) bugfix, 1-bit BMP, 16-bitness query, fix warnings
        -:   64:      2.16  (2017-07-23) all functions have 16-bit variants; optimizations; bugfixes
        -:   65:      2.15  (2017-03-18) fix png-1,2,4; all Imagenet JPGs; no runtime SSE detection on GCC
        -:   66:      2.14  (2017-03-03) remove deprecated STBI_JPEG_OLD; fixes for Imagenet JPGs
        -:   67:      2.13  (2016-12-04) experimental 16-bit API, only for PNG so far; fixes
        -:   68:      2.12  (2016-04-02) fix typo in 2.11 PSD fix that caused crashes
        -:   69:      2.11  (2016-04-02) 16-bit PNGS; enable SSE2 in non-gcc x64
        -:   70:                         RGB-format JPEG; remove white matting in PSD;
        -:   71:                         allocate large structures on the stack;
        -:   72:                         correct channel count for PNG & BMP
        -:   73:      2.10  (2016-01-22) avoid warning introduced in 2.09
        -:   74:      2.09  (2016-01-16) 16-bit TGA; comments in PNM files; STBI_REALLOC_SIZED
        -:   75:
        -:   76:   See end of file for full revision history.
        -:   77:
        -:   78:
        -:   79: ============================    Contributors    =========================
        -:   80:
        -:   81: Image formats                          Extensions, features
        -:   82:    Sean Barrett (jpeg, png, bmp)          Jetro Lauha (stbi_info)
        -:   83:    Nicolas Schulz (hdr, psd)              Martin "SpartanJ" Golini (stbi_info)
        -:   84:    Jonathan Dummer (tga)                  James "moose2000" Brown (iPhone PNG)
        -:   85:    Jean-Marc Lienher (gif)                Ben "Disch" Wenger (io callbacks)
        -:   86:    Tom Seddon (pic)                       Omar Cornut (1/2/4-bit PNG)
        -:   87:    Thatcher Ulrich (psd)                  Nicolas Guillemot (vertical flip)
        -:   88:    Ken Miller (pgm, ppm)                  Richard Mitton (16-bit PSD)
        -:   89:    github:urraka (animated gif)           Junggon Kim (PNM comments)
        -:   90:    Christopher Forseth (animated gif)     Daniel Gibson (16-bit TGA)
        -:   91:                                           socks-the-fox (16-bit PNG)
        -:   92:                                           Jeremy Sawicki (handle all ImageNet JPGs)
        -:   93: Optimizations & bugfixes                  Mikhail Morozov (1-bit BMP)
        -:   94:    Fabian "ryg" Giesen                    Anael Seghezzi (is-16-bit query)
        -:   95:    Arseny Kapoulkine                      Simon Breuss (16-bit PNM)
        -:   96:    John-Mark Allen
        -:   97:    Carmelo J Fdez-Aguera
        -:   98:
        -:   99: Bug & warning fixes
        -:  100:    Marc LeBlanc            David Woo          Guillaume George     Martins Mozeiko
        -:  101:    Christpher Lloyd        Jerry Jansson      Joseph Thomson       Blazej Dariusz Roszkowski
        -:  102:    Phil Jordan                                Dave Moore           Roy Eltham
        -:  103:    Hayaki Saito            Nathan Reed        Won Chun
        -:  104:    Luke Graham             Johan Duparc       Nick Verigakis       the Horde3D community
        -:  105:    Thomas Ruf              Ronny Chevalier                         github:rlyeh
        -:  106:    Janez Zemva             John Bartholomew   Michal Cichon        github:romigrou
        -:  107:    Jonathan Blow           Ken Hamada         Tero Hanninen        github:svdijk
        -:  108:    Eugene Golushkov        Laurent Gomila     Cort Stratton        github:snagar
        -:  109:    Aruelien Pocheville     Sergio Gonzalez    Thibault Reuille     github:Zelex
        -:  110:    Cass Everitt            Ryamond Barbiero                        github:grim210
        -:  111:    Paul Du Bois            Engin Manap        Aldo Culquicondor    github:sammyhw
        -:  112:    Philipp Wiesemann       Dale Weiler        Oriol Ferrer Mesia   github:phprus
        -:  113:    Josh Tobin                                 Matthew Gregan       github:poppolopoppo
        -:  114:    Julian Raschke          Gregory Mullen     Christian Floisand   github:darealshinji
        -:  115:    Baldur Karlsson         Kevin Schmidt      JR Smith             github:Michaelangel007
        -:  116:                            Brad Weinberger    Matvey Cherevko      github:mosra
        -:  117:    Luca Sas                Alexander Veselov  Zack Middleton       [reserved]
        -:  118:    Ryan C. Gordon          [reserved]                              [reserved]
        -:  119:                     DO NOT ADD YOUR NAME HERE
        -:  120:
        -:  121:                     Jacko Dirks
        -:  122:
        -:  123:  To add your name to the credits, pick a random blank space in the middle and fill it.
        -:  124:  80% of merge conflicts on stb PRs are due to people adding their name at the end
        -:  125:  of the credits.
        -:  126:*/
        -:  127:
        -:  128:#ifndef STBI_INCLUDE_STB_IMAGE_H
        -:  129:#define STBI_INCLUDE_STB_IMAGE_H
        -:  130:
        -:  131:// DOCUMENTATION
        -:  132://
        -:  133:// Limitations:
        -:  134://    - no 12-bit-per-channel JPEG
        -:  135://    - no JPEGs with arithmetic coding
        -:  136://    - GIF always returns *comp=4
        -:  137://
        -:  138:// Basic usage (see HDR discussion below for HDR usage):
        -:  139://    int x,y,n;
        -:  140://    unsigned char *data = stbi_load(filename, &x, &y, &n, 0);
        -:  141://    // ... process data if not NULL ...
        -:  142://    // ... x = width, y = height, n = # 8-bit components per pixel ...
        -:  143://    // ... replace '0' with '1'..'4' to force that many components per pixel
        -:  144://    // ... but 'n' will always be the number that it would have been if you said 0
        -:  145://    stbi_image_free(data)
        -:  146://
        -:  147:// Standard parameters:
        -:  148://    int *x                 -- outputs image width in pixels
        -:  149://    int *y                 -- outputs image height in pixels
        -:  150://    int *channels_in_file  -- outputs # of image components in image file
        -:  151://    int desired_channels   -- if non-zero, # of image components requested in result
        -:  152://
        -:  153:// The return value from an image loader is an 'unsigned char *' which points
        -:  154:// to the pixel data, or NULL on an allocation failure or if the image is
        -:  155:// corrupt or invalid. The pixel data consists of *y scanlines of *x pixels,
        -:  156:// with each pixel consisting of N interleaved 8-bit components; the first
        -:  157:// pixel pointed to is top-left-most in the image. There is no padding between
        -:  158:// image scanlines or between pixels, regardless of format. The number of
        -:  159:// components N is 'desired_channels' if desired_channels is non-zero, or
        -:  160:// *channels_in_file otherwise. If desired_channels is non-zero,
        -:  161:// *channels_in_file has the number of components that _would_ have been
        -:  162:// output otherwise. E.g. if you set desired_channels to 4, you will always
        -:  163:// get RGBA output, but you can check *channels_in_file to see if it's trivially
        -:  164:// opaque because e.g. there were only 3 channels in the source image.
        -:  165://
        -:  166:// An output image with N components has the following components interleaved
        -:  167:// in this order in each pixel:
        -:  168://
        -:  169://     N=#comp     components
        -:  170://       1           grey
        -:  171://       2           grey, alpha
        -:  172://       3           red, green, blue
        -:  173://       4           red, green, blue, alpha
        -:  174://
        -:  175:// If image loading fails for any reason, the return value will be NULL,
        -:  176:// and *x, *y, *channels_in_file will be unchanged. The function
        -:  177:// stbi_failure_reason() can be queried for an extremely brief, end-user
        -:  178:// unfriendly explanation of why the load failed. Define STBI_NO_FAILURE_STRINGS
        -:  179:// to avoid compiling these strings at all, and STBI_FAILURE_USERMSG to get slightly
        -:  180:// more user-friendly ones.
        -:  181://
        -:  182:// Paletted PNG, BMP, GIF, and PIC images are automatically depalettized.
        -:  183://
        -:  184:// To query the width, height and component count of an image without having to
        -:  185:// decode the full file, you can use the stbi_info family of functions:
        -:  186://
        -:  187://   int x,y,n,ok;
        -:  188://   ok = stbi_info(filename, &x, &y, &n);
        -:  189://   // returns ok=1 and sets x, y, n if image is a supported format,
        -:  190://   // 0 otherwise.
        -:  191://
        -:  192:// Note that stb_image pervasively uses ints in its public API for sizes,
        -:  193:// including sizes of memory buffers. This is now part of the API and thus
        -:  194:// hard to change without causing breakage. As a result, the various image
        -:  195:// loaders all have certain limits on image size; these differ somewhat
        -:  196:// by format but generally boil down to either just under 2GB or just under
        -:  197:// 1GB. When the decoded image would be larger than this, stb_image decoding
        -:  198:// will fail.
        -:  199://
        -:  200:// Additionally, stb_image will reject image files that have any of their
        -:  201:// dimensions set to a larger value than the configurable STBI_MAX_DIMENSIONS,
        -:  202:// which defaults to 2**24 = 16777216 pixels. Due to the above memory limit,
        -:  203:// the only way to have an image with such dimensions load correctly
        -:  204:// is for it to have a rather extreme aspect ratio. Either way, the
        -:  205:// assumption here is that such larger images are likely to be malformed
        -:  206:// or malicious. If you do need to load an image with individual dimensions
        -:  207:// larger than that, and it still fits in the overall size limit, you can
        -:  208:// #define STBI_MAX_DIMENSIONS on your own to be something larger.
        -:  209://
        -:  210:// ===========================================================================
        -:  211://
        -:  212:// UNICODE:
        -:  213://
        -:  214://   If compiling for Windows and you wish to use Unicode filenames, compile
        -:  215://   with
        -:  216://       #define STBI_WINDOWS_UTF8
        -:  217://   and pass utf8-encoded filenames. Call stbi_convert_wchar_to_utf8 to convert
        -:  218://   Windows wchar_t filenames to utf8.
        -:  219://
        -:  220:// ===========================================================================
        -:  221://
        -:  222:// Philosophy
        -:  223://
        -:  224:// stb libraries are designed with the following priorities:
        -:  225://
        -:  226://    1. easy to use
        -:  227://    2. easy to maintain
        -:  228://    3. good performance
        -:  229://
        -:  230:// Sometimes I let "good performance" creep up in priority over "easy to maintain",
        -:  231:// and for best performance I may provide less-easy-to-use APIs that give higher
        -:  232:// performance, in addition to the easy-to-use ones. Nevertheless, it's important
        -:  233:// to keep in mind that from the standpoint of you, a client of this library,
        -:  234:// all you care about is #1 and #3, and stb libraries DO NOT emphasize #3 above all.
        -:  235://
        -:  236:// Some secondary priorities arise directly from the first two, some of which
        -:  237:// provide more explicit reasons why performance can't be emphasized.
        -:  238://
        -:  239://    - Portable ("ease of use")
        -:  240://    - Small source code footprint ("easy to maintain")
        -:  241://    - No dependencies ("ease of use")
        -:  242://
        -:  243:// ===========================================================================
        -:  244://
        -:  245:// I/O callbacks
        -:  246://
        -:  247:// I/O callbacks allow you to read from arbitrary sources, like packaged
        -:  248:// files or some other source. Data read from callbacks are processed
        -:  249:// through a small internal buffer (currently 128 bytes) to try to reduce
        -:  250:// overhead.
        -:  251://
        -:  252:// The three functions you must define are "read" (reads some bytes of data),
        -:  253:// "skip" (skips some bytes of data), "eof" (reports if the stream is at the end).
        -:  254://
        -:  255:// ===========================================================================
        -:  256://
        -:  257:// SIMD support
        -:  258://
        -:  259:// The JPEG decoder will try to automatically use SIMD kernels on x86 when
        -:  260:// supported by the compiler. For ARM Neon support, you must explicitly
        -:  261:// request it.
        -:  262://
        -:  263:// (The old do-it-yourself SIMD API is no longer supported in the current
        -:  264:// code.)
        -:  265://
        -:  266:// On x86, SSE2 will automatically be used when available based on a run-time
        -:  267:// test; if not, the generic C versions are used as a fall-back. On ARM targets,
        -:  268:// the typical path is to have separate builds for NEON and non-NEON devices
        -:  269:// (at least this is true for iOS and Android). Therefore, the NEON support is
        -:  270:// toggled by a build flag: define STBI_NEON to get NEON loops.
        -:  271://
        -:  272:// If for some reason you do not want to use any of SIMD code, or if
        -:  273:// you have issues compiling it, you can disable it entirely by
        -:  274:// defining STBI_NO_SIMD.
        -:  275://
        -:  276:// ===========================================================================
        -:  277://
        -:  278:// HDR image support   (disable by defining STBI_NO_HDR)
        -:  279://
        -:  280:// stb_image supports loading HDR images in general, and currently the Radiance
        -:  281:// .HDR file format specifically. You can still load any file through the existing
        -:  282:// interface; if you attempt to load an HDR file, it will be automatically remapped
        -:  283:// to LDR, assuming gamma 2.2 and an arbitrary scale factor defaulting to 1;
        -:  284:// both of these constants can be reconfigured through this interface:
        -:  285://
        -:  286://     stbi_hdr_to_ldr_gamma(2.2f);
        -:  287://     stbi_hdr_to_ldr_scale(1.0f);
        -:  288://
        -:  289:// (note, do not use _inverse_ constants; stbi_image will invert them
        -:  290:// appropriately).
        -:  291://
        -:  292:// Additionally, there is a new, parallel interface for loading files as
        -:  293:// (linear) floats to preserve the full dynamic range:
        -:  294://
        -:  295://    float *data = stbi_loadf(filename, &x, &y, &n, 0);
        -:  296://
        -:  297:// If you load LDR images through this interface, those images will
        -:  298:// be promoted to floating point values, run through the inverse of
        -:  299:// constants corresponding to the above:
        -:  300://
        -:  301://     stbi_ldr_to_hdr_scale(1.0f);
        -:  302://     stbi_ldr_to_hdr_gamma(2.2f);
        -:  303://
        -:  304:// Finally, given a filename (or an open file or memory block--see header
        -:  305:// file for details) containing image data, you can query for the "most
        -:  306:// appropriate" interface to use (that is, whether the image is HDR or
        -:  307:// not), using:
        -:  308://
        -:  309://     stbi_is_hdr(char *filename);
        -:  310://
        -:  311:// ===========================================================================
        -:  312://
        -:  313:// iPhone PNG support:
        -:  314://
        -:  315:// We optionally support converting iPhone-formatted PNGs (which store
        -:  316:// premultiplied BGRA) back to RGB, even though they're internally encoded
        -:  317:// differently. To enable this conversion, call
        -:  318:// stbi_convert_iphone_png_to_rgb(1).
        -:  319://
        -:  320:// Call stbi_set_unpremultiply_on_load(1) as well to force a divide per
        -:  321:// pixel to remove any premultiplied alpha *only* if the image file explicitly
        -:  322:// says there's premultiplied data (currently only happens in iPhone images,
        -:  323:// and only if iPhone convert-to-rgb processing is on).
        -:  324://
        -:  325:// ===========================================================================
        -:  326://
        -:  327:// ADDITIONAL CONFIGURATION
        -:  328://
        -:  329://  - You can suppress implementation of any of the decoders to reduce
        -:  330://    your code footprint by #defining one or more of the following
        -:  331://    symbols before creating the implementation.
        -:  332://
        -:  333://        STBI_NO_JPEG
        -:  334://        STBI_NO_PNG
        -:  335://        STBI_NO_BMP
        -:  336://        STBI_NO_PSD
        -:  337://        STBI_NO_TGA
        -:  338://        STBI_NO_GIF
        -:  339://        STBI_NO_HDR
        -:  340://        STBI_NO_PIC
        -:  341://        STBI_NO_PNM   (.ppm and .pgm)
        -:  342://
        -:  343://  - You can request *only* certain decoders and suppress all other ones
        -:  344://    (this will be more forward-compatible, as addition of new decoders
        -:  345://    doesn't require you to disable them explicitly):
        -:  346://
        -:  347://        STBI_ONLY_JPEG
        -:  348://        STBI_ONLY_PNG
        -:  349://        STBI_ONLY_BMP
        -:  350://        STBI_ONLY_PSD
        -:  351://        STBI_ONLY_TGA
        -:  352://        STBI_ONLY_GIF
        -:  353://        STBI_ONLY_HDR
        -:  354://        STBI_ONLY_PIC
        -:  355://        STBI_ONLY_PNM   (.ppm and .pgm)
        -:  356://
        -:  357://   - If you use STBI_NO_PNG (or _ONLY_ without PNG), and you still
        -:  358://     want the zlib decoder to be available, #define STBI_SUPPORT_ZLIB
        -:  359://
        -:  360://  - If you define STBI_MAX_DIMENSIONS, stb_image will reject images greater
        -:  361://    than that size (in either width or height) without further processing.
        -:  362://    This is to let programs in the wild set an upper bound to prevent
        -:  363://    denial-of-service attacks on untrusted data, as one could generate a
        -:  364://    valid image of gigantic dimensions and force stb_image to allocate a
        -:  365://    huge block of memory and spend disproportionate time decoding it. By
        -:  366://    default this is set to (1 << 24), which is 16777216, but that's still
        -:  367://    very big.
        -:  368:
        -:  369:#ifndef STBI_NO_STDIO
        -:  370:#include <stdio.h>
        -:  371:#endif // STBI_NO_STDIO
        -:  372:
        -:  373:#define STBI_VERSION 1
        -:  374:
        -:  375:enum
        -:  376:{
        -:  377:    STBI_default = 0, // only used for desired_channels
        -:  378:
        -:  379:    STBI_grey       = 1,
        -:  380:    STBI_grey_alpha = 2,
        -:  381:    STBI_rgb        = 3,
        -:  382:    STBI_rgb_alpha  = 4
        -:  383:};
        -:  384:
        -:  385:#include <stdlib.h>
        -:  386:typedef unsigned char stbi_uc;
        -:  387:typedef unsigned short stbi_us;
        -:  388:
        -:  389:#ifdef __cplusplus
        -:  390:extern "C" {
        -:  391:#endif
        -:  392:
        -:  393:#ifndef STBIDEF
        -:  394:#ifdef STB_IMAGE_STATIC
        -:  395:#define STBIDEF static
        -:  396:#else
        -:  397:#define STBIDEF extern
        -:  398:#endif
        -:  399:#endif
        -:  400:
        -:  401://////////////////////////////////////////////////////////////////////////////
        -:  402://
        -:  403:// PRIMARY API - works on images of any type
        -:  404://
        -:  405:
        -:  406://
        -:  407:// load image by filename, open file, or memory buffer
        -:  408://
        -:  409:
        -:  410:typedef struct
        -:  411:{
        -:  412:    int      (*read)  (void *user,char *data,int size);   // fill 'data' with 'size' bytes.  return number of bytes actually read
        -:  413:    void     (*skip)  (void *user,int n);                 // skip the next 'n' bytes, or 'unget' the last -n bytes if negative
        -:  414:    int      (*eof)   (void *user);                       // returns nonzero if we are at end of file/data
        -:  415:} stbi_io_callbacks;
        -:  416:
        -:  417:////////////////////////////////////
        -:  418://
        -:  419:// 8-bits-per-channel interface
        -:  420://
        -:  421:
        -:  422:STBIDEF stbi_uc *stbi_load_from_memory   (stbi_uc           const *buffer, int len   , int *x, int *y, int *channels_in_file, int desired_channels);
        -:  423:STBIDEF stbi_uc *stbi_load_from_callbacks(stbi_io_callbacks const *clbk  , void *user, int *x, int *y, int *channels_in_file, int desired_channels);
        -:  424:
        -:  425:#ifndef STBI_NO_STDIO
        -:  426:STBIDEF stbi_uc *stbi_load            (char const *filename, int *x, int *y, int *channels_in_file, int desired_channels);
        -:  427:STBIDEF stbi_uc *stbi_load_from_file  (FILE *f, int *x, int *y, int *channels_in_file, int desired_channels);
        -:  428:// for stbi_load_from_file, file pointer is left pointing immediately after image
        -:  429:#endif
        -:  430:
        -:  431:#ifndef STBI_NO_GIF
        -:  432:STBIDEF stbi_uc *stbi_load_gif_from_memory(stbi_uc const *buffer, int len, int **delays, int *x, int *y, int *z, int *comp, int req_comp);
        -:  433:#endif
        -:  434:
        -:  435:#ifdef STBI_WINDOWS_UTF8
        -:  436:STBIDEF int stbi_convert_wchar_to_utf8(char *buffer, size_t bufferlen, const wchar_t* input);
        -:  437:#endif
        -:  438:
        -:  439:////////////////////////////////////
        -:  440://
        -:  441:// 16-bits-per-channel interface
        -:  442://
        -:  443:
        -:  444:STBIDEF stbi_us *stbi_load_16_from_memory   (stbi_uc const *buffer, int len, int *x, int *y, int *channels_in_file, int desired_channels);
        -:  445:STBIDEF stbi_us *stbi_load_16_from_callbacks(stbi_io_callbacks const *clbk, void *user, int *x, int *y, int *channels_in_file, int desired_channels);
        -:  446:
        -:  447:#ifndef STBI_NO_STDIO
        -:  448:STBIDEF stbi_us *stbi_load_16          (char const *filename, int *x, int *y, int *channels_in_file, int desired_channels);
        -:  449:STBIDEF stbi_us *stbi_load_from_file_16(FILE *f, int *x, int *y, int *channels_in_file, int desired_channels);
        -:  450:#endif
        -:  451:
        -:  452:////////////////////////////////////
        -:  453://
        -:  454:// float-per-channel interface
        -:  455://
        -:  456:#ifndef STBI_NO_LINEAR
        -:  457:STBIDEF float *stbi_loadf_from_memory     (stbi_uc const *buffer, int len, int *x, int *y, int *channels_in_file, int desired_channels);
        -:  458:STBIDEF float *stbi_loadf_from_callbacks  (stbi_io_callbacks const *clbk, void *user, int *x, int *y,  int *channels_in_file, int desired_channels);
        -:  459:
        -:  460:#ifndef STBI_NO_STDIO
        -:  461:STBIDEF float *stbi_loadf            (char const *filename, int *x, int *y, int *channels_in_file, int desired_channels);
        -:  462:STBIDEF float *stbi_loadf_from_file  (FILE *f, int *x, int *y, int *channels_in_file, int desired_channels);
        -:  463:#endif
        -:  464:#endif
        -:  465:
        -:  466:#ifndef STBI_NO_HDR
        -:  467:STBIDEF void   stbi_hdr_to_ldr_gamma(float gamma);
        -:  468:STBIDEF void   stbi_hdr_to_ldr_scale(float scale);
        -:  469:#endif // STBI_NO_HDR
        -:  470:
        -:  471:#ifndef STBI_NO_LINEAR
        -:  472:STBIDEF void   stbi_ldr_to_hdr_gamma(float gamma);
        -:  473:STBIDEF void   stbi_ldr_to_hdr_scale(float scale);
        -:  474:#endif // STBI_NO_LINEAR
        -:  475:
        -:  476:// stbi_is_hdr is always defined, but always returns false if STBI_NO_HDR
        -:  477:STBIDEF int    stbi_is_hdr_from_callbacks(stbi_io_callbacks const *clbk, void *user);
        -:  478:STBIDEF int    stbi_is_hdr_from_memory(stbi_uc const *buffer, int len);
        -:  479:#ifndef STBI_NO_STDIO
        -:  480:STBIDEF int      stbi_is_hdr          (char const *filename);
        -:  481:STBIDEF int      stbi_is_hdr_from_file(FILE *f);
        -:  482:#endif // STBI_NO_STDIO
        -:  483:
        -:  484:
        -:  485:// get a VERY brief reason for failure
        -:  486:// on most compilers (and ALL modern mainstream compilers) this is threadsafe
        -:  487:STBIDEF const char *stbi_failure_reason  (void);
        -:  488:
        -:  489:// free the loaded image -- this is just free()
        -:  490:STBIDEF void     stbi_image_free      (void *retval_from_stbi_load);
        -:  491:
        -:  492:// get image dimensions & components without fully decoding
        -:  493:STBIDEF int      stbi_info_from_memory(stbi_uc const *buffer, int len, int *x, int *y, int *comp);
        -:  494:STBIDEF int      stbi_info_from_callbacks(stbi_io_callbacks const *clbk, void *user, int *x, int *y, int *comp);
        -:  495:STBIDEF int      stbi_is_16_bit_from_memory(stbi_uc const *buffer, int len);
        -:  496:STBIDEF int      stbi_is_16_bit_from_callbacks(stbi_io_callbacks const *clbk, void *user);
        -:  497:
        -:  498:#ifndef STBI_NO_STDIO
        -:  499:STBIDEF int      stbi_info               (char const *filename,     int *x, int *y, int *comp);
        -:  500:STBIDEF int      stbi_info_from_file     (FILE *f,                  int *x, int *y, int *comp);
        -:  501:STBIDEF int      stbi_is_16_bit          (char const *filename);
        -:  502:STBIDEF int      stbi_is_16_bit_from_file(FILE *f);
        -:  503:#endif
        -:  504:
        -:  505:
        -:  506:
        -:  507:// for image formats that explicitly notate that they have premultiplied alpha,
        -:  508:// we just return the colors as stored in the file. set this flag to force
        -:  509:// unpremultiplication. results are undefined if the unpremultiply overflow.
        -:  510:STBIDEF void stbi_set_unpremultiply_on_load(int flag_true_if_should_unpremultiply);
        -:  511:
        -:  512:// indicate whether we should process iphone images back to canonical format,
        -:  513:// or just pass them through "as-is"
        -:  514:STBIDEF void stbi_convert_iphone_png_to_rgb(int flag_true_if_should_convert);
        -:  515:
        -:  516:// flip the image vertically, so the first pixel in the output array is the bottom left
        -:  517:STBIDEF void stbi_set_flip_vertically_on_load(int flag_true_if_should_flip);
        -:  518:
        -:  519:// as above, but only applies to images loaded on the thread that calls the function
        -:  520:// this function is only available if your compiler supports thread-local variables;
        -:  521:// calling it will fail to link if your compiler doesn't
        -:  522:STBIDEF void stbi_set_unpremultiply_on_load_thread(int flag_true_if_should_unpremultiply);
        -:  523:STBIDEF void stbi_convert_iphone_png_to_rgb_thread(int flag_true_if_should_convert);
        -:  524:STBIDEF void stbi_set_flip_vertically_on_load_thread(int flag_true_if_should_flip);
        -:  525:
        -:  526:// ZLIB client - used by PNG, available for other purposes
        -:  527:
        -:  528:STBIDEF char *stbi_zlib_decode_malloc_guesssize(const char *buffer, int len, int initial_size, int *outlen);
        -:  529:STBIDEF char *stbi_zlib_decode_malloc_guesssize_headerflag(const char *buffer, int len, int initial_size, int *outlen, int parse_header);
        -:  530:STBIDEF char *stbi_zlib_decode_malloc(const char *buffer, int len, int *outlen);
        -:  531:STBIDEF int   stbi_zlib_decode_buffer(char *obuffer, int olen, const char *ibuffer, int ilen);
        -:  532:
        -:  533:STBIDEF char *stbi_zlib_decode_noheader_malloc(const char *buffer, int len, int *outlen);
        -:  534:STBIDEF int   stbi_zlib_decode_noheader_buffer(char *obuffer, int olen, const char *ibuffer, int ilen);
        -:  535:
        -:  536:
        -:  537:#ifdef __cplusplus
        -:  538:}
        -:  539:#endif
        -:  540:
        -:  541://
        -:  542://
        -:  543:////   end header file   /////////////////////////////////////////////////////
        -:  544:#endif // STBI_INCLUDE_STB_IMAGE_H
        -:  545:
        -:  546:#ifdef STB_IMAGE_IMPLEMENTATION
        -:  547:
        -:  548:#if defined(STBI_ONLY_JPEG) || defined(STBI_ONLY_PNG) || defined(STBI_ONLY_BMP) \
        -:  549:  || defined(STBI_ONLY_TGA) || defined(STBI_ONLY_GIF) || defined(STBI_ONLY_PSD) \
        -:  550:  || defined(STBI_ONLY_HDR) || defined(STBI_ONLY_PIC) || defined(STBI_ONLY_PNM) \
        -:  551:  || defined(STBI_ONLY_ZLIB)
        -:  552:   #ifndef STBI_ONLY_JPEG
        -:  553:   #define STBI_NO_JPEG
        -:  554:   #endif
        -:  555:   #ifndef STBI_ONLY_PNG
        -:  556:   #define STBI_NO_PNG
        -:  557:   #endif
        -:  558:   #ifndef STBI_ONLY_BMP
        -:  559:   #define STBI_NO_BMP
        -:  560:   #endif
        -:  561:   #ifndef STBI_ONLY_PSD
        -:  562:   #define STBI_NO_PSD
        -:  563:   #endif
        -:  564:   #ifndef STBI_ONLY_TGA
        -:  565:   #define STBI_NO_TGA
        -:  566:   #endif
        -:  567:   #ifndef STBI_ONLY_GIF
        -:  568:   #define STBI_NO_GIF
        -:  569:   #endif
        -:  570:   #ifndef STBI_ONLY_HDR
        -:  571:   #define STBI_NO_HDR
        -:  572:   #endif
        -:  573:   #ifndef STBI_ONLY_PIC
        -:  574:   #define STBI_NO_PIC
        -:  575:   #endif
        -:  576:   #ifndef STBI_ONLY_PNM
        -:  577:   #define STBI_NO_PNM
        -:  578:   #endif
        -:  579:#endif
        -:  580:
        -:  581:#if defined(STBI_NO_PNG) && !defined(STBI_SUPPORT_ZLIB) && !defined(STBI_NO_ZLIB)
        -:  582:#define STBI_NO_ZLIB
        -:  583:#endif
        -:  584:
        -:  585:
        -:  586:#include <stdarg.h>
        -:  587:#include <stddef.h> // ptrdiff_t on osx
        -:  588:#include <stdlib.h>
        -:  589:#include <string.h>
        -:  590:#include <limits.h>
        -:  591:
        -:  592:#if !defined(STBI_NO_LINEAR) || !defined(STBI_NO_HDR)
        -:  593:#include <math.h>  // ldexp, pow
        -:  594:#endif
        -:  595:
        -:  596:#ifndef STBI_NO_STDIO
        -:  597:#include <stdio.h>
        -:  598:#endif
        -:  599:
        -:  600:#ifndef STBI_ASSERT
        -:  601:#include <assert.h>
        -:  602:#define STBI_ASSERT(x) assert(x)
        -:  603:#endif
        -:  604:
        -:  605:#ifdef __cplusplus
        -:  606:#define STBI_EXTERN extern "C"
        -:  607:#else
        -:  608:#define STBI_EXTERN extern
        -:  609:#endif
        -:  610:
        -:  611:
        -:  612:#ifndef _MSC_VER
        -:  613:   #ifdef __cplusplus
        -:  614:   #define stbi_inline inline
        -:  615:   #else
        -:  616:   #define stbi_inline
        -:  617:   #endif
        -:  618:#else
        -:  619:   #define stbi_inline __forceinline
        -:  620:#endif
        -:  621:
        -:  622:#ifndef STBI_NO_THREAD_LOCALS
        -:  623:   #if defined(__cplusplus) &&  __cplusplus >= 201103L
        -:  624:      #define STBI_THREAD_LOCAL       thread_local
        -:  625:   #elif defined(__GNUC__) && __GNUC__ < 5
        -:  626:      #define STBI_THREAD_LOCAL       __thread
        -:  627:   #elif defined(_MSC_VER)
        -:  628:      #define STBI_THREAD_LOCAL       __declspec(thread)
        -:  629:   #elif defined (__STDC_VERSION__) && __STDC_VERSION__ >= 201112L && !defined(__STDC_NO_THREADS__)
        -:  630:      #define STBI_THREAD_LOCAL       _Thread_local
        -:  631:   #endif
        -:  632:
        -:  633:   #ifndef STBI_THREAD_LOCAL
        -:  634:      #if defined(__GNUC__)
        -:  635:        #define STBI_THREAD_LOCAL       __thread
        -:  636:      #endif
        -:  637:   #endif
        -:  638:#endif
        -:  639:
        -:  640:#ifdef _MSC_VER
        -:  641:typedef unsigned short stbi__uint16;
        -:  642:typedef   signed short stbi__int16;
        -:  643:typedef unsigned int   stbi__uint32;
        -:  644:typedef   signed int   stbi__int32;
        -:  645:#else
        -:  646:#include <stdint.h>
        -:  647:typedef uint16_t stbi__uint16;
        -:  648:typedef int16_t  stbi__int16;
        -:  649:typedef uint32_t stbi__uint32;
        -:  650:typedef int32_t  stbi__int32;
        -:  651:#endif
        -:  652:
        -:  653:// should produce compiler error if size is wrong
        -:  654:typedef unsigned char validate_uint32[sizeof(stbi__uint32)==4 ? 1 : -1];
        -:  655:
        -:  656:#ifdef _MSC_VER
        -:  657:#define STBI_NOTUSED(v)  (void)(v)
        -:  658:#else
        -:  659:#define STBI_NOTUSED(v)  (void)sizeof(v)
        -:  660:#endif
        -:  661:
        -:  662:#ifdef _MSC_VER
        -:  663:#define STBI_HAS_LROTL
        -:  664:#endif
        -:  665:
        -:  666:#ifdef STBI_HAS_LROTL
        -:  667:   #define stbi_lrot(x,y)  _lrotl(x,y)
        -:  668:#else
        -:  669:   #define stbi_lrot(x,y)  (((x) << (y)) | ((x) >> (-(y) & 31)))
        -:  670:#endif
        -:  671:
        -:  672:#if defined(STBI_MALLOC) && defined(STBI_FREE) && (defined(STBI_REALLOC) || defined(STBI_REALLOC_SIZED))
        -:  673:// ok
        -:  674:#elif !defined(STBI_MALLOC) && !defined(STBI_FREE) && !defined(STBI_REALLOC) && !defined(STBI_REALLOC_SIZED)
        -:  675:// ok
        -:  676:#else
        -:  677:#error "Must define all or none of STBI_MALLOC, STBI_FREE, and STBI_REALLOC (or STBI_REALLOC_SIZED)."
        -:  678:#endif
        -:  679:
        -:  680:#ifndef STBI_MALLOC
        -:  681:#define STBI_MALLOC(sz)           malloc(sz)
        -:  682:#define STBI_REALLOC(p,newsz)     realloc(p,newsz)
        -:  683:#define STBI_FREE(p)              free(p)
        -:  684:#endif
        -:  685:
        -:  686:#ifndef STBI_REALLOC_SIZED
        -:  687:#define STBI_REALLOC_SIZED(p,oldsz,newsz) STBI_REALLOC(p,newsz)
        -:  688:#endif
        -:  689:
        -:  690:// x86/x64 detection
        -:  691:#if defined(__x86_64__) || defined(_M_X64)
        -:  692:#define STBI__X64_TARGET
        -:  693:#elif defined(__i386) || defined(_M_IX86)
        -:  694:#define STBI__X86_TARGET
        -:  695:#endif
        -:  696:
        -:  697:#if defined(__GNUC__) && defined(STBI__X86_TARGET) && !defined(__SSE2__) && !defined(STBI_NO_SIMD)
        -:  698:// gcc doesn't support sse2 intrinsics unless you compile with -msse2,
        -:  699:// which in turn means it gets to use SSE2 everywhere. This is unfortunate,
        -:  700:// but previous attempts to provide the SSE2 functions with runtime
        -:  701:// detection caused numerous issues. The way architecture extensions are
        -:  702:// exposed in GCC/Clang is, sadly, not really suited for one-file libs.
        -:  703:// New behavior: if compiled with -msse2, we use SSE2 without any
        -:  704:// detection; if not, we don't use it at all.
        -:  705:#define STBI_NO_SIMD
        -:  706:#endif
        -:  707:
        -:  708:#if defined(__MINGW32__) && defined(STBI__X86_TARGET) && !defined(STBI_MINGW_ENABLE_SSE2) && !defined(STBI_NO_SIMD)
        -:  709:// Note that __MINGW32__ doesn't actually mean 32-bit, so we have to avoid STBI__X64_TARGET
        -:  710://
        -:  711:// 32-bit MinGW wants ESP to be 16-byte aligned, but this is not in the
        -:  712:// Windows ABI and VC++ as well as Windows DLLs don't maintain that invariant.
        -:  713:// As a result, enabling SSE2 on 32-bit MinGW is dangerous when not
        -:  714:// simultaneously enabling "-mstackrealign".
        -:  715://
        -:  716:// See https://github.com/nothings/stb/issues/81 for more information.
        -:  717://
        -:  718:// So default to no SSE2 on 32-bit MinGW. If you've read this far and added
        -:  719:// -mstackrealign to your build settings, feel free to #define STBI_MINGW_ENABLE_SSE2.
        -:  720:#define STBI_NO_SIMD
        -:  721:#endif
        -:  722:
        -:  723:#if !defined(STBI_NO_SIMD) && (defined(STBI__X86_TARGET) || defined(STBI__X64_TARGET))
        -:  724:#define STBI_SSE2
        -:  725:#include <emmintrin.h>
        -:  726:
        -:  727:#ifdef _MSC_VER
        -:  728:
        -:  729:#if _MSC_VER >= 1400  // not VC6
        -:  730:#include <intrin.h> // __cpuid
        -:  731:static int stbi__cpuid3(void)
        -:  732:{
        -:  733:   int info[4];
        -:  734:   __cpuid(info,1);
        -:  735:   return info[3];
        -:  736:}
        -:  737:#else
        -:  738:static int stbi__cpuid3(void)
        -:  739:{
        -:  740:   int res;
        -:  741:   __asm {
        -:  742:      mov  eax,1
        -:  743:      cpuid
        -:  744:      mov  res,edx
        -:  745:   }
        -:  746:   return res;
        -:  747:}
        -:  748:#endif
        -:  749:
        -:  750:#define STBI_SIMD_ALIGN(type, name) __declspec(align(16)) type name
        -:  751:
        -:  752:#if !defined(STBI_NO_JPEG) && defined(STBI_SSE2)
        -:  753:static int stbi__sse2_available(void)
        -:  754:{
        -:  755:   int info3 = stbi__cpuid3();
        -:  756:   return ((info3 >> 26) & 1) != 0;
        -:  757:}
        -:  758:#endif
        -:  759:
        -:  760:#else // assume GCC-style if not VC++
        -:  761:#define STBI_SIMD_ALIGN(type, name) type name __attribute__((aligned(16)))
        -:  762:
        -:  763:#if !defined(STBI_NO_JPEG) && defined(STBI_SSE2)
        -:  764:static int stbi__sse2_available(void)
        -:  765:{
        -:  766:   // If we're even attempting to compile this on GCC/Clang, that means
        -:  767:   // -msse2 is on, which means the compiler is allowed to use SSE2
        -:  768:   // instructions at will, and so are we.
        -:  769:   return 1;
        -:  770:}
        -:  771:#endif
        -:  772:
        -:  773:#endif
        -:  774:#endif
        -:  775:
        -:  776:// ARM NEON
        -:  777:#if defined(STBI_NO_SIMD) && defined(STBI_NEON)
        -:  778:#undef STBI_NEON
        -:  779:#endif
        -:  780:
        -:  781:#ifdef STBI_NEON
        -:  782:#include <arm_neon.h>
        -:  783:#ifdef _MSC_VER
        -:  784:#define STBI_SIMD_ALIGN(type, name) __declspec(align(16)) type name
        -:  785:#else
        -:  786:#define STBI_SIMD_ALIGN(type, name) type name __attribute__((aligned(16)))
        -:  787:#endif
        -:  788:#endif
        -:  789:
        -:  790:#ifndef STBI_SIMD_ALIGN
        -:  791:#define STBI_SIMD_ALIGN(type, name) type name
        -:  792:#endif
        -:  793:
        -:  794:#ifndef STBI_MAX_DIMENSIONS
        -:  795:#define STBI_MAX_DIMENSIONS (1 << 24)
        -:  796:#endif
        -:  797:
        -:  798:///////////////////////////////////////////////
        -:  799://
        -:  800://  stbi__context struct and start_xxx functions
        -:  801:
        -:  802:// stbi__context structure is our basic context used by all images, so it
        -:  803:// contains all the IO context, plus some basic image information
        -:  804:typedef struct
        -:  805:{
        -:  806:   stbi__uint32 img_x, img_y;
        -:  807:   int img_n, img_out_n;
        -:  808:
        -:  809:   stbi_io_callbacks io;
        -:  810:   void *io_user_data;
        -:  811:
        -:  812:   int read_from_callbacks;
        -:  813:   int buflen;
        -:  814:   stbi_uc buffer_start[128];
        -:  815:   int callback_already_read;
        -:  816:
        -:  817:   stbi_uc *img_buffer, *img_buffer_end;
        -:  818:   stbi_uc *img_buffer_original, *img_buffer_original_end;
        -:  819:} stbi__context;
        -:  820:
        -:  821:
        -:  822:static void stbi__refill_buffer(stbi__context *s);
        -:  823:
        -:  824:// initialize a memory-decode context
        -:  825:static void stbi__start_mem(stbi__context *s, stbi_uc const *buffer, int len)
        -:  826:{
    #####:  827:   s->io.read = NULL;
    #####:  828:   s->read_from_callbacks = 0;
    #####:  829:   s->callback_already_read = 0;
    #####:  830:   s->img_buffer = s->img_buffer_original = (stbi_uc *) buffer;
    #####:  831:   s->img_buffer_end = s->img_buffer_original_end = (stbi_uc *) buffer+len;
        -:  832:}
        -:  833:
        -:  834:// initialize a callback-based context
        -:  835:static void stbi__start_callbacks(stbi__context *s, stbi_io_callbacks *c, void *user)
        -:  836:{
       1*:  837:   s->io = *c;
       1*:  838:   s->io_user_data = user;
       1*:  839:   s->buflen = sizeof(s->buffer_start);
       1*:  840:   s->read_from_callbacks = 1;
       1*:  841:   s->callback_already_read = 0;
       1*:  842:   s->img_buffer = s->img_buffer_original = s->buffer_start;
    #####:  843:   stbi__refill_buffer(s);
call    0 never executed
call    1 never executed
call    2 never executed
       1*:  844:   s->img_buffer_original_end = s->img_buffer_end;
        -:  845:}
        -:  846:
        -:  847:#ifndef STBI_NO_STDIO
        -:  848:
function _ZL16stbi__stdio_readPvPci called 218 returned 100% blocks executed 30%
      218:  849:static int stbi__stdio_read(void *user, char *data, int size)
        -:  850:{
      218:  851:   return (int) fread(data,1,size,(FILE*) user);
      218:  851-block  0
branch  0 taken 0 (fallthrough)
branch  1 taken 218
        -:  852:}
        -:  853:
function _ZL16stbi__stdio_skipPvi called 3 returned 100% blocks executed 100%
        3:  854:static void stbi__stdio_skip(void *user, int n)
        -:  855:{
        -:  856:   int ch;
        3:  857:   fseek((FILE*) user, n, SEEK_CUR);
        3:  857-block  0
call    0 returned 3
        3:  858:   ch = fgetc((FILE*) user);  /* have to read a byte to reset feof()'s flag */
call    0 returned 3
        3:  859:   if (ch != EOF) {
branch  0 taken 3 (fallthrough)
branch  1 taken 0
        3:  860:      ungetc(ch, (FILE *) user);  /* push byte back onto stream if valid. */
        3:  860-block  0
call    0 returned 3
        -:  861:   }
        3:  862:}
        -:  863:
function _ZL15stbi__stdio_eofPv called 0 returned 0% blocks executed 0%
    #####:  864:static int stbi__stdio_eof(void *user)
        -:  865:{
    #####:  866:   return feof((FILE*) user) || ferror((FILE *) user);
    %%%%%:  866-block  0
call    0 never executed
branch  1 never executed
branch  2 never executed
    %%%%%:  866-block  1
call    3 never executed
branch  4 never executed
branch  5 never executed
        -:  867:}
        -:  868:
        -:  869:static stbi_io_callbacks stbi__stdio_callbacks =
        -:  870:{
        -:  871:   stbi__stdio_read,
        -:  872:   stbi__stdio_skip,
        -:  873:   stbi__stdio_eof,
        -:  874:};
        -:  875:
        -:  876:static void stbi__start_file(stbi__context *s, FILE *f)
        -:  877:{
        -:  878:   stbi__start_callbacks(s, &stbi__stdio_callbacks, (void *) f);
        -:  879:}
        -:  880:
        -:  881://static void stop_file(stbi__context *s) { }
        -:  882:
        -:  883:#endif // !STBI_NO_STDIO
        -:  884:
        -:  885:static void stbi__rewind(stbi__context *s)
        -:  886:{
        -:  887:   // conceptually rewind SHOULD rewind to the beginning of the stream,
        -:  888:   // but we just rewind to the beginning of the initial buffer, because
        -:  889:   // we only use it after doing 'test', which only ever looks at at most 92 bytes
       1*:  890:   s->img_buffer = s->img_buffer_original;
       1*:  891:   s->img_buffer_end = s->img_buffer_original_end;
    #####:  892:}
        -:  893:
        -:  894:enum
        -:  895:{
        -:  896:   STBI_ORDER_RGB,
        -:  897:   STBI_ORDER_BGR
        -:  898:};
        -:  899:
        -:  900:typedef struct
        -:  901:{
        -:  902:   int bits_per_channel;
        -:  903:   int num_channels;
        -:  904:   int channel_order;
        -:  905:} stbi__result_info;
        -:  906:
        -:  907:#ifndef STBI_NO_JPEG
        -:  908:static int      stbi__jpeg_test(stbi__context *s);
        -:  909:static void    *stbi__jpeg_load(stbi__context *s, int *x, int *y, int *comp, int req_comp, stbi__result_info *ri);
        -:  910:static int      stbi__jpeg_info(stbi__context *s, int *x, int *y, int *comp);
        -:  911:#endif
        -:  912:
        -:  913:#ifndef STBI_NO_PNG
        -:  914:static int      stbi__png_test(stbi__context *s);
        -:  915:static void    *stbi__png_load(stbi__context *s, int *x, int *y, int *comp, int req_comp, stbi__result_info *ri);
        -:  916:static int      stbi__png_info(stbi__context *s, int *x, int *y, int *comp);
        -:  917:static int      stbi__png_is16(stbi__context *s);
        -:  918:#endif
        -:  919:
        -:  920:#ifndef STBI_NO_BMP
        -:  921:static int      stbi__bmp_test(stbi__context *s);
        -:  922:static void    *stbi__bmp_load(stbi__context *s, int *x, int *y, int *comp, int req_comp, stbi__result_info *ri);
        -:  923:static int      stbi__bmp_info(stbi__context *s, int *x, int *y, int *comp);
        -:  924:#endif
        -:  925:
        -:  926:#ifndef STBI_NO_TGA
        -:  927:static int      stbi__tga_test(stbi__context *s);
        -:  928:static void    *stbi__tga_load(stbi__context *s, int *x, int *y, int *comp, int req_comp, stbi__result_info *ri);
        -:  929:static int      stbi__tga_info(stbi__context *s, int *x, int *y, int *comp);
        -:  930:#endif
        -:  931:
        -:  932:#ifndef STBI_NO_PSD
        -:  933:static int      stbi__psd_test(stbi__context *s);
        -:  934:static void    *stbi__psd_load(stbi__context *s, int *x, int *y, int *comp, int req_comp, stbi__result_info *ri, int bpc);
        -:  935:static int      stbi__psd_info(stbi__context *s, int *x, int *y, int *comp);
        -:  936:static int      stbi__psd_is16(stbi__context *s);
        -:  937:#endif
        -:  938:
        -:  939:#ifndef STBI_NO_HDR
        -:  940:static int      stbi__hdr_test(stbi__context *s);
        -:  941:static float   *stbi__hdr_load(stbi__context *s, int *x, int *y, int *comp, int req_comp, stbi__result_info *ri);
        -:  942:static int      stbi__hdr_info(stbi__context *s, int *x, int *y, int *comp);
        -:  943:#endif
        -:  944:
        -:  945:#ifndef STBI_NO_PIC
        -:  946:static int      stbi__pic_test(stbi__context *s);
        -:  947:static void    *stbi__pic_load(stbi__context *s, int *x, int *y, int *comp, int req_comp, stbi__result_info *ri);
        -:  948:static int      stbi__pic_info(stbi__context *s, int *x, int *y, int *comp);
        -:  949:#endif
        -:  950:
        -:  951:#ifndef STBI_NO_GIF
        -:  952:static int      stbi__gif_test(stbi__context *s);
        -:  953:static void    *stbi__gif_load(stbi__context *s, int *x, int *y, int *comp, int req_comp, stbi__result_info *ri);
        -:  954:static void    *stbi__load_gif_main(stbi__context *s, int **delays, int *x, int *y, int *z, int *comp, int req_comp);
        -:  955:static int      stbi__gif_info(stbi__context *s, int *x, int *y, int *comp);
        -:  956:#endif
        -:  957:
        -:  958:#ifndef STBI_NO_PNM
        -:  959:static int      stbi__pnm_test(stbi__context *s);
        -:  960:static void    *stbi__pnm_load(stbi__context *s, int *x, int *y, int *comp, int req_comp, stbi__result_info *ri);
        -:  961:static int      stbi__pnm_info(stbi__context *s, int *x, int *y, int *comp);
        -:  962:static int      stbi__pnm_is16(stbi__context *s);
        -:  963:#endif
        -:  964:
        -:  965:static
        -:  966:#ifdef STBI_THREAD_LOCAL
        -:  967:STBI_THREAD_LOCAL
        -:  968:#endif
        -:  969:const char *stbi__g_failure_reason;
        -:  970:
function stbi_failure_reason called 0 returned 0% blocks executed 0%
    #####:  971:STBIDEF const char *stbi_failure_reason(void)
        -:  972:{
    #####:  973:   return stbi__g_failure_reason;
        -:  974:}
        -:  975:
        -:  976:#ifndef STBI_NO_FAILURE_STRINGS
        -:  977:static int stbi__err(const char *str)
        -:  978:{
        -:  979:   stbi__g_failure_reason = str;
        -:  980:   return 0;
        -:  981:}
        -:  982:#endif
        -:  983:
        -:  984:static void *stbi__malloc(size_t size)
        -:  985:{
       2*:  986:    return STBI_MALLOC(size);
        -:  987:}
        -:  988:
        -:  989:// stb_image uses ints pervasively, including for offset calculations.
        -:  990:// therefore the largest decoded image size we can support with the
        -:  991:// current code, even on 64-bit targets, is INT_MAX. this is not a
        -:  992:// significant limitation for the intended use case.
        -:  993://
        -:  994:// we do, however, need to make sure our size calculations don't
        -:  995:// overflow. hence a few helper functions for size calculations that
        -:  996:// multiply integers together, making sure that they're non-negative
        -:  997:// and no overflow occurs.
        -:  998:
        -:  999:// return 1 if the sum is valid, 0 on overflow.
        -: 1000:// negative terms are considered invalid.
        -: 1001:static int stbi__addsizes_valid(int a, int b)
        -: 1002:{
       2*: 1003:   if (b < 0) return 0;
        -: 1004:   // now 0 <= b <= INT_MAX, hence also
        -: 1005:   // 0 <= INT_MAX - b <= INTMAX.
        -: 1006:   // And "a + b <= INT_MAX" (which might overflow) is the
        -: 1007:   // same as a <= INT_MAX - b (no overflow)
       2*: 1008:   return a <= INT_MAX - b;
        -: 1009:}
        -: 1010:
        -: 1011:// returns 1 if the product is valid, 0 on overflow.
        -: 1012:// negative factors are considered invalid.
        -: 1013:static int stbi__mul2sizes_valid(int a, int b)
        -: 1014:{
    #####: 1015:   if (a < 0 || b < 0) return 0;
    %%%%%: 1015-block  0
branch  0 never executed
branch  1 never executed
       4*: 1016:   if (b == 0) return 1; // mul-by-0 is always safe
    %%%%%: 1016-block  0
branch  0 never executed
branch  1 never executed
    %%%%%: 1016-block  1
branch  2 never executed
branch  3 never executed
    %%%%%: 1016-block  2
branch  4 never executed
branch  5 never executed
    %%%%%: 1016-block  3
branch  6 never executed
branch  7 never executed
    %%%%%: 1016-block  4
branch  8 never executed
branch  9 never executed
        2: 1016-block  5
branch 10 taken 2 (fallthrough)
branch 11 taken 0
        2: 1016-block  6
branch 12 taken 2 (fallthrough)
branch 13 taken 0
        -: 1017:   // portable way to check for no overflows in a*b
       4*: 1018:   return a <= INT_MAX/b;
        -: 1019:}
        -: 1020:
        -: 1021:#if !defined(STBI_NO_JPEG) || !defined(STBI_NO_PNG) || !defined(STBI_NO_TGA) || !defined(STBI_NO_HDR)
        -: 1022:// returns 1 if "a*b + add" has no negative terms/factors and doesn't overflow
        -: 1023:static int stbi__mad2sizes_valid(int a, int b, int add)
        -: 1024:{
    #####: 1025:   return stbi__mul2sizes_valid(a, b) && stbi__addsizes_valid(a*b, add);
    %%%%%: 1025-block  0
branch  0 never executed
branch  1 never executed
    %%%%%: 1025-block  1
branch  2 never executed
branch  3 never executed
    %%%%%: 1025-block  2
branch  4 never executed
branch  5 never executed
        -: 1026:}
        -: 1027:#endif
        -: 1028:
        -: 1029:// returns 1 if "a*b*c + add" has no negative terms/factors and doesn't overflow
function _ZL21stbi__mad3sizes_validiiii called 2 returned 100% blocks executed 90%
        2: 1030:static int stbi__mad3sizes_valid(int a, int b, int c, int add)
        2: 1030-block  0
branch  0 taken 2 (fallthrough)
branch  1 taken 0
        -: 1031:{
       6*: 1032:   return stbi__mul2sizes_valid(a, b) && stbi__mul2sizes_valid(a*b, c) &&
    %%%%%: 1032-block  0
branch  0 never executed
branch  1 never executed
    %%%%%: 1032-block  1
branch  2 never executed
branch  3 never executed
        2: 1032-block  2
branch  4 taken 2 (fallthrough)
branch  5 taken 0
        2: 1032-block  3
branch  6 taken 2 (fallthrough)
branch  7 taken 0
        2: 1032-block  4
branch  8 taken 2 (fallthrough)
branch  9 taken 0
        2: 1032-block  5
branch 10 taken 0 (fallthrough)
branch 11 taken 2
       2*: 1033:      stbi__addsizes_valid(a*b*c, add);
        2: 1033-block  0
branch  0 taken 2 (fallthrough)
branch  1 taken 0
        -: 1034:}
        -: 1035:
        -: 1036:// returns 1 if "a*b*c*d + add" has no negative terms/factors and doesn't overflow
        -: 1037:#if !defined(STBI_NO_LINEAR) || !defined(STBI_NO_HDR) || !defined(STBI_NO_PNM)
function _ZL21stbi__mad4sizes_validiiiii called 0 returned 0% blocks executed 0%
    #####: 1038:static int stbi__mad4sizes_valid(int a, int b, int c, int d, int add)
    %%%%%: 1038-block  0
branch  0 never executed
branch  1 never executed
        -: 1039:{
    #####: 1040:   return stbi__mul2sizes_valid(a, b) && stbi__mul2sizes_valid(a*b, c) &&
    %%%%%: 1040-block  0
branch  0 never executed
branch  1 never executed
    %%%%%: 1040-block  1
branch  2 never executed
branch  3 never executed
    %%%%%: 1040-block  2
branch  4 never executed
branch  5 never executed
    #####: 1041:      stbi__mul2sizes_valid(a*b*c, d) && stbi__addsizes_valid(a*b*c*d, add);
    %%%%%: 1041-block  0
branch  0 never executed
branch  1 never executed
    %%%%%: 1041-block  1
branch  2 never executed
branch  3 never executed
    %%%%%: 1041-block  2
branch  4 never executed
branch  5 never executed
    %%%%%: 1041-block  3
branch  6 never executed
branch  7 never executed
        -: 1042:}
        -: 1043:#endif
        -: 1044:
        -: 1045:#if !defined(STBI_NO_JPEG) || !defined(STBI_NO_PNG) || !defined(STBI_NO_TGA) || !defined(STBI_NO_HDR)
        -: 1046:// mallocs with size overflow checking
function _ZL17stbi__malloc_mad2iii called 0 returned 0% blocks executed 0%
    #####: 1047:static void *stbi__malloc_mad2(int a, int b, int add)
    %%%%%: 1047-block  0
branch  0 never executed
branch  1 never executed
        -: 1048:{
        -: 1049:   if (!stbi__mad2sizes_valid(a, b, add)) return NULL;
    #####: 1050:   return stbi__malloc(a*b + add);
    %%%%%: 1050-block  0
        -: 1051:}
        -: 1052:#endif
        -: 1053:
function _ZL17stbi__malloc_mad3iiii called 1 returned 100% blocks executed 100%
        1: 1054:static void *stbi__malloc_mad3(int a, int b, int c, int add)
        -: 1055:{
        1: 1056:   if (!stbi__mad3sizes_valid(a, b, c, add)) return NULL;
        1: 1056-block  0
branch  0 taken 1 (fallthrough)
branch  1 taken 0
        1: 1057:   return stbi__malloc(a*b*c + add);
        1: 1057-block  0
        -: 1058:}
        -: 1059:
        -: 1060:#if !defined(STBI_NO_LINEAR) || !defined(STBI_NO_HDR) || !defined(STBI_NO_PNM)
function _ZL17stbi__malloc_mad4iiiii called 0 returned 0% blocks executed 0%
    #####: 1061:static void *stbi__malloc_mad4(int a, int b, int c, int d, int add)
        -: 1062:{
    #####: 1063:   if (!stbi__mad4sizes_valid(a, b, c, d, add)) return NULL;
    %%%%%: 1063-block  0
branch  0 never executed
branch  1 never executed
    #####: 1064:   return stbi__malloc(a*b*c*d + add);
    %%%%%: 1064-block  0
        -: 1065:}
        -: 1066:#endif
        -: 1067:
        -: 1068:// stbi__err - error
        -: 1069:// stbi__errpf - error returning pointer to float
        -: 1070:// stbi__errpuc - error returning pointer to unsigned char
        -: 1071:
        -: 1072:#ifdef STBI_NO_FAILURE_STRINGS
        -: 1073:   #define stbi__err(x,y)  0
        -: 1074:#elif defined(STBI_FAILURE_USERMSG)
        -: 1075:   #define stbi__err(x,y)  stbi__err(y)
        -: 1076:#else
        -: 1077:   #define stbi__err(x,y)  stbi__err(x)
        -: 1078:#endif
        -: 1079:
        -: 1080:#define stbi__errpf(x,y)   ((float *)(size_t) (stbi__err(x,y)?NULL:NULL))
        -: 1081:#define stbi__errpuc(x,y)  ((unsigned char *)(size_t) (stbi__err(x,y)?NULL:NULL))
        -: 1082:
function stbi_image_free called 0 returned 0% blocks executed 0%
    #####: 1083:STBIDEF void stbi_image_free(void *retval_from_stbi_load)
        -: 1084:{
       1*: 1085:   STBI_FREE(retval_from_stbi_load);
    #####: 1086:}
        -: 1087:
        -: 1088:#ifndef STBI_NO_LINEAR
        -: 1089:static float   *stbi__ldr_to_hdr(stbi_uc *data, int x, int y, int comp);
        -: 1090:#endif
        -: 1091:
        -: 1092:#ifndef STBI_NO_HDR
        -: 1093:static stbi_uc *stbi__hdr_to_ldr(float   *data, int x, int y, int comp);
        -: 1094:#endif
        -: 1095:
        -: 1096:static int stbi__vertically_flip_on_load_global = 0;
        -: 1097:
function stbi_set_flip_vertically_on_load called 0 returned 0% blocks executed 0%
    #####: 1098:STBIDEF void stbi_set_flip_vertically_on_load(int flag_true_if_should_flip)
        -: 1099:{
    #####: 1100:   stbi__vertically_flip_on_load_global = flag_true_if_should_flip;
    #####: 1101:}
        -: 1102:
        -: 1103:#ifndef STBI_THREAD_LOCAL
        -: 1104:#define stbi__vertically_flip_on_load  stbi__vertically_flip_on_load_global
        -: 1105:#else
        -: 1106:static STBI_THREAD_LOCAL int stbi__vertically_flip_on_load_local, stbi__vertically_flip_on_load_set;
        -: 1107:
function stbi_set_flip_vertically_on_load_thread called 0 returned 0% blocks executed 0%
    #####: 1108:STBIDEF void stbi_set_flip_vertically_on_load_thread(int flag_true_if_should_flip)
        -: 1109:{
    #####: 1110:   stbi__vertically_flip_on_load_local = flag_true_if_should_flip;
    #####: 1111:   stbi__vertically_flip_on_load_set = 1;
    #####: 1112:}
        -: 1113:
        -: 1114:#define stbi__vertically_flip_on_load  (stbi__vertically_flip_on_load_set       \
        -: 1115:                                         ? stbi__vertically_flip_on_load_local  \
        -: 1116:                                         : stbi__vertically_flip_on_load_global)
        -: 1117:#endif // STBI_THREAD_LOCAL
        -: 1118:
function _ZL15stbi__load_mainP13stbi__contextPiS1_S1_iP17stbi__result_infoi called 1 returned 100% blocks executed 16%
        1: 1119:static void *stbi__load_main(stbi__context *s, int *x, int *y, int *comp, int req_comp, stbi__result_info *ri, int bpc)
        1: 1119-block  0
call    0 returned 1
        -: 1120:{
        -: 1121:   memset(ri, 0, sizeof(*ri)); // make sure it's initialized if we add new fields
        1: 1122:   ri->bits_per_channel = 8; // default is 8 so most paths don't have to be changed
        -: 1123:   ri->channel_order = STBI_ORDER_RGB; // all current input & output are this, but this is here so we can add BGR order
        -: 1124:   ri->num_channels = 0;
        -: 1125:
        -: 1126:   // test the formats with a very explicit header first (at least a FOURCC
        -: 1127:   // or distinctive magic number first)
        -: 1128:   #ifndef STBI_NO_PNG
        2: 1129:   if (stbi__png_test(s))  return stbi__png_load(s,x,y,comp,req_comp, ri);
        1: 1129-block  0
call    0 returned 1
branch  1 taken 1 (fallthrough)
branch  2 taken 0
        -: 1130:   #endif
        -: 1131:   #ifndef STBI_NO_BMP
    #####: 1132:   if (stbi__bmp_test(s))  return stbi__bmp_load(s,x,y,comp,req_comp, ri);
branch  0 never executed
branch  1 never executed
    %%%%%: 1132-block  0
call    2 never executed
        -: 1133:   #endif
        -: 1134:   #ifndef STBI_NO_GIF
    #####: 1135:   if (stbi__gif_test(s))  return stbi__gif_load(s,x,y,comp,req_comp, ri);
branch  0 never executed
branch  1 never executed
    %%%%%: 1135-block  0
call    2 never executed
        -: 1136:   #endif
        -: 1137:   #ifndef STBI_NO_PSD
    #####: 1138:   if (stbi__psd_test(s))  return stbi__psd_load(s,x,y,comp,req_comp, ri, bpc);
branch  0 never executed
branch  1 never executed
    %%%%%: 1138-block  0
call    2 never executed
        -: 1139:   #else
        -: 1140:   STBI_NOTUSED(bpc);
        -: 1141:   #endif
        -: 1142:   #ifndef STBI_NO_PIC
    #####: 1143:   if (stbi__pic_test(s))  return stbi__pic_load(s,x,y,comp,req_comp, ri);
branch  0 never executed
branch  1 never executed
    %%%%%: 1143-block  0
call    2 never executed
        -: 1144:   #endif
        -: 1145:
        -: 1146:   // then the formats that can end up attempting to load with just 1 or 2
        -: 1147:   // bytes matching expectations; these are prone to false positives, so
        -: 1148:   // try them later
        -: 1149:   #ifndef STBI_NO_JPEG
    #####: 1150:   if (stbi__jpeg_test(s)) return stbi__jpeg_load(s,x,y,comp,req_comp, ri);
    %%%%%: 1150-block  0
call    0 never executed
branch  1 never executed
branch  2 never executed
    %%%%%: 1150-block  1
call    3 never executed
        -: 1151:   #endif
        -: 1152:   #ifndef STBI_NO_PNM
    #####: 1153:   if (stbi__pnm_test(s))  return stbi__pnm_load(s,x,y,comp,req_comp, ri);
    %%%%%: 1153-block  0
call    0 never executed
branch  1 never executed
branch  2 never executed
    %%%%%: 1153-block  1
call    3 never executed
        -: 1154:   #endif
        -: 1155:
        -: 1156:   #ifndef STBI_NO_HDR
    #####: 1157:   if (stbi__hdr_test(s)) {
    %%%%%: 1157-block  0
call    0 never executed
branch  1 never executed
branch  2 never executed
    #####: 1158:      float *hdr = stbi__hdr_load(s, x,y,comp,req_comp, ri);
    %%%%%: 1158-block  0
call    0 never executed
    #####: 1159:      return stbi__hdr_to_ldr(hdr, *x, *y, req_comp ? req_comp : *comp);
branch  0 never executed
branch  1 never executed
    %%%%%: 1159-block  0
    %%%%%: 1159-block  1
call    2 never executed
        -: 1160:   }
        -: 1161:   #endif
        -: 1162:
        -: 1163:   #ifndef STBI_NO_TGA
        -: 1164:   // test tga last because it's a crappy test!
    #####: 1165:   if (stbi__tga_test(s))
    %%%%%: 1165-block  0
call    0 never executed
branch  1 never executed
branch  2 never executed
    #####: 1166:      return stbi__tga_load(s,x,y,comp,req_comp, ri);
    %%%%%: 1166-block  0
call    0 never executed
        -: 1167:   #endif
        -: 1168:
        -: 1169:   return stbi__errpuc("unknown image type", "Image not of any known type, or corrupt");
        -: 1170:}
        -: 1171:
function _ZL21stbi__convert_16_to_8Ptiii called 0 returned 0% blocks executed 0%
    #####: 1172:static stbi_uc *stbi__convert_16_to_8(stbi__uint16 *orig, int w, int h, int channels)
        -: 1173:{
        -: 1174:   int i;
    #####: 1175:   int img_len = w * h * channels;
        -: 1176:   stbi_uc *reduced;
        -: 1177:
    #####: 1178:   reduced = (stbi_uc *) stbi__malloc(img_len);
    #####: 1179:   if (reduced == NULL) return stbi__errpuc("outofmem", "Out of memory");
    %%%%%: 1179-block  0
branch  0 never executed
branch  1 never executed
        -: 1180:
    #####: 1181:   for (i = 0; i < img_len; ++i)
    %%%%%: 1181-block  0
branch  0 never executed
branch  1 never executed
    #####: 1182:      reduced[i] = (stbi_uc)((orig[i] >> 8) & 0xFF); // top half of each byte is sufficient approx of 16->8 bit scaling
    %%%%%: 1182-block  0
        -: 1183:
    #####: 1184:   STBI_FREE(orig);
    #####: 1185:   return reduced;
    %%%%%: 1185-block  0
        -: 1186:}
        -: 1187:
function _ZL21stbi__convert_8_to_16Phiii called 0 returned 0% blocks executed 0%
    #####: 1188:static stbi__uint16 *stbi__convert_8_to_16(stbi_uc *orig, int w, int h, int channels)
        -: 1189:{
        -: 1190:   int i;
    #####: 1191:   int img_len = w * h * channels;
        -: 1192:   stbi__uint16 *enlarged;
        -: 1193:
    #####: 1194:   enlarged = (stbi__uint16 *) stbi__malloc(img_len*2);
    #####: 1195:   if (enlarged == NULL) return (stbi__uint16 *) stbi__errpuc("outofmem", "Out of memory");
    %%%%%: 1195-block  0
branch  0 never executed
branch  1 never executed
        -: 1196:
    #####: 1197:   for (i = 0; i < img_len; ++i)
    %%%%%: 1197-block  0
branch  0 never executed
branch  1 never executed
    #####: 1198:      enlarged[i] = (stbi__uint16)((orig[i] << 8) + orig[i]); // replicate to high and low byte, maps 0->0, 255->0xffff
    %%%%%: 1198-block  0
        -: 1199:
    #####: 1200:   STBI_FREE(orig);
    #####: 1201:   return enlarged;
    %%%%%: 1201-block  0
        -: 1202:}
        -: 1203:
function _ZL19stbi__vertical_flipPviii called 0 returned 0% blocks executed 0%
    #####: 1204:static void stbi__vertical_flip(void *image, int w, int h, int bytes_per_pixel)
        -: 1205:{
        -: 1206:   int row;
    #####: 1207:   size_t bytes_per_row = (size_t)w * bytes_per_pixel;
    %%%%%: 1207-block  0
        -: 1208:   stbi_uc temp[2048];
        -: 1209:   stbi_uc *bytes = (stbi_uc *)image;
        -: 1210:
    #####: 1211:   for (row = 0; row < (h>>1); row++) {
    %%%%%: 1211-block  0
branch  0 never executed
branch  1 never executed
    %%%%%: 1211-block  1
    #####: 1212:      stbi_uc *row0 = bytes + row*bytes_per_row;
    #####: 1213:      stbi_uc *row1 = bytes + (h - row - 1)*bytes_per_row;
    %%%%%: 1213-block  0
        -: 1214:      // swap row0 with row1
        -: 1215:      size_t bytes_left = bytes_per_row;
    #####: 1216:      while (bytes_left) {
    %%%%%: 1216-block  0
branch  0 never executed
branch  1 never executed
    #####: 1217:         size_t bytes_copy = (bytes_left < sizeof(temp)) ? bytes_left : sizeof(temp);
    %%%%%: 1217-block  0
        -: 1218:         memcpy(temp, row0, bytes_copy);
        -: 1219:         memcpy(row0, row1, bytes_copy);
        -: 1220:         memcpy(row1, temp, bytes_copy);
    #####: 1221:         row0 += bytes_copy;
    #####: 1222:         row1 += bytes_copy;
    #####: 1223:         bytes_left -= bytes_copy;
    %%%%%: 1223-block  0
        -: 1224:      }
        -: 1225:   }
    #####: 1226:}
        -: 1227:
        -: 1228:#ifndef STBI_NO_GIF
        -: 1229:static void stbi__vertical_flip_slices(void *image, int w, int h, int z, int bytes_per_pixel)
        -: 1230:{
        -: 1231:   int slice;
    #####: 1232:   int slice_size = w * h * bytes_per_pixel;
        -: 1233:
        -: 1234:   stbi_uc *bytes = (stbi_uc *)image;
    #####: 1235:   for (slice = 0; slice < z; ++slice) {
    %%%%%: 1235-block  0
branch  0 never executed
branch  1 never executed
    #####: 1236:      stbi__vertical_flip(bytes, w, h, bytes_per_pixel);
    %%%%%: 1236-block  0
call    0 never executed
    #####: 1237:      bytes += slice_size;
        -: 1238:   }
        -: 1239:}
        -: 1240:#endif
        -: 1241:
function _ZL31stbi__load_and_postprocess_8bitP13stbi__contextPiS1_S1_i called 1 returned 100% blocks executed 47%
        1: 1242:static unsigned char *stbi__load_and_postprocess_8bit(stbi__context *s, int *x, int *y, int *comp, int req_comp)
        -: 1243:{
        -: 1244:   stbi__result_info ri;
        1: 1245:   void *result = stbi__load_main(s, x, y, comp, req_comp, &ri, 8);
        1: 1245-block  0
call    0 returned 1
        -: 1246:
        1: 1247:   if (result == NULL)
branch  0 taken 1 (fallthrough)
branch  1 taken 0
        -: 1248:      return NULL;
        -: 1249:
        -: 1250:   // it is the responsibility of the loaders to make sure we get either 8 or 16 bit.
       1*: 1251:   STBI_ASSERT(ri.bits_per_channel == 8 || ri.bits_per_channel == 16);
        1: 1251-block  0
branch  0 taken 0 (fallthrough)
branch  1 taken 1
    %%%%%: 1251-block  1
call    2 never executed
        -: 1252:
        1: 1253:   if (ri.bits_per_channel != 8) {
        1: 1253-block  0
branch  0 taken 0 (fallthrough)
branch  1 taken 1
    #####: 1254:      result = stbi__convert_16_to_8((stbi__uint16 *) result, *x, *y, req_comp == 0 ? *comp : req_comp);
    %%%%%: 1254-block  0
branch  0 never executed
branch  1 never executed
    %%%%%: 1254-block  1
    %%%%%: 1254-block  2
call    2 never executed
    #####: 1255:      ri.bits_per_channel = 8;
        -: 1256:   }
        -: 1257:
        -: 1258:   // @TODO: move stbi__convert_format to here
        -: 1259:
       1*: 1260:   if (stbi__vertically_flip_on_load) {
        1: 1260-block  0
branch  0 taken 0 (fallthrough)
branch  1 taken 1
    %%%%%: 1260-block  1
        1: 1260-block  2
        1: 1260-block  3
branch  2 taken 0 (fallthrough)
branch  3 taken 1
    #####: 1261:      int channels = req_comp ? req_comp : *comp;
    %%%%%: 1261-block  0
branch  0 never executed
branch  1 never executed
    %%%%%: 1261-block  1
    #####: 1262:      stbi__vertical_flip(result, *x, *y, channels * sizeof(stbi_uc));
    %%%%%: 1262-block  0
call    0 never executed
        -: 1263:   }
        -: 1264:
        -: 1265:   return (unsigned char *) result;
        -: 1266:}
        -: 1267:
function _ZL32stbi__load_and_postprocess_16bitP13stbi__contextPiS1_S1_i called 0 returned 0% blocks executed 0%
    #####: 1268:static stbi__uint16 *stbi__load_and_postprocess_16bit(stbi__context *s, int *x, int *y, int *comp, int req_comp)
        -: 1269:{
        -: 1270:   stbi__result_info ri;
    #####: 1271:   void *result = stbi__load_main(s, x, y, comp, req_comp, &ri, 16);
    %%%%%: 1271-block  0
call    0 never executed
        -: 1272:
    #####: 1273:   if (result == NULL)
branch  0 never executed
branch  1 never executed
        -: 1274:      return NULL;
        -: 1275:
        -: 1276:   // it is the responsibility of the loaders to make sure we get either 8 or 16 bit.
    #####: 1277:   STBI_ASSERT(ri.bits_per_channel == 8 || ri.bits_per_channel == 16);
    %%%%%: 1277-block  0
branch  0 never executed
branch  1 never executed
    %%%%%: 1277-block  1
call    2 never executed
        -: 1278:
    #####: 1279:   if (ri.bits_per_channel != 16) {
    %%%%%: 1279-block  0
branch  0 never executed
branch  1 never executed
    #####: 1280:      result = stbi__convert_8_to_16((stbi_uc *) result, *x, *y, req_comp == 0 ? *comp : req_comp);
    %%%%%: 1280-block  0
branch  0 never executed
branch  1 never executed
    %%%%%: 1280-block  1
    %%%%%: 1280-block  2
call    2 never executed
    #####: 1281:      ri.bits_per_channel = 16;
        -: 1282:   }
        -: 1283:
        -: 1284:   // @TODO: move stbi__convert_format16 to here
        -: 1285:   // @TODO: special case RGB-to-Y (and RGBA-to-YA) for 8-bit-to-16-bit case to keep more precision
        -: 1286:
    #####: 1287:   if (stbi__vertically_flip_on_load) {
    %%%%%: 1287-block  0
branch  0 never executed
branch  1 never executed
    %%%%%: 1287-block  1
    %%%%%: 1287-block  2
    %%%%%: 1287-block  3
branch  2 never executed
branch  3 never executed
    #####: 1288:      int channels = req_comp ? req_comp : *comp;
    %%%%%: 1288-block  0
branch  0 never executed
branch  1 never executed
    %%%%%: 1288-block  1
    #####: 1289:      stbi__vertical_flip(result, *x, *y, channels * sizeof(stbi__uint16));
    %%%%%: 1289-block  0
call    0 never executed
        -: 1290:   }
        -: 1291:
        -: 1292:   return (stbi__uint16 *) result;
        -: 1293:}
        -: 1294:
        -: 1295:#if !defined(STBI_NO_HDR) && !defined(STBI_NO_LINEAR)
function _ZL23stbi__float_postprocessPfPiS0_S0_i called 0 returned 0% blocks executed 0%
    #####: 1296:static void stbi__float_postprocess(float *result, int *x, int *y, int *comp, int req_comp)
        -: 1297:{
    #####: 1298:   if (stbi__vertically_flip_on_load && result != NULL) {
    %%%%%: 1298-block  0
branch  0 never executed
branch  1 never executed
    %%%%%: 1298-block  1
    %%%%%: 1298-block  2
    %%%%%: 1298-block  3
branch  2 never executed
branch  3 never executed
    %%%%%: 1298-block  4
branch  4 never executed
branch  5 never executed
    #####: 1299:      int channels = req_comp ? req_comp : *comp;
    %%%%%: 1299-block  0
branch  0 never executed
branch  1 never executed
    %%%%%: 1299-block  1
    #####: 1300:      stbi__vertical_flip(result, *x, *y, channels * sizeof(float));
    %%%%%: 1300-block  0
call    0 never executed
        -: 1301:   }
    #####: 1302:}
        -: 1303:#endif
        -: 1304:
        -: 1305:#ifndef STBI_NO_STDIO
        -: 1306:
        -: 1307:#if defined(_WIN32) && defined(STBI_WINDOWS_UTF8)
        -: 1308:STBI_EXTERN __declspec(dllimport) int __stdcall MultiByteToWideChar(unsigned int cp, unsigned long flags, const char *str, int cbmb, wchar_t *widestr, int cchwide);
        -: 1309:STBI_EXTERN __declspec(dllimport) int __stdcall WideCharToMultiByte(unsigned int cp, unsigned long flags, const wchar_t *widestr, int cchwide, char *str, int cbmb, const char *defchar, int *used_default);
        -: 1310:#endif
        -: 1311:
        -: 1312:#if defined(_WIN32) && defined(STBI_WINDOWS_UTF8)
        -: 1313:STBIDEF int stbi_convert_wchar_to_utf8(char *buffer, size_t bufferlen, const wchar_t* input)
        -: 1314:{
        -: 1315:	return WideCharToMultiByte(65001 /* UTF8 */, 0, input, -1, buffer, (int) bufferlen, NULL, NULL);
        -: 1316:}
        -: 1317:#endif
        -: 1318:
        -: 1319:static FILE *stbi__fopen(char const *filename, char const *mode)
        -: 1320:{
        -: 1321:   FILE *f;
        -: 1322:#if defined(_WIN32) && defined(STBI_WINDOWS_UTF8)
        -: 1323:   wchar_t wMode[64];
        -: 1324:   wchar_t wFilename[1024];
        -: 1325:	if (0 == MultiByteToWideChar(65001 /* UTF8 */, 0, filename, -1, wFilename, sizeof(wFilename)/sizeof(*wFilename)))
        -: 1326:      return 0;
        -: 1327:
        -: 1328:	if (0 == MultiByteToWideChar(65001 /* UTF8 */, 0, mode, -1, wMode, sizeof(wMode)/sizeof(*wMode)))
        -: 1329:      return 0;
        -: 1330:
        -: 1331:#if defined(_MSC_VER) && _MSC_VER >= 1400
        -: 1332:	if (0 != _wfopen_s(&f, wFilename, wMode))
        -: 1333:		f = 0;
        -: 1334:#else
        -: 1335:   f = _wfopen(wFilename, wMode);
        -: 1336:#endif
        -: 1337:
        -: 1338:#elif defined(_MSC_VER) && _MSC_VER >= 1400
        -: 1339:   if (0 != fopen_s(&f, filename, mode))
        -: 1340:      f=0;
        -: 1341:#else
       1*: 1342:   f = fopen(filename, mode);
        -: 1343:#endif
        -: 1344:   return f;
        -: 1345:}
        -: 1346:
        -: 1347:
function stbi_load called 1 returned 100% blocks executed 100%
        1: 1348:STBIDEF stbi_uc *stbi_load(char const *filename, int *x, int *y, int *comp, int req_comp)
        1: 1348-block  0
call    0 returned 1
        -: 1349:{
        -: 1350:   FILE *f = stbi__fopen(filename, "rb");
        -: 1351:   unsigned char *result;
        1: 1352:   if (!f) return stbi__errpuc("can't fopen", "Unable to open file");
branch  0 taken 1 (fallthrough)
branch  1 taken 0
        1: 1353:   result = stbi_load_from_file(f,x,y,comp,req_comp);
        1: 1353-block  0
call    0 returned 1
        1: 1354:   fclose(f);
call    0 returned 1
        1: 1355:   return result;
        -: 1356:}
        -: 1357:
function stbi_load_from_file called 1 returned 100% blocks executed 100%
        1: 1358:STBIDEF stbi_uc *stbi_load_from_file(FILE *f, int *x, int *y, int *comp, int req_comp)
        1: 1358-block  0
call    0 returned 1
        -: 1359:{
        -: 1360:   unsigned char *result;
        -: 1361:   stbi__context s;
        -: 1362:   stbi__start_file(&s,f);
[...]
        -: 7587:   #ifndef STBI_NO_PNG
    #####: 7588:   if (stbi__png_is16(s))  return 1;
    %%%%%: 7588-block  0
call    0 never executed
branch  1 never executed
branch  2 never executed
        -: 7589:   #endif
        -: 7590:
        -: 7591:   #ifndef STBI_NO_PSD
    #####: 7592:   if (stbi__psd_is16(s))  return 1;
    %%%%%: 7592-block  0
call    0 never executed
branch  1 never executed
branch  2 never executed
        -: 7593:   #endif
        -: 7594:
        -: 7595:   #ifndef STBI_NO_PNM
    #####: 7596:   if (stbi__pnm_is16(s))  return 1;
    %%%%%: 7596-block  0
        -: 7597:   #endif
        -: 7598:   return 0;
        -: 7599:}
        -: 7600:
        -: 7601:#ifndef STBI_NO_STDIO
function stbi_info called 0 returned 0% blocks executed 0%
    #####: 7602:STBIDEF int stbi_info(char const *filename, int *x, int *y, int *comp)
    %%%%%: 7602-block  0
call    0 never executed
        -: 7603:{
        -: 7604:    FILE *f = stbi__fopen(filename, "rb");
        -: 7605:    int result;
    #####: 7606:    if (!f) return stbi__err("can't fopen", "Unable to open file");
branch  0 never executed
branch  1 never executed
    #####: 7607:    result = stbi_info_from_file(f, x, y, comp);
    %%%%%: 7607-block  0
call    0 never executed
    #####: 7608:    fclose(f);
call    0 never executed
    #####: 7609:    return result;
        -: 7610:}
        -: 7611:
function stbi_info_from_file called 0 returned 0% blocks executed 0%
    #####: 7612:STBIDEF int stbi_info_from_file(FILE *f, int *x, int *y, int *comp)
        -: 7613:{
        -: 7614:   int r;
        -: 7615:   stbi__context s;
    #####: 7616:   long pos = ftell(f);
    %%%%%: 7616-block  0
call    0 never executed
        -: 7617:   stbi__start_file(&s, f);
    #####: 7618:   r = stbi__info_main(&s,x,y,comp);
call    0 never executed
    #####: 7619:   fseek(f,pos,SEEK_SET);
call    0 never executed
    #####: 7620:   return r;
        -: 7621:}
        -: 7622:
function stbi_is_16_bit called 0 returned 0% blocks executed 0%
    #####: 7623:STBIDEF int stbi_is_16_bit(char const *filename)
    %%%%%: 7623-block  0
call    0 never executed
        -: 7624:{
        -: 7625:    FILE *f = stbi__fopen(filename, "rb");
        -: 7626:    int result;
    #####: 7627:    if (!f) return stbi__err("can't fopen", "Unable to open file");
branch  0 never executed
branch  1 never executed
    #####: 7628:    result = stbi_is_16_bit_from_file(f);
    %%%%%: 7628-block  0
call    0 never executed
    #####: 7629:    fclose(f);
call    0 never executed
    #####: 7630:    return result;
        -: 7631:}
        -: 7632:
function stbi_is_16_bit_from_file called 0 returned 0% blocks executed 0%
    #####: 7633:STBIDEF int stbi_is_16_bit_from_file(FILE *f)
        -: 7634:{
        -: 7635:   int r;
        -: 7636:   stbi__context s;
    #####: 7637:   long pos = ftell(f);
    %%%%%: 7637-block  0
call    0 never executed
        -: 7638:   stbi__start_file(&s, f);
    #####: 7639:   r = stbi__is_16_main(&s);
call    0 never executed
    #####: 7640:   fseek(f,pos,SEEK_SET);
call    0 never executed
    #####: 7641:   return r;
        -: 7642:}
        -: 7643:#endif // !STBI_NO_STDIO
        -: 7644:
function stbi_info_from_memory called 0 returned 0% blocks executed 0%
    #####: 7645:STBIDEF int stbi_info_from_memory(stbi_uc const *buffer, int len, int *x, int *y, int *comp)
        -: 7646:{
        -: 7647:   stbi__context s;
        -: 7648:   stbi__start_mem(&s,buffer,len);
    #####: 7649:   return stbi__info_main(&s,x,y,comp);
    %%%%%: 7649-block  0
call    0 never executed
        -: 7650:}
        -: 7651:
function stbi_info_from_callbacks called 0 returned 0% blocks executed 0%
    #####: 7652:STBIDEF int stbi_info_from_callbacks(stbi_io_callbacks const *c, void *user, int *x, int *y, int *comp)
    %%%%%: 7652-block  0
call    0 never executed
        -: 7653:{
        -: 7654:   stbi__context s;
        -: 7655:   stbi__start_callbacks(&s, (stbi_io_callbacks *) c, user);
    #####: 7656:   return stbi__info_main(&s,x,y,comp);
call    0 never executed
        -: 7657:}
        -: 7658:
function stbi_is_16_bit_from_memory called 0 returned 0% blocks executed 0%
    #####: 7659:STBIDEF int stbi_is_16_bit_from_memory(stbi_uc const *buffer, int len)
        -: 7660:{
        -: 7661:   stbi__context s;
        -: 7662:   stbi__start_mem(&s,buffer,len);
    #####: 7663:   return stbi__is_16_main(&s);
    %%%%%: 7663-block  0
call    0 never executed
        -: 7664:}
        -: 7665:
function stbi_is_16_bit_from_callbacks called 0 returned 0% blocks executed 0%
    #####: 7666:STBIDEF int stbi_is_16_bit_from_callbacks(stbi_io_callbacks const *c, void *user)
    %%%%%: 7666-block  0
call    0 never executed
        -: 7667:{
        -: 7668:   stbi__context s;
        -: 7669:   stbi__start_callbacks(&s, (stbi_io_callbacks *) c, user);
    #####: 7670:   return stbi__is_16_main(&s);
call    0 never executed
        -: 7671:}
        -: 7672:
        -: 7673:#endif // STB_IMAGE_IMPLEMENTATION
        -: 7674:
        -: 7675:/*
        -: 7676:   revision history:
        -: 7677:      2.20  (2019-02-07) support utf8 filenames in Windows; fix warnings and platform ifdefs
        -: 7678:      2.19  (2018-02-11) fix warning
        -: 7679:      2.18  (2018-01-30) fix warnings
        -: 7680:      2.17  (2018-01-29) change sbti__shiftsigned to avoid clang -O2 bug
        -: 7681:                         1-bit BMP
        -: 7682:                         *_is_16_bit api
        -: 7683:                         avoid warnings
        -: 7684:      2.16  (2017-07-23) all functions have 16-bit variants;
        -: 7685:                         STBI_NO_STDIO works again;
        -: 7686:                         compilation fixes;
        -: 7687:                         fix rounding in unpremultiply;
        -: 7688:                         optimize vertical flip;
        -: 7689:                         disable raw_len validation;
        -: 7690:                         documentation fixes
        -: 7691:      2.15  (2017-03-18) fix png-1,2,4 bug; now all Imagenet JPGs decode;
        -: 7692:                         warning fixes; disable run-time SSE detection on gcc;
        -: 7693:                         uniform handling of optional "return" values;
        -: 7694:                         thread-safe initialization of zlib tables
        -: 7695:      2.14  (2017-03-03) remove deprecated STBI_JPEG_OLD; fixes for Imagenet JPGs
        -: 7696:      2.13  (2016-11-29) add 16-bit API, only supported for PNG right now
        -: 7697:      2.12  (2016-04-02) fix typo in 2.11 PSD fix that caused crashes
        -: 7698:      2.11  (2016-04-02) allocate large structures on the stack
        -: 7699:                         remove white matting for transparent PSD
        -: 7700:                         fix reported channel count for PNG & BMP
        -: 7701:                         re-enable SSE2 in non-gcc 64-bit
        -: 7702:                         support RGB-formatted JPEG
        -: 7703:                         read 16-bit PNGs (only as 8-bit)
        -: 7704:      2.10  (2016-01-22) avoid warning introduced in 2.09 by STBI_REALLOC_SIZED
        -: 7705:      2.09  (2016-01-16) allow comments in PNM files
        -: 7706:                         16-bit-per-pixel TGA (not bit-per-component)
        -: 7707:                         info() for TGA could break due to .hdr handling
        -: 7708:                         info() for BMP to shares code instead of sloppy parse
        -: 7709:                         can use STBI_REALLOC_SIZED if allocator doesn't support realloc
        -: 7710:                         code cleanup
        -: 7711:      2.08  (2015-09-13) fix to 2.07 cleanup, reading RGB PSD as RGBA
        -: 7712:      2.07  (2015-09-13) fix compiler warnings
        -: 7713:                         partial animated GIF support
        -: 7714:                         limited 16-bpc PSD support
        -: 7715:                         #ifdef unused functions
        -: 7716:                         bug with < 92 byte PIC,PNM,HDR,TGA
        -: 7717:      2.06  (2015-04-19) fix bug where PSD returns wrong '*comp' value
        -: 7718:      2.05  (2015-04-19) fix bug in progressive JPEG handling, fix warning
        -: 7719:      2.04  (2015-04-15) try to re-enable SIMD on MinGW 64-bit
        -: 7720:      2.03  (2015-04-12) extra corruption checking (mmozeiko)
        -: 7721:                         stbi_set_flip_vertically_on_load (nguillemot)
        -: 7722:                         fix NEON support; fix mingw support
        -: 7723:      2.02  (2015-01-19) fix incorrect assert, fix warning
        -: 7724:      2.01  (2015-01-17) fix various warnings; suppress SIMD on gcc 32-bit without -msse2
        -: 7725:      2.00b (2014-12-25) fix STBI_MALLOC in progressive JPEG
        -: 7726:      2.00  (2014-12-25) optimize JPG, including x86 SSE2 & NEON SIMD (ryg)
        -: 7727:                         progressive JPEG (stb)
        -: 7728:                         PGM/PPM support (Ken Miller)
        -: 7729:                         STBI_MALLOC,STBI_REALLOC,STBI_FREE
        -: 7730:                         GIF bugfix -- seemingly never worked
        -: 7731:                         STBI_NO_*, STBI_ONLY_*
        -: 7732:      1.48  (2014-12-14) fix incorrectly-named assert()
        -: 7733:      1.47  (2014-12-14) 1/2/4-bit PNG support, both direct and paletted (Omar Cornut & stb)
        -: 7734:                         optimize PNG (ryg)
        -: 7735:                         fix bug in interlaced PNG with user-specified channel count (stb)
        -: 7736:      1.46  (2014-08-26)
        -: 7737:              fix broken tRNS chunk (colorkey-style transparency) in non-paletted PNG
        -: 7738:      1.45  (2014-08-16)
        -: 7739:              fix MSVC-ARM internal compiler error by wrapping malloc
        -: 7740:      1.44  (2014-08-07)
        -: 7741:              various warning fixes from Ronny Chevalier
        -: 7742:      1.43  (2014-07-15)
        -: 7743:              fix MSVC-only compiler problem in code changed in 1.42
        -: 7744:      1.42  (2014-07-09)
        -: 7745:              don't define _CRT_SECURE_NO_WARNINGS (affects user code)
        -: 7746:              fixes to stbi__cleanup_jpeg path
        -: 7747:              added STBI_ASSERT to avoid requiring assert.h
        -: 7748:      1.41  (2014-06-25)
        -: 7749:              fix search&replace from 1.36 that messed up comments/error messages
        -: 7750:      1.40  (2014-06-22)
        -: 7751:              fix gcc struct-initialization warning
        -: 7752:      1.39  (2014-06-15)
        -: 7753:              fix to TGA optimization when req_comp != number of components in TGA;
        -: 7754:              fix to GIF loading because BMP wasn't rewinding (whoops, no GIFs in my test suite)
        -: 7755:              add support for BMP version 5 (more ignored fields)
        -: 7756:      1.38  (2014-06-06)
        -: 7757:              suppress MSVC warnings on integer casts truncating values
        -: 7758:              fix accidental rename of 'skip' field of I/O
        -: 7759:      1.37  (2014-06-04)
        -: 7760:              remove duplicate typedef
        -: 7761:      1.36  (2014-06-03)
        -: 7762:              convert to header file single-file library
        -: 7763:              if de-iphone isn't set, load iphone images color-swapped instead of returning NULL
        -: 7764:      1.35  (2014-05-27)
        -: 7765:              various warnings
        -: 7766:              fix broken STBI_SIMD path
        -: 7767:              fix bug where stbi_load_from_file no longer left file pointer in correct place
        -: 7768:              fix broken non-easy path for 32-bit BMP (possibly never used)
        -: 7769:              TGA optimization by Arseny Kapoulkine
        -: 7770:      1.34  (unknown)
        -: 7771:              use STBI_NOTUSED in stbi__resample_row_generic(), fix one more leak in tga failure case
        -: 7772:      1.33  (2011-07-14)
        -: 7773:              make stbi_is_hdr work in STBI_NO_HDR (as specified), minor compiler-friendly improvements
        -: 7774:      1.32  (2011-07-13)
        -: 7775:              support for "info" function for all supported filetypes (SpartanJ)
        -: 7776:      1.31  (2011-06-20)
        -: 7777:              a few more leak fixes, bug in PNG handling (SpartanJ)
        -: 7778:      1.30  (2011-06-11)
        -: 7779:              added ability to load files via callbacks to accomidate custom input streams (Ben Wenger)
        -: 7780:              removed deprecated format-specific test/load functions
        -: 7781:              removed support for installable file formats (stbi_loader) -- would have been broken for IO callbacks anyway
        -: 7782:              error cases in bmp and tga give messages and don't leak (Raymond Barbiero, grisha)
        -: 7783:              fix inefficiency in decoding 32-bit BMP (David Woo)
        -: 7784:      1.29  (2010-08-16)
        -: 7785:              various warning fixes from Aurelien Pocheville
        -: 7786:      1.28  (2010-08-01)
        -: 7787:              fix bug in GIF palette transparency (SpartanJ)
        -: 7788:      1.27  (2010-08-01)
        -: 7789:              cast-to-stbi_uc to fix warnings
        -: 7790:      1.26  (2010-07-24)
        -: 7791:              fix bug in file buffering for PNG reported by SpartanJ
        -: 7792:      1.25  (2010-07-17)
        -: 7793:              refix trans_data warning (Won Chun)
        -: 7794:      1.24  (2010-07-12)
        -: 7795:              perf improvements reading from files on platforms with lock-heavy fgetc()
        -: 7796:              minor perf improvements for jpeg
        -: 7797:              deprecated type-specific functions so we'll get feedback if they're needed
        -: 7798:              attempt to fix trans_data warning (Won Chun)
        -: 7799:      1.23    fixed bug in iPhone support
        -: 7800:      1.22  (2010-07-10)
        -: 7801:              removed image *writing* support
        -: 7802:              stbi_info support from Jetro Lauha
        -: 7803:              GIF support from Jean-Marc Lienher
        -: 7804:              iPhone PNG-extensions from James Brown
        -: 7805:              warning-fixes from Nicolas Schulz and Janez Zemva (i.stbi__err. Janez (U+017D)emva)
        -: 7806:      1.21    fix use of 'stbi_uc' in header (reported by jon blow)
        -: 7807:      1.20    added support for Softimage PIC, by Tom Seddon
        -: 7808:      1.19    bug in interlaced PNG corruption check (found by ryg)
        -: 7809:      1.18  (2008-08-02)
        -: 7810:              fix a threading bug (local mutable static)
        -: 7811:      1.17    support interlaced PNG
        -: 7812:      1.16    major bugfix - stbi__convert_format converted one too many pixels
        -: 7813:      1.15    initialize some fields for thread safety
        -: 7814:      1.14    fix threadsafe conversion bug
        -: 7815:              header-file-only version (#define STBI_HEADER_FILE_ONLY before including)
        -: 7816:      1.13    threadsafe
        -: 7817:      1.12    const qualifiers in the API
        -: 7818:      1.11    Support installable IDCT, colorspace conversion routines
        -: 7819:      1.10    Fixes for 64-bit (don't use "unsigned long")
        -: 7820:              optimized upsampling by Fabian "ryg" Giesen
        -: 7821:      1.09    Fix format-conversion for PSD code (bad global variables!)
        -: 7822:      1.08    Thatcher Ulrich's PSD code integrated by Nicolas Schulz
        -: 7823:      1.07    attempt to fix C++ warning/errors again
        -: 7824:      1.06    attempt to fix C++ warning/errors again
        -: 7825:      1.05    fix TGA loading to return correct *comp and use good luminance calc
        -: 7826:      1.04    default float alpha is 1, not 255; use 'void *' for stbi_image_free
        -: 7827:      1.03    bugfixes to STBI_NO_STDIO, STBI_NO_HDR
        -: 7828:      1.02    support for (subset of) HDR files, float interface for preferred access to them
        -: 7829:      1.01    fix bug: possible bug in handling right-side up bmps... not sure
        -: 7830:              fix bug: the stbi__bmp_load() and stbi__tga_load() functions didn't work at all
        -: 7831:      1.00    interface to zlib that skips zlib header
        -: 7832:      0.99    correct handling of alpha in palette
        -: 7833:      0.98    TGA loader by lonesock; dynamically add loaders (untested)
        -: 7834:      0.97    jpeg errors on too large a file; also catch another malloc failure
        -: 7835:      0.96    fix detection of invalid v value - particleman@mollyrocket forum
        -: 7836:      0.95    during header scan, seek to markers in case of padding
        -: 7837:      0.94    STBI_NO_STDIO to disable stdio usage; rename all #defines the same
        -: 7838:      0.93    handle jpegtran output; verbose errors
        -: 7839:      0.92    read 4,8,16,24,32-bit BMP files of several formats
        -: 7840:      0.91    output 24-bit Windows 3.0 BMP files
        -: 7841:      0.90    fix a few more warnings; bump version number to approach 1.0
        -: 7842:      0.61    bugfixes due to Marc LeBlanc, Christopher Lloyd
        -: 7843:      0.60    fix compiling as c++
        -: 7844:      0.59    fix warnings: merge Dave Moore's -Wall fixes
        -: 7845:      0.58    fix bug: zlib uncompressed mode len/nlen was wrong endian
        -: 7846:      0.57    fix bug: jpg last huffman symbol before marker was >9 bits but less than 16 available
        -: 7847:      0.56    fix bug: zlib uncompressed mode len vs. nlen
        -: 7848:      0.55    fix bug: restart_interval not initialized to 0
        -: 7849:      0.54    allow NULL for 'int *comp'
        -: 7850:      0.53    fix bug in png 3->4; speedup png decoding
        -: 7851:      0.52    png handles req_comp=3,4 directly; minor cleanup; jpeg comments
        -: 7852:      0.51    obey req_comp requests, 1-component jpegs return as 1-component,
        -: 7853:              on 'test' only check type, not whether we support this variant
        -: 7854:      0.50  (2006-11-19)
        -: 7855:              first released version
        -: 7856:*/
        -: 7857:
        -: 7858:
        -: 7859:/*
        -: 7860:Copyright (c) 2017 Sean Barrett
        -: 7861:Permission is hereby granted, free of charge, to any person obtaining a copy of
        -: 7862:this software and associated documentation files (the "Software"), to deal in
        -: 7863:the Software without restriction, including without limitation the rights to
        -: 7864:use, copy, modify, merge, publish, distribute, sublicense, and/or sell copies
        -: 7865:of the Software, and to permit persons to whom the Software is furnished to do
        -: 7866:so, subject to the following conditions:
        -: 7867:The above copyright notice and this permission notice shall be included in all
        -: 7868:copies or substantial portions of the Software.
        -: 7869:THE SOFTWARE IS PROVIDED "AS IS", WITHOUT WARRANTY OF ANY KIND, EXPRESS OR
        -: 7870:IMPLIED, INCLUDING BUT NOT LIMITED TO THE WARRANTIES OF MERCHANTABILITY,
        -: 7871:FITNESS FOR A PARTICULAR PURPOSE AND NONINFRINGEMENT. IN NO EVENT SHALL THE
        -: 7872:AUTHORS OR COPYRIGHT HOLDERS BE LIABLE FOR ANY CLAIM, DAMAGES OR OTHER
        -: 7873:LIABILITY, WHETHER IN AN ACTION OF CONTRACT, TORT OR OTHERWISE, ARISING FROM,
        -: 7874:OUT OF OR IN CONNECTION WITH THE SOFTWARE OR THE USE OR OTHER DEALINGS IN THE
        -: 7875:SOFTWARE.
        -: 7876:*/
        -: 7877:
