        -:    0:Source:/home/kaappo/git/raytracercpp/src/core/light/Intensity.cpp
        -:    0:Graph:/home/kaappo/git/raytracercpp/cmake-build-debug-coverage/CMakeFiles/Main.dir/src/core/light/Intensity.cpp.gcno
        -:    0:Data:/home/kaappo/git/raytracercpp/cmake-build-debug-coverage/CMakeFiles/Main.dir/src/core/light/Intensity.cpp.gcda
        -:    0:Runs:1
        -:    1://
        -:    2:// Created by kaappo on 10.9.2021.
        -:    3://
        -:    4:#include <iostream>
        -:    5:#include <cmath>
        -:    6:
        -:    7:#include "Intensity.h"
        -:    8:#include "Intensity.h"
        -:    9:
        -:   10:
function _ZN9IntensityC2Eddd called 120006 returned 100% blocks executed 100%
  160009*:   11:Intensity::Intensity (double r, double g, double b) : m_r{r}, m_g{g}, m_b{b} {}
        -:   12://Intensity::Intensity(Intensity &&original) noexcept: m_r{original.r()}, m_g{original.g()}, m_b{original.b()} {}
        -:   13://Intensity &Intensity::operator=(Intensity &&original) noexcept {
        -:   14://    m_r = original.r();
        -:   15://    m_g = original.g();
        -:   16://    m_b = original.b();
        -:   17://    return *this;
        -:   18://}
        -:   19:
function _ZlsRSoRK9Intensity called 2256 returned 100% blocks executed 100%
     2256:   20:std::ostream& operator<< (std::ostream& ostream, const Intensity& color) {
     2256:   20-block  0
call    0 returned 2256
     6768:   21:    return ostream << "Intensity(" << color.m_r << ", " << color.m_g << ", " << color.m_b << ")";
call    0 returned 2256
call    1 returned 2256
call    2 returned 2256
        -:   22:}
        -:   23:
function _ZNK9Intensity1rEv called 0 returned 0% blocks executed 0%
    #####:   24:double Intensity::r () const {
  120003*:   25:    return m_r;
        -:   26:}
        -:   27:
function _ZNK9Intensity1gEv called 0 returned 0% blocks executed 0%
    #####:   28:double Intensity::g () const {
  120003*:   29:    return m_g;
        -:   30:}
        -:   31:
function _ZNK9Intensity1bEv called 0 returned 0% blocks executed 0%
    #####:   32:double Intensity::b () const {
  120003*:   33:    return m_b;
        -:   34:}
        -:   35:
function _ZNK9IntensitymlEd called 3 returned 100% blocks executed 100%
        3:   36:Intensity Intensity::operator* (double coeff) const {
    40003:   37:    return {r() * coeff, g() * coeff, b() * coeff};
        -:   38:}
        -:   39:
function _ZNK9IntensitymlERKS_ called 0 returned 0% blocks executed 0%
    #####:   40:Intensity Intensity::operator* (const Intensity& other) const {
    #####:   41:    return {r() * other.r(), g() * other.g(), b() * other.b()};
        -:   42:}
        -:   43:
function _ZNK9IntensityplERKS_ called 0 returned 0% blocks executed 0%
    #####:   44:Intensity Intensity::operator+ (const Intensity& other) const {
    #####:   45:    return {r() + other.r(), g() + other.g(), b() + other.b()};
        -:   46:}
        -:   47:
function _ZN9IntensitypLERKS_ called 40000 returned 100% blocks executed 100%
    40000:   48:Intensity Intensity::operator+= (const Intensity& other) {
    40000:   49:    m_r += other.r();
    40000:   50:    m_g += other.g();
    40000:   51:    m_b += other.b();
    40000:   52:    return *this;
        -:   53:}
        -:   54:
function _ZNK9Intensity10applyGammaEd called 40000 returned 100% blocks executed 100%
    40000:   55:Color Intensity::applyGamma (double gamma) const {
    40000:   56:    return {pow(r(), 1.0 / gamma), pow(g(), 1.0 / gamma), pow(b(), 1.0 / gamma), gamma};
    40000:   56-block  0
call    0 returned 40000
        -:   57:}
        -:   58:
function _ZNK9IntensitydvEd called 40000 returned 100% blocks executed 100%
    40000:   59:Intensity Intensity::operator/ (double coeff) const {
    40000:   60:    return *this * (1 / coeff);
        -:   61:}
        -:   62:
