        -:    0:Source:/home/kaappo/git/raytracercpp/src/core/engine/SolidTexture.h
        -:    0:Graph:/home/kaappo/git/raytracercpp/cmake-build-debug-coverage/CMakeFiles/Main.dir/main.cpp.gcno
        -:    0:Data:/home/kaappo/git/raytracercpp/cmake-build-debug-coverage/CMakeFiles/Main.dir/main.cpp.gcda
        -:    0:Runs:1
        -:    1://
        -:    2:// Created by kaappo on 21.9.2021.
        -:    3://
        -:    4:
        -:    5:#pragma once
        -:    6:
        -:    7:
        -:    8:#include "Texture.h"
        -:    9:
        1:   10:class SolidTexture : public Texture {
        -:   11:private:
        -:   12:    Intensity intensity;
        -:   13:public:
        -:   14:    explicit SolidTexture (const Intensity& intensity);
        -:   15:
        -:   16:public:
        -:   17:    Intensity get_pixel_at (const MyVector3& uv) const override;
        -:   18:};
        -:   19:
        -:   20:
        -:   21:
