        -:    0:Source:/home/kaappo/git/raytracercpp/src/core/engine/Material.h
        -:    0:Graph:/home/kaappo/git/raytracercpp/cmake-build-debug-coverage/CMakeFiles/Main.dir/main.cpp.gcno
        -:    0:Data:/home/kaappo/git/raytracercpp/cmake-build-debug-coverage/CMakeFiles/Main.dir/main.cpp.gcda
        -:    0:Runs:1
        -:    1://
        -:    2:// Created by kaappo on 12.9.2021.
        -:    3://
        -:    4:
        -:    5:#pragma once
        -:    6:
        -:    7:#include <memory>
        -:    8:#include <ostream>
        -:    9:#include "../common/MyVector3.h"
        -:   10:#include "../light/Intensity.h"
        -:   11:#include "Texture.h"
        -:   12:#include "SolidTexture.h"
        -:   13:
        4:   14:struct Material {
        1:   14-block  0
branch  0 taken 1 (fallthrough)
branch  1 taken 0
        1:   14-block  1
branch  2 taken 1 (fallthrough)
branch  3 taken 0
        1:   14-block  2
branch  4 taken 1 (fallthrough)
branch  5 taken 0
        1:   14-block  3
branch  6 taken 1 (fallthrough)
branch  7 taken 0
    $$$$$:   14-block  4
    $$$$$:   14-block  5
    $$$$$:   14-block  6
    $$$$$:   14-block  7
        -:   15:    const std::shared_ptr<Texture> albedo;
        -:   16:    double glossiness;
        -:   17:
        3:   18:    Material (const std::shared_ptr<Texture>& albedo, double glossiness) : albedo{albedo}, glossiness{glossiness} {}
call    0 returned 1
branch  1 taken 1 (fallthrough)
branch  2 taken 0
call    3 returned 1
branch  4 taken 1 (fallthrough)
branch  5 taken 0
        1:   18-block  0
call    6 returned 1
branch  7 taken 1 (fallthrough)
branch  8 taken 0
        1:   19:    explicit Material (const std::shared_ptr<Texture>& albedo) : albedo{albedo}, glossiness{0} {}
call    0 returned 1
branch  1 taken 1 (fallthrough)
branch  2 taken 0
        -:   20:
        -:   21:    Material(const Material& other) = delete;
        -:   22:    void operator=(const Material& other) = delete;
        -:   23:
        -:   24:public:
        -:   25:    Intensity get_albedo_at (const MyVector3& uv) const;
        -:   26:
        -:   27:    friend std::ostream& operator<< (std::ostream& os, const Material& material);
        -:   28:};
        -:   29:
        -:   30:
        -:   31:namespace Materials {
        -:   32:    extern const Material WHITE;
        -:   33:}
