        -:    0:Source:/usr/include/c++/10/bits/allocator.h
        -:    0:Graph:/home/kaappo/git/raytracercpp/cmake-build-debug-coverage/CMakeFiles/Main.dir/main.cpp.gcno
        -:    0:Data:/home/kaappo/git/raytracercpp/cmake-build-debug-coverage/CMakeFiles/Main.dir/main.cpp.gcda
        -:    0:Runs:1
        -:    1:// Allocators -*- C++ -*-
        -:    2:
        -:    3:// Copyright (C) 2001-2020 Free Software Foundation, Inc.
        -:    4://
        -:    5:// This file is part of the GNU ISO C++ Library.  This library is free
        -:    6:// software; you can redistribute it and/or modify it under the
        -:    7:// terms of the GNU General Public License as published by the
        -:    8:// Free Software Foundation; either version 3, or (at your option)
        -:    9:// any later version.
        -:   10:
        -:   11:// This library is distributed in the hope that it will be useful,
        -:   12:// but WITHOUT ANY WARRANTY; without even the implied warranty of
        -:   13:// MERCHANTABILITY or FITNESS FOR A PARTICULAR PURPOSE.  See the
        -:   14:// GNU General Public License for more details.
        -:   15:
        -:   16:// Under Section 7 of GPL version 3, you are granted additional
        -:   17:// permissions described in the GCC Runtime Library Exception, version
        -:   18:// 3.1, as published by the Free Software Foundation.
        -:   19:
        -:   20:// You should have received a copy of the GNU General Public License and
        -:   21:// a copy of the GCC Runtime Library Exception along with this program;
        -:   22:// see the files COPYING3 and COPYING.RUNTIME respectively.  If not, see
        -:   23:// <http://www.gnu.org/licenses/>.
        -:   24:
        -:   25:/*
        -:   26: * Copyright (c) 1996-1997
        -:   27: * Silicon Graphics Computer Systems, Inc.
        -:   28: *
        -:   29: * Permission to use, copy, modify, distribute and sell this software
        -:   30: * and its documentation for any purpose is hereby granted without fee,
        -:   31: * provided that the above copyright notice appear in all copies and
        -:   32: * that both that copyright notice and this permission notice appear
        -:   33: * in supporting documentation.  Silicon Graphics makes no
        -:   34: * representations about the suitability of this software for any
        -:   35: * purpose.  It is provided "as is" without express or implied warranty.
        -:   36: */
        -:   37:
        -:   38:/** @file bits/allocator.h
        -:   39: *  This is an internal header file, included by other library headers.
        -:   40: *  Do not attempt to use it directly. @headername{memory}
        -:   41: */
        -:   42:
        -:   43:#ifndef _ALLOCATOR_H
        -:   44:#define _ALLOCATOR_H 1
        -:   45:
        -:   46:#include <bits/c++allocator.h> // Define the base class to std::allocator.
        -:   47:#include <bits/memoryfwd.h>
        -:   48:#if __cplusplus >= 201103L
        -:   49:#include <type_traits>
        -:   50:#endif
        -:   51:
        -:   52:#define __cpp_lib_incomplete_container_elements 201505
        -:   53:
        -:   54:namespace std _GLIBCXX_VISIBILITY(default)
        -:   55:{
        -:   56:_GLIBCXX_BEGIN_NAMESPACE_VERSION
        -:   57:
        -:   58:  /**
        -:   59:   *  @addtogroup allocators
        -:   60:   *  @{
        -:   61:   */
        -:   62:
        -:   63:  /// allocator<void> specialization.
        -:   64:  template<>
        -:   65:    class allocator<void>
        -:   66:    {
        -:   67:    public:
        -:   68:      typedef void        value_type;
        -:   69:      typedef size_t      size_type;
        -:   70:      typedef ptrdiff_t   difference_type;
        -:   71:#if __cplusplus <= 201703L
        -:   72:      typedef void*       pointer;
        -:   73:      typedef const void* const_pointer;
        -:   74:
        -:   75:      template<typename _Tp1>
        -:   76:	struct rebind
        -:   77:	{ typedef allocator<_Tp1> other; };
        -:   78:#else
        -:   79:      allocator() = default;
        -:   80:
        -:   81:      template<typename _Up>
        -:   82:	constexpr
        -:   83:	allocator(const allocator<_Up>&) { }
        -:   84:#endif // ! C++20
        -:   85:
        -:   86:#if __cplusplus >= 201103L && __cplusplus <= 201703L
        -:   87:      // _GLIBCXX_RESOLVE_LIB_DEFECTS
        -:   88:      // 2103. std::allocator propagate_on_container_move_assignment
        -:   89:      typedef true_type propagate_on_container_move_assignment;
        -:   90:
        -:   91:      typedef true_type is_always_equal;
        -:   92:
        -:   93:      template<typename _Up, typename... _Args>
        -:   94:	void
        -:   95:	construct(_Up* __p, _Args&&... __args)
        -:   96:	noexcept(std::is_nothrow_constructible<_Up, _Args...>::value)
        -:   97:	{ ::new((void *)__p) _Up(std::forward<_Args>(__args)...); }
        -:   98:
        -:   99:      template<typename _Up>
        -:  100:	void
        -:  101:	destroy(_Up* __p)
        -:  102:	noexcept(std::is_nothrow_destructible<_Up>::value)
        -:  103:	{ __p->~_Up(); }
        -:  104:#endif // C++11 to C++17
        -:  105:    };
        -:  106:
        -:  107:  /**
        -:  108:   * @brief  The @a standard allocator, as per [20.4].
        -:  109:   *
        -:  110:   *  See https://gcc.gnu.org/onlinedocs/libstdc++/manual/memory.html#std.util.memory.allocator
        -:  111:   *  for further details.
        -:  112:   *
        -:  113:   *  @tparam  _Tp  Type of allocated object.
        -:  114:   */
        -:  115:  template<typename _Tp>
        -:  116:    class allocator : public __allocator_base<_Tp>
        -:  117:    {
        -:  118:    public:
        -:  119:      typedef _Tp        value_type;
        -:  120:      typedef size_t     size_type;
        -:  121:      typedef ptrdiff_t  difference_type;
        -:  122:#if __cplusplus <= 201703L
        -:  123:      typedef _Tp*       pointer;
        -:  124:      typedef const _Tp* const_pointer;
        -:  125:      typedef _Tp&       reference;
        -:  126:      typedef const _Tp& const_reference;
        -:  127:
        -:  128:      template<typename _Tp1>
        -:  129:	struct rebind
        -:  130:	{ typedef allocator<_Tp1> other; };
        -:  131:#endif
        -:  132:
        -:  133:#if __cplusplus >= 201103L
        -:  134:      // _GLIBCXX_RESOLVE_LIB_DEFECTS
        -:  135:      // 2103. std::allocator propagate_on_container_move_assignment
        -:  136:      typedef true_type propagate_on_container_move_assignment;
        -:  137:
        -:  138:      typedef true_type is_always_equal;
        -:  139:#endif
        -:  140:
        -:  141:      // _GLIBCXX_RESOLVE_LIB_DEFECTS
        -:  142:      // 3035. std::allocator's constructors should be constexpr
        -:  143:      _GLIBCXX20_CONSTEXPR
        -:  144:      allocator() _GLIBCXX_NOTHROW { }
        -:  145:
        -:  146:      _GLIBCXX20_CONSTEXPR
        -:  147:      allocator(const allocator& __a) _GLIBCXX_NOTHROW
        -:  148:      : __allocator_base<_Tp>(__a) { }
        -:  149:
        -:  150:#if __cplusplus >= 201103L
        -:  151:      // Avoid implicit deprecation.
        -:  152:      allocator& operator=(const allocator&) = default;
        -:  153:#endif
        -:  154:
        -:  155:      template<typename _Tp1>
        -:  156:	_GLIBCXX20_CONSTEXPR
        -:  157:	allocator(const allocator<_Tp1>&) _GLIBCXX_NOTHROW { }
        -:  158:
        -:  159:#if __cpp_constexpr_dynamic_alloc
        -:  160:      constexpr
        -:  161:#endif
        -:  162:      ~allocator() _GLIBCXX_NOTHROW { }
        -:  163:
        -:  164:#if __cplusplus > 201703L
        -:  165:      [[nodiscard,__gnu__::__always_inline__]]
        -:  166:      constexpr _Tp*
        -:  167:      allocate(size_t __n)
        -:  168:      {
        -:  169:#ifdef __cpp_lib_is_constant_evaluated
        -:  170:	if (std::is_constant_evaluated())
        -:  171:	  return static_cast<_Tp*>(::operator new(__n * sizeof(_Tp)));
        -:  172:#endif
   43784*:  173:	return __allocator_base<_Tp>::allocate(__n, 0);
        3:  173-block  0
call    0 returned 3
      200:  173-block  1
call    1 returned 200
        2:  173-block  2
call    2 returned 2
        2:  173-block  3
call    3 returned 2
       10:  173-block  4
call    4 returned 10
        1:  173-block  5
call    5 returned 1
        1:  173-block  6
call    6 returned 1
        1:  173-block  7
call    7 returned 1
        2:  173-block  8
call    8 returned 2
        1:  173-block  9
call    9 returned 1
        1:  173-block 10
call   10 returned 1
     2256:  173-block 11
call   11 returned 2256
        1:  173-block 12
call   12 returned 1
        2:  173-block 13
call   13 returned 2
        2:  173-block 14
call   14 returned 2
     6768:  173-block 15
call   15 returned 6768
     2256:  173-block 16
call   16 returned 2256
     6913:  173-block 17
call   17 returned 6913
        1:  173-block 18
call   18 returned 1
        1:  173-block 19
call   19 returned 1
        4:  173-block 20
call   20 returned 4
       13:  173-block 21
call   21 returned 13
    %%%%%:  173-block 22
call   22 never executed
       28:  173-block 23
call   23 returned 28
     6796:  173-block 24
call   24 returned 6796
    %%%%%:  173-block 25
call   25 never executed
       24:  173-block 26
call   26 returned 24
        1:  173-block 27
call   27 returned 1
    18492:  173-block 28
call   28 returned 18492
        1:  173-block 29
call   29 returned 1
        1:  173-block 30
call   30 returned 1
        -:  174:      }
        -:  175:
        -:  176:      [[__gnu__::__always_inline__]]
        -:  177:      constexpr void
        -:  178:      deallocate(_Tp* __p, size_t __n)
        -:  179:      {
        -:  180:#ifdef __cpp_lib_is_constant_evaluated
        -:  181:	if (std::is_constant_evaluated())
        -:  182:	  {
        -:  183:	    ::operator delete(__p);
        -:  184:	    return;
        -:  185:	  }
        -:  186:#endif
   46653*:  187:	  __allocator_base<_Tp>::deallocate(__p, __n);
     2257:  187-block  0
call    0 returned 2257
     2673:  187-block  1
call    1 returned 2673
        1:  187-block  2
call    2 returned 1
        3:  187-block  3
call    3 returned 3
        1:  187-block  4
call    4 returned 1
       12:  187-block  5
call    5 returned 12
        2:  187-block  6
call    6 returned 2
        1:  187-block  7
call    7 returned 1
    $$$$$:  187-block  8
call    8 never executed
    $$$$$:  187-block  9
call    9 never executed
    $$$$$:  187-block 10
call   10 never executed
    $$$$$:  187-block 11
call   11 never executed
    $$$$$:  187-block 12
call   12 never executed
    $$$$$:  187-block 13
call   13 never executed
    $$$$$:  187-block 14
call   14 never executed
    $$$$$:  187-block 15
call   15 never executed
    $$$$$:  187-block 16
call   16 never executed
    $$$$$:  187-block 17
call   17 never executed
      400:  187-block 18
call   18 returned 400
    %%%%%:  187-block 19
call   19 never executed
     4512:  187-block 20
call   20 returned 4512
    %%%%%:  187-block 21
call   21 never executed
     2256:  187-block 22
call   22 returned 2256
    %%%%%:  187-block 23
call   23 never executed
       12:  187-block 24
call   24 returned 12
    %%%%%:  187-block 25
call   25 never executed
    $$$$$:  187-block 26
call   26 never executed
       26:  187-block 27
call   27 returned 26
     4538:  187-block 28
call   28 returned 4538
    %%%%%:  187-block 29
call   29 never executed
       22:  187-block 30
call   30 returned 22
    %%%%%:  187-block 31
call   31 never executed
    $$$$$:  187-block 32
call   32 never executed
    %%%%%:  187-block 33
call   33 never executed
    %%%%%:  187-block 34
call   34 never executed
    %%%%%:  187-block 35
call   35 never executed
    %%%%%:  187-block 36
call   36 never executed
    11576:  187-block 37
call   37 returned 11576
    $$$$$:  187-block 38
call   38 never executed
    $$$$$:  187-block 39
call   39 never executed
    $$$$$:  187-block 40
call   40 never executed
        2:  187-block 41
call   41 returned 2
    $$$$$:  187-block 42
call   42 never executed
    $$$$$:  187-block 43
call   43 never executed
    $$$$$:  187-block 44
call   44 never executed
       10:  187-block 45
call   45 returned 10
    $$$$$:  187-block 46
call   46 never executed
     6916:  187-block 47
call   47 returned 6916
    %%%%%:  187-block 48
call   48 never executed
        1:  187-block 49
call   49 returned 1
    %%%%%:  187-block 50
call   50 never executed
    %%%%%:  187-block 51
call   51 never executed
    $$$$$:  187-block 52
call   52 never executed
        1:  187-block 53
call   53 returned 1
        1:  187-block 54
call   54 returned 1
        1:  187-block 55
call   55 returned 1
    $$$$$:  187-block 56
call   56 never executed
    $$$$$:  187-block 57
call   57 never executed
    $$$$$:  187-block 58
call   58 never executed
        1:  187-block 59
call   59 returned 1
    $$$$$:  187-block 60
call   60 never executed
    %%%%%:  187-block 61
call   61 never executed
    %%%%%:  187-block 62
call   62 never executed
    %%%%%:  187-block 63
call   63 never executed
    %%%%%:  187-block 64
call   64 never executed
    %%%%%:  187-block 65
call   65 never executed
    %%%%%:  187-block 66
call   66 never executed
    %%%%%:  187-block 67
call   67 never executed
    %%%%%:  187-block 68
call   68 never executed
    %%%%%:  187-block 69
call   69 never executed
    %%%%%:  187-block 70
call   70 never executed
    %%%%%:  187-block 71
call   71 never executed
    %%%%%:  187-block 72
call   72 never executed
    %%%%%:  187-block 73
call   73 never executed
    %%%%%:  187-block 74
call   74 never executed
    %%%%%:  187-block 75
call   75 never executed
    %%%%%:  187-block 76
call   76 never executed
    %%%%%:  187-block 77
call   77 never executed
    %%%%%:  187-block 78
call   78 never executed
    %%%%%:  187-block 79
call   79 never executed
    %%%%%:  187-block 80
call   80 never executed
    %%%%%:  187-block 81
call   81 never executed
    %%%%%:  187-block 82
call   82 never executed
    %%%%%:  187-block 83
call   83 never executed
    %%%%%:  187-block 84
call   84 never executed
    %%%%%:  187-block 85
call   85 never executed
    %%%%%:  187-block 86
call   86 never executed
    %%%%%:  187-block 87
call   87 never executed
    %%%%%:  187-block 88
call   88 never executed
    %%%%%:  187-block 89
call   89 never executed
    %%%%%:  187-block 90
call   90 never executed
    %%%%%:  187-block 91
call   91 never executed
    %%%%%:  187-block 92
call   92 never executed
    %%%%%:  187-block 93
call   93 never executed
    %%%%%:  187-block 94
call   94 never executed
    %%%%%:  187-block 95
call   95 never executed
    %%%%%:  187-block 96
call   96 never executed
    $$$$$:  187-block 97
call   97 never executed
    $$$$$:  187-block 98
call   98 never executed
    $$$$$:  187-block 99
call   99 never executed
    $$$$$:  187-block 100
call   100 never executed
    $$$$$:  187-block 101
call   101 never executed
    $$$$$:  187-block 102
call   102 never executed
    $$$$$:  187-block 103
call   103 never executed
    $$$$$:  187-block 104
call   104 never executed
    $$$$$:  187-block 105
call   105 never executed
    $$$$$:  187-block 106
call   106 never executed
    $$$$$:  187-block 107
call   107 never executed
    $$$$$:  187-block 108
call   108 never executed
    $$$$$:  187-block 109
call   109 never executed
    %%%%%:  187-block 110
call   110 never executed
    $$$$$:  187-block 111
call   111 never executed
     2249:  187-block 112
call   112 returned 2249
    %%%%%:  187-block 113
call   113 never executed
    %%%%%:  187-block 114
call   114 never executed
    $$$$$:  187-block 115
call   115 never executed
    $$$$$:  187-block 116
call   116 never executed
    $$$$$:  187-block 117
call   117 never executed
    %%%%%:  187-block 118
call   118 never executed
    %%%%%:  187-block 119
call   119 never executed
    %%%%%:  187-block 120
call   120 never executed
    %%%%%:  187-block 121
call   121 never executed
    %%%%%:  187-block 122
call   122 never executed
    %%%%%:  187-block 123
call   123 never executed
    %%%%%:  187-block 124
call   124 never executed
    %%%%%:  187-block 125
call   125 never executed
    %%%%%:  187-block 126
call   126 never executed
    %%%%%:  187-block 127
call   127 never executed
    %%%%%:  187-block 128
call   128 never executed
    %%%%%:  187-block 129
call   129 never executed
     1202:  187-block 130
call   130 returned 1202
    %%%%%:  187-block 131
call   131 never executed
    %%%%%:  187-block 132
call   132 never executed
    %%%%%:  187-block 133
call   133 never executed
    %%%%%:  187-block 134
call   134 never executed
    %%%%%:  187-block 135
call   135 never executed
     1202:  187-block 136
call   136 returned 1202
    %%%%%:  187-block 137
call   137 never executed
    %%%%%:  187-block 138
call   138 never executed
     2256:  187-block 139
call   139 returned 2256
     2256:  187-block 140
call   140 returned 2256
     2256:  187-block 141
call   141 returned 2256
    %%%%%:  187-block 142
call   142 never executed
    %%%%%:  187-block 143
call   143 never executed
    %%%%%:  187-block 144
call   144 never executed
    %%%%%:  187-block 145
call   145 never executed
    %%%%%:  187-block 146
call   146 never executed
    %%%%%:  187-block 147
call   147 never executed
    %%%%%:  187-block 148
call   148 never executed
    %%%%%:  187-block 149
call   149 never executed
    %%%%%:  187-block 150
call   150 never executed
    %%%%%:  187-block 151
call   151 never executed
    %%%%%:  187-block 152
call   152 never executed
    %%%%%:  187-block 153
call   153 never executed
        1:  187-block 154
call   154 returned 1
    %%%%%:  187-block 155
call   155 never executed
        1:  187-block 156
call   156 returned 1
        1:  187-block 157
call   157 returned 1
        1:  187-block 158
call   158 returned 1
    %%%%%:  187-block 159
call   159 never executed
        1:  187-block 160
call   160 returned 1
    $$$$$:  187-block 161
call   161 never executed
    $$$$$:  187-block 162
call   162 never executed
    $$$$$:  187-block 163
call   163 never executed
    $$$$$:  187-block 164
call   164 never executed
    $$$$$:  187-block 165
call   165 never executed
    $$$$$:  187-block 166
call   166 never executed
    $$$$$:  187-block 167
call   167 never executed
    $$$$$:  187-block 168
call   168 never executed
    $$$$$:  187-block 169
call   169 never executed
    $$$$$:  187-block 170
call   170 never executed
    $$$$$:  187-block 171
call   171 never executed
    $$$$$:  187-block 172
call   172 never executed
    $$$$$:  187-block 173
call   173 never executed
    $$$$$:  187-block 174
call   174 never executed
    $$$$$:  187-block 175
call   175 never executed
    $$$$$:  187-block 176
call   176 never executed
    $$$$$:  187-block 177
call   177 never executed
    $$$$$:  187-block 178
call   178 never executed
    $$$$$:  187-block 179
call   179 never executed
    $$$$$:  187-block 180
call   180 never executed
    $$$$$:  187-block 181
call   181 never executed
    $$$$$:  187-block 182
call   182 never executed
    $$$$$:  187-block 183
call   183 never executed
    $$$$$:  187-block 184
call   184 never executed
    $$$$$:  187-block 185
call   185 never executed
    $$$$$:  187-block 186
call   186 never executed
    $$$$$:  187-block 187
call   187 never executed
    $$$$$:  187-block 188
call   188 never executed
    $$$$$:  187-block 189
call   189 never executed
        1:  187-block 190
call   190 returned 1
        1:  187-block 191
call   191 returned 1
    %%%%%:  187-block 192
call   192 never executed
    %%%%%:  187-block 193
call   193 never executed
    %%%%%:  187-block 194
call   194 never executed
    %%%%%:  187-block 195
call   195 never executed
    %%%%%:  187-block 196
call   196 never executed
    $$$$$:  187-block 197
call   197 never executed
    $$$$$:  187-block 198
call   198 never executed
    $$$$$:  187-block 199
call   199 never executed
    $$$$$:  187-block 200
call   200 never executed
    $$$$$:  187-block 201
call   201 never executed
    $$$$$:  187-block 202
call   202 never executed
    $$$$$:  187-block 203
call   203 never executed
        -:  188:      }
        -:  189:#endif // C++20
        -:  190:
        -:  191:      friend _GLIBCXX20_CONSTEXPR bool
        -:  192:      operator==(const allocator&, const allocator&) _GLIBCXX_NOTHROW
        -:  193:      { return true; }
        -:  194:
        -:  195:#if __cpp_impl_three_way_comparison < 201907L
        -:  196:      friend _GLIBCXX20_CONSTEXPR bool
        -:  197:      operator!=(const allocator&, const allocator&) _GLIBCXX_NOTHROW
        -:  198:      { return false; }
        -:  199:#endif
        -:  200:
        -:  201:      // Inherit everything else.
        -:  202:    };
        -:  203:
        -:  204:  template<typename _T1, typename _T2>
        -:  205:    inline _GLIBCXX20_CONSTEXPR bool
        -:  206:    operator==(const allocator<_T1>&, const allocator<_T2>&)
        -:  207:    _GLIBCXX_NOTHROW
        -:  208:    { return true; }
        -:  209:
        -:  210:#if __cpp_impl_three_way_comparison < 201907L
        -:  211:  template<typename _T1, typename _T2>
        -:  212:    inline _GLIBCXX20_CONSTEXPR bool
        -:  213:    operator!=(const allocator<_T1>&, const allocator<_T2>&)
        -:  214:    _GLIBCXX_NOTHROW
        -:  215:    { return false; }
        -:  216:#endif
        -:  217:
        -:  218:  // Invalid allocator<cv T> partial specializations.
        -:  219:  // allocator_traits::rebind_alloc can be used to form a valid allocator type.
        -:  220:  template<typename _Tp>
        -:  221:    class allocator<const _Tp>
        -:  222:    {
        -:  223:    public:
        -:  224:      typedef _Tp value_type;
        -:  225:      template<typename _Up> allocator(const allocator<_Up>&) { }
        -:  226:    };
        -:  227:
        -:  228:  template<typename _Tp>
        -:  229:    class allocator<volatile _Tp>
        -:  230:    {
        -:  231:    public:
        -:  232:      typedef _Tp value_type;
        -:  233:      template<typename _Up> allocator(const allocator<_Up>&) { }
        -:  234:    };
        -:  235:
        -:  236:  template<typename _Tp>
        -:  237:    class allocator<const volatile _Tp>
        -:  238:    {
        -:  239:    public:
        -:  240:      typedef _Tp value_type;
        -:  241:      template<typename _Up> allocator(const allocator<_Up>&) { }
        -:  242:    };
        -:  243:
        -:  244:  /// @} group allocator
        -:  245:
        -:  246:  // Inhibit implicit instantiations for required instantiations,
        -:  247:  // which are defined via explicit instantiations elsewhere.
        -:  248:#if _GLIBCXX_EXTERN_TEMPLATE
        -:  249:  extern template class allocator<char>;
        -:  250:  extern template class allocator<wchar_t>;
        -:  251:#endif
        -:  252:
        -:  253:  // Undefine.
        -:  254:#undef __allocator_base
        -:  255:
        -:  256:  // To implement Option 3 of DR 431.
        -:  257:  template<typename _Alloc, bool = __is_empty(_Alloc)>
        -:  258:    struct __alloc_swap
        -:  259:    { static void _S_do_it(_Alloc&, _Alloc&) _GLIBCXX_NOEXCEPT { } };
        -:  260:
        -:  261:  template<typename _Alloc>
        -:  262:    struct __alloc_swap<_Alloc, false>
        -:  263:    {
        -:  264:      static void
        -:  265:      _S_do_it(_Alloc& __one, _Alloc& __two) _GLIBCXX_NOEXCEPT
        -:  266:      {
        -:  267:	// Precondition: swappable allocators.
        -:  268:	if (__one != __two)
        -:  269:	  swap(__one, __two);
        -:  270:      }
        -:  271:    };
        -:  272:
        -:  273:  // Optimize for stateless allocators.
        -:  274:  template<typename _Alloc, bool = __is_empty(_Alloc)>
        -:  275:    struct __alloc_neq
        -:  276:    {
        -:  277:      static bool
        -:  278:      _S_do_it(const _Alloc&, const _Alloc&)
        -:  279:      { return false; }
        -:  280:    };
        -:  281:
        -:  282:  template<typename _Alloc>
        -:  283:    struct __alloc_neq<_Alloc, false>
        -:  284:    {
        -:  285:      static bool
        -:  286:      _S_do_it(const _Alloc& __one, const _Alloc& __two)
        -:  287:      { return __one != __two; }
        -:  288:    };
        -:  289:
        -:  290:#if __cplusplus >= 201103L
        -:  291:  template<typename _Tp, bool
        -:  292:    = __or_<is_copy_constructible<typename _Tp::value_type>,
        -:  293:            is_nothrow_move_constructible<typename _Tp::value_type>>::value>
        -:  294:    struct __shrink_to_fit_aux
        -:  295:    { static bool _S_do_it(_Tp&) noexcept { return false; } };
        -:  296:
        -:  297:  template<typename _Tp>
        -:  298:    struct __shrink_to_fit_aux<_Tp, true>
        -:  299:    {
        -:  300:      static bool
        -:  301:      _S_do_it(_Tp& __c) noexcept
        -:  302:      {
        -:  303:#if __cpp_exceptions
        -:  304:	try
        -:  305:	  {
        -:  306:	    _Tp(__make_move_if_noexcept_iterator(__c.begin()),
        -:  307:		__make_move_if_noexcept_iterator(__c.end()),
        -:  308:		__c.get_allocator()).swap(__c);
        -:  309:	    return true;
        -:  310:	  }
        -:  311:	catch(...)
        -:  312:	  { return false; }
        -:  313:#else
        -:  314:	return false;
        -:  315:#endif
        -:  316:      }
        -:  317:    };
        -:  318:#endif
        -:  319:
        -:  320:_GLIBCXX_END_NAMESPACE_VERSION
        -:  321:} // namespace std
        -:  322:
        -:  323:#endif
