        -:    0:Source:/home/kaappo/git/raytracercpp/src/core/geometry/Objects.h
        -:    0:Graph:/home/kaappo/git/raytracercpp/cmake-build-debug-coverage/CMakeFiles/Main.dir/main.cpp.gcno
        -:    0:Data:/home/kaappo/git/raytracercpp/cmake-build-debug-coverage/CMakeFiles/Main.dir/main.cpp.gcda
        -:    0:Runs:1
        -:    1://
        -:    2:// Created by kaappo on 28.1.2022.
        -:    3://
        -:    4:
        -:    5:#pragma once
        -:    6:
        -:    7:
        -:    8:#include "Surface.h"
        -:    9:#include "../engine/Material.h"
        -:   10:
        6:   11:class Objects : public Surface {
        2:   11-block  0
call    0 returned 2
call    1 returned 2
branch  2 taken 2 (fallthrough)
branch  3 taken 0 (throw)
        1:   11-block  1
call    4 returned 1
call    5 returned 1
        1:   11-block  2
call    6 returned 1
call    7 returned 1
    $$$$$:   11-block  3
call    8 never executed
    $$$$$:   11-block  4
call    9 never executed
        -:   12:private:
        -:   13:    std::vector<std::shared_ptr<Surface>> surfaces;
        -:   14:public:
        -:   15:    Objects (const std::vector<std::shared_ptr<Surface>>& surfaces);
        -:   16:
        -:   17:public:
        -:   18://    MyVector3 getNormalAt (const MyVector3& position) const override;
        -:   19://    MyVector3 getUVAt (const MyVector3& position) const override;
        -:   20:    MyVector3 getNormalAt (const MyVector3& position) const override;
        -:   21:
        -:   22:    MyVector3 getUVAt (const MyVector3& position) const override;
        -:   23:
        -:   24:    const Material* getMaterial () const override;
        -:   25:
        -:   26:    double getIntersectionDistance (const Ray& ray, Surface*& hitSurface, const Material*& hitMaterial) override;
        -:   27://    std::optional<Intersection> get_intersection (const Ray& ray) const override;
        -:   28:    AABB getBoundingBox () const override;
        -:   29:
        -:   30://    double getIntersectionDistance (const Ray& ray, const Surface* hitSurface) const override;
        -:   31:
        -:   32://    AABB getBoundingBox () const override;
        -:   33:};
        -:   34:
        -:   35:
        -:   36:
