        -:    0:Source:/home/kaappo/git/raytracercpp/src/core/engine/ImageTexture.h
        -:    0:Graph:/home/kaappo/git/raytracercpp/cmake-build-debug-coverage/CMakeFiles/Main.dir/main.cpp.gcno
        -:    0:Data:/home/kaappo/git/raytracercpp/cmake-build-debug-coverage/CMakeFiles/Main.dir/main.cpp.gcda
        -:    0:Runs:1
        -:    1://
        -:    2:// Created by kaappo on 21.9.2021.
        -:    3://
        -:    4:
        -:    5:#pragma once
        -:    6:
        -:    7:
        -:    8:#include "Image.h"
        -:    9:#include "Texture.h"
        -:   10:
        1:   11:class ImageTexture : public Texture {
        1:   11-block  0
call    0 returned 1
        -:   12:private:
        -:   13:    Image image;
        -:   14:public:
        -:   15:    explicit ImageTexture (const std::string& path);
        -:   16:
        -:   17:    Intensity get_pixel_at (const MyVector3& uv) const override;
        -:   18:};
        -:   19:
        -:   20:
        -:   21:
