        -:    0:Source:/home/kaappo/git/raytracercpp/src/core/geometry/Hittable.h
        -:    0:Graph:/home/kaappo/git/raytracercpp/cmake-build-debug-coverage/CMakeFiles/Main.dir/main.cpp.gcno
        -:    0:Data:/home/kaappo/git/raytracercpp/cmake-build-debug-coverage/CMakeFiles/Main.dir/main.cpp.gcda
        -:    0:Runs:1
        -:    1://
        -:    2:// Created by kaappo on 28.1.2022.
        -:    3://
        -:    4:
        -:    5:#pragma once
        -:    6:
        -:    7:#include "Ray.h"
        -:    8:#include "../engine/Material.h"
        -:    9:
        -:   10:class Surface;
        -:   11:
        2:   12:class Hittable {
call    0 returned 2
branch  1 taken 2 (fallthrough)
branch  2 taken 0 (throw)
        -:   13:public:
        -:   14:    virtual double getIntersectionDistance (const Ray& ray, Surface*& hitSurface, const Material*& hitMaterial) = 0;
        -:   15:};
