        -:    0:Source:/home/kaappo/git/raytracercpp/src/core/engine/Material.cpp
        -:    0:Graph:/home/kaappo/git/raytracercpp/cmake-build-debug-coverage/CMakeFiles/Main.dir/src/core/engine/Material.cpp.gcno
        -:    0:Data:/home/kaappo/git/raytracercpp/cmake-build-debug-coverage/CMakeFiles/Main.dir/src/core/engine/Material.cpp.gcda
        -:    0:Runs:1
        -:    1://
        -:    2:// Created by kaappo on 21.9.2021.
        -:    3://
        -:    4:
        -:    5:#include "Material.h"
        -:    6:
function _ZNK8Material13get_albedo_atERK9MyVector3 called 2256 returned 100% blocks executed 100%
     2256:    7:Intensity Material::get_albedo_at (const MyVector3& uv) const {
     2256:    7-block  0
call    0 returned 2256
        -:    8://    return (*albedo).get_pixel_at(uv);
     2256:    9:    return albedo->get_pixel_at(uv);
     2256:    9-block  0
call    0 returned 2256
        -:   10:}
        -:   11:
function _ZlsRSoRK8Material called 1 returned 100% blocks executed 100%
        1:   12:std::ostream& operator<< (std::ostream& os, const Material& material) {
        1:   12-block  0
call    0 returned 1
        1:   13:    os << "albedo: " << material.albedo << " glossiness: " << material.glossiness;
call    0 returned 1
        1:   14:    return os;
        -:   15:}
        -:   16:
        -:   17:namespace Materials {
        -:   18:    extern const Material WHITE{std::make_shared<SolidTexture>(Intensity{1, 1, 1})};
        -:   19:}
