        -:    0:Source:/home/kaappo/git/raytracercpp/src/core/geometry/Mesh.cpp
        -:    0:Graph:/home/kaappo/git/raytracercpp/cmake-build-debug-coverage/CMakeFiles/Main.dir/src/core/geometry/Mesh.cpp.gcno
        -:    0:Data:/home/kaappo/git/raytracercpp/cmake-build-debug-coverage/CMakeFiles/Main.dir/src/core/geometry/Mesh.cpp.gcda
        -:    0:Runs:1
        -:    1://
        -:    2:// Created by kaappo on 4.10.2021.
        -:    3://
        -:    4:
        -:    5:#include "Mesh.h"
        -:    6:
function _ZN4MeshC2ERKSt6vectorI8TriangleSaIS1_EE called 0 returned 0% blocks executed 0%
    #####:    7:Mesh::Mesh (const std::vector<Triangle>& triangles) : triangles(triangles) {}
    %%%%%:    7-block  0
call    0 never executed
