        -:    0:Source:/usr/include/c++/10/bits/random.h
        -:    0:Graph:/home/kaappo/git/raytracercpp/cmake-build-debug-coverage/CMakeFiles/Main.dir/src/core/common/MyVector3.cpp.gcno
        -:    0:Data:/home/kaappo/git/raytracercpp/cmake-build-debug-coverage/CMakeFiles/Main.dir/src/core/common/MyVector3.cpp.gcda
        -:    0:Runs:1
        -:    1:// random number generation -*- C++ -*-
        -:    2:
        -:    3:// Copyright (C) 2009-2020 Free Software Foundation, Inc.
        -:    4://
        -:    5:// This file is part of the GNU ISO C++ Library.  This library is free
        -:    6:// software; you can redistribute it and/or modify it under the
        -:    7:// terms of the GNU General Public License as published by the
        -:    8:// Free Software Foundation; either version 3, or (at your option)
        -:    9:// any later version.
        -:   10:
        -:   11:// This library is distributed in the hope that it will be useful,
        -:   12:// but WITHOUT ANY WARRANTY; without even the implied warranty of
        -:   13:// MERCHANTABILITY or FITNESS FOR A PARTICULAR PURPOSE.  See the
        -:   14:// GNU General Public License for more details.
        -:   15:
        -:   16:// Under Section 7 of GPL version 3, you are granted additional
        -:   17:// permissions described in the GCC Runtime Library Exception, version
        -:   18:// 3.1, as published by the Free Software Foundation.
        -:   19:
        -:   20:// You should have received a copy of the GNU General Public License and
        -:   21:// a copy of the GCC Runtime Library Exception along with this program;
        -:   22:// see the files COPYING3 and COPYING.RUNTIME respectively.  If not, see
        -:   23:// <http://www.gnu.org/licenses/>.
        -:   24:
        -:   25:/**
        -:   26: * @file bits/random.h
        -:   27: *  This is an internal header file, included by other library headers.
        -:   28: *  Do not attempt to use it directly. @headername{random}
        -:   29: */
        -:   30:
        -:   31:#ifndef _RANDOM_H
        -:   32:#define _RANDOM_H 1
        -:   33:
        -:   34:#include <vector>
        -:   35:#include <bits/uniform_int_dist.h>
        -:   36:
        -:   37:namespace std _GLIBCXX_VISIBILITY(default)
        -:   38:{
        -:   39:_GLIBCXX_BEGIN_NAMESPACE_VERSION
        -:   40:
        -:   41:  // [26.4] Random number generation
        -:   42:
        -:   43:  /**
        -:   44:   * @defgroup random Random Number Generation
        -:   45:   * @ingroup numerics
        -:   46:   *
        -:   47:   * A facility for generating random numbers on selected distributions.
        -:   48:   * @{
        -:   49:   */
        -:   50:
        -:   51:  // std::uniform_random_bit_generator is defined in <bits/uniform_int_dist.h>
        -:   52:
        -:   53:  /**
        -:   54:   * @brief A function template for converting the output of a (integral)
        -:   55:   * uniform random number generator to a floatng point result in the range
        -:   56:   * [0-1).
        -:   57:   */
        -:   58:  template<typename _RealType, size_t __bits,
        -:   59:	   typename _UniformRandomNumberGenerator>
        -:   60:    _RealType
        -:   61:    generate_canonical(_UniformRandomNumberGenerator& __g);
        -:   62:
        -:   63:  /*
        -:   64:   * Implementation-space details.
        -:   65:   */
        -:   66:  namespace __detail
        -:   67:  {
        -:   68:    template<typename _UIntType, size_t __w,
        -:   69:	     bool = __w < static_cast<size_t>
        -:   70:			  (std::numeric_limits<_UIntType>::digits)>
        -:   71:      struct _Shift
        -:   72:      { static const _UIntType __value = 0; };
        -:   73:
        -:   74:    template<typename _UIntType, size_t __w>
        -:   75:      struct _Shift<_UIntType, __w, true>
        -:   76:      { static const _UIntType __value = _UIntType(1) << __w; };
        -:   77:
        -:   78:    template<int __s,
        -:   79:	     int __which = ((__s <= __CHAR_BIT__ * sizeof (int))
        -:   80:			    + (__s <= __CHAR_BIT__ * sizeof (long))
        -:   81:			    + (__s <= __CHAR_BIT__ * sizeof (long long))
        -:   82:			    /* assume long long no bigger than __int128 */
        -:   83:			    + (__s <= 128))>
        -:   84:      struct _Select_uint_least_t
        -:   85:      {
        -:   86:	static_assert(__which < 0, /* needs to be dependent */
        -:   87:		      "sorry, would be too much trouble for a slow result");
        -:   88:      };
        -:   89:
        -:   90:    template<int __s>
        -:   91:      struct _Select_uint_least_t<__s, 4>
        -:   92:      { typedef unsigned int type; };
        -:   93:
        -:   94:    template<int __s>
        -:   95:      struct _Select_uint_least_t<__s, 3>
        -:   96:      { typedef unsigned long type; };
        -:   97:
        -:   98:    template<int __s>
        -:   99:      struct _Select_uint_least_t<__s, 2>
        -:  100:      { typedef unsigned long long type; };
        -:  101:
        -:  102:#ifdef _GLIBCXX_USE_INT128
        -:  103:    template<int __s>
        -:  104:      struct _Select_uint_least_t<__s, 1>
        -:  105:      { typedef unsigned __int128 type; };
        -:  106:#endif
        -:  107:
        -:  108:    // Assume a != 0, a < m, c < m, x < m.
        -:  109:    template<typename _Tp, _Tp __m, _Tp __a, _Tp __c,
        -:  110:	     bool __big_enough = (!(__m & (__m - 1))
        -:  111:				  || (_Tp(-1) - __c) / __a >= __m - 1),
        -:  112:             bool __schrage_ok = __m % __a < __m / __a>
        -:  113:      struct _Mod
        -:  114:      {
        -:  115:	typedef typename _Select_uint_least_t<std::__lg(__a)
        -:  116:					      + std::__lg(__m) + 2>::type _Tp2;
        -:  117:	static _Tp
        -:  118:	__calc(_Tp __x)
        -:  119:	{ return static_cast<_Tp>((_Tp2(__a) * __x + __c) % __m); }
        -:  120:      };
        -:  121:
        -:  122:    // Schrage.
        -:  123:    template<typename _Tp, _Tp __m, _Tp __a, _Tp __c>
        -:  124:      struct _Mod<_Tp, __m, __a, __c, false, true>
        -:  125:      {
        -:  126:	static _Tp
        -:  127:	__calc(_Tp __x);
        -:  128:      };
        -:  129:
        -:  130:    // Special cases:
        -:  131:    // - for m == 2^n or m == 0, unsigned integer overflow is safe.
        -:  132:    // - a * (m - 1) + c fits in _Tp, there is no overflow.
        -:  133:    template<typename _Tp, _Tp __m, _Tp __a, _Tp __c, bool __s>
        -:  134:      struct _Mod<_Tp, __m, __a, __c, true, __s>
        -:  135:      {
        -:  136:	static _Tp
        -:  137:	__calc(_Tp __x)
        -:  138:	{
    #####:  139:	  _Tp __res = __a * __x + __c;
        -:  140:	  if (__m)
    #####:  141:	    __res %= __m;
    %%%%%:  141-block  0
    %%%%%:  141-block  1
        -:  142:	  return __res;
        -:  143:	}
        -:  144:      };
        -:  145:
        -:  146:    template<typename _Tp, _Tp __m, _Tp __a = 1, _Tp __c = 0>
        -:  147:      inline _Tp
        -:  148:      __mod(_Tp __x)
        -:  149:      {
        -:  150:	if _GLIBCXX17_CONSTEXPR (__a == 0)
        -:  151:	  return __c;
        -:  152:	else
        -:  153:	  {
        -:  154:	    // _Mod must not be instantiated with a == 0
        -:  155:	    constexpr _Tp __a1 = __a ? __a : 1;
        -:  156:	    return _Mod<_Tp, __m, __a1, __c>::__calc(__x);
        -:  157:	  }
        -:  158:      }
        -:  159:
        -:  160:    /*
        -:  161:     * An adaptor class for converting the output of any Generator into
        -:  162:     * the input for a specific Distribution.
        -:  163:     */
        -:  164:    template<typename _Engine, typename _DInputType>
        -:  165:      struct _Adaptor
        -:  166:      {
        -:  167:	static_assert(std::is_floating_point<_DInputType>::value,
        -:  168:		      "template argument must be a floating point type");
        -:  169:
        -:  170:      public:
        -:  171:	_Adaptor(_Engine& __g)
        -:  172:	: _M_g(__g) { }
        -:  173:
        -:  174:	_DInputType
        -:  175:	min() const
        -:  176:	{ return _DInputType(0); }
        -:  177:
        -:  178:	_DInputType
        -:  179:	max() const
        -:  180:	{ return _DInputType(1); }
        -:  181:
        -:  182:	/*
        -:  183:	 * Converts a value generated by the adapted random number generator
        -:  184:	 * into a value in the input domain for the dependent random number
        -:  185:	 * distribution.
        -:  186:	 */
        -:  187:	_DInputType
        -:  188:	operator()()
        -:  189:	{
        -:  190:	  return std::generate_canonical<_DInputType,
        -:  191:	                            std::numeric_limits<_DInputType>::digits,
        -:  192:	                            _Engine>(_M_g);
        -:  193:	}
        -:  194:
        -:  195:      private:
        -:  196:	_Engine& _M_g;
        -:  197:      };
        -:  198:
        -:  199:    template<typename _Sseq>
        -:  200:      using __seed_seq_generate_t = decltype(
        -:  201:	  std::declval<_Sseq&>().generate(std::declval<uint_least32_t*>(),
        -:  202:					  std::declval<uint_least32_t*>()));
        -:  203:
        -:  204:    // Detect whether _Sseq is a valid seed sequence for
        -:  205:    // a random number engine _Engine with result type _Res.
        -:  206:    template<typename _Sseq, typename _Engine, typename _Res,
        -:  207:	     typename _GenerateCheck = __seed_seq_generate_t<_Sseq>>
        -:  208:      using __is_seed_seq = __and_<
        -:  209:        __not_<is_same<__remove_cvref_t<_Sseq>, _Engine>>,
        -:  210:	is_unsigned<typename _Sseq::result_type>,
        -:  211:	__not_<is_convertible<_Sseq, _Res>>
        -:  212:      >;
        -:  213:
        -:  214:  } // namespace __detail
        -:  215:
        -:  216:  /**
        -:  217:   * @addtogroup random_generators Random Number Generators
        -:  218:   * @ingroup random
        -:  219:   *
        -:  220:   * These classes define objects which provide random or pseudorandom
        -:  221:   * numbers, either from a discrete or a continuous interval.  The
        -:  222:   * random number generator supplied as a part of this library are
        -:  223:   * all uniform random number generators which provide a sequence of
        -:  224:   * random number uniformly distributed over their range.
        -:  225:   *
        -:  226:   * A number generator is a function object with an operator() that
        -:  227:   * takes zero arguments and returns a number.
        -:  228:   *
        -:  229:   * A compliant random number generator must satisfy the following
        -:  230:   * requirements.  <table border=1 cellpadding=10 cellspacing=0>
        -:  231:   * <caption align=top>Random Number Generator Requirements</caption>
        -:  232:   * <tr><td>To be documented.</td></tr> </table>
        -:  233:   *
        -:  234:   * @{
        -:  235:   */
        -:  236:
        -:  237:  /**
        -:  238:   * @brief A model of a linear congruential random number generator.
        -:  239:   *
        -:  240:   * A random number generator that produces pseudorandom numbers via
        -:  241:   * linear function:
        -:  242:   * @f[
        -:  243:   *     x_{i+1}\leftarrow(ax_{i} + c) \bmod m 
        -:  244:   * @f]
        -:  245:   *
        -:  246:   * The template parameter @p _UIntType must be an unsigned integral type
        -:  247:   * large enough to store values up to (__m-1). If the template parameter
        -:  248:   * @p __m is 0, the modulus @p __m used is
        -:  249:   * std::numeric_limits<_UIntType>::max() plus 1. Otherwise, the template
        -:  250:   * parameters @p __a and @p __c must be less than @p __m.
        -:  251:   *
        -:  252:   * The size of the state is @f$1@f$.
        -:  253:   */
        -:  254:  template<typename _UIntType, _UIntType __a, _UIntType __c, _UIntType __m>
        -:  255:    class linear_congruential_engine
        -:  256:    {
        -:  257:      static_assert(std::is_unsigned<_UIntType>::value,
        -:  258:		    "result_type must be an unsigned integral type");
        -:  259:      static_assert(__m == 0u || (__a < __m && __c < __m),
        -:  260:		    "template argument substituting __m out of bounds");
        -:  261:
        -:  262:      template<typename _Sseq>
        -:  263:	using _If_seed_seq = typename enable_if<__detail::__is_seed_seq<
        -:  264:	  _Sseq, linear_congruential_engine, _UIntType>::value>::type;
        -:  265:
        -:  266:    public:
        -:  267:      /** The type of the generated random value. */
        -:  268:      typedef _UIntType result_type;
        -:  269:
        -:  270:      /** The multiplier. */
        -:  271:      static constexpr result_type multiplier   = __a;
        -:  272:      /** An increment. */
        -:  273:      static constexpr result_type increment    = __c;
        -:  274:      /** The modulus. */
        -:  275:      static constexpr result_type modulus      = __m;
        -:  276:      static constexpr result_type default_seed = 1u;
        -:  277:
        -:  278:      /**
        -:  279:       * @brief Constructs a %linear_congruential_engine random number
        -:  280:       *        generator engine with seed 1.
        -:  281:       */
        -:  282:      linear_congruential_engine() : linear_congruential_engine(default_seed)
        -:  283:      { }
        -:  284:
        -:  285:      /**
        -:  286:       * @brief Constructs a %linear_congruential_engine random number
        -:  287:       *        generator engine with seed @p __s.  The default seed value
        -:  288:       *        is 1.
        -:  289:       *
        -:  290:       * @param __s The initial seed value.
        -:  291:       */
        -:  292:      explicit
    #####:  293:      linear_congruential_engine(result_type __s)
branch  0 never executed
branch  1 never executed
        -:  294:      { seed(__s); }
        -:  295:
        -:  296:      /**
        -:  297:       * @brief Constructs a %linear_congruential_engine random number
        -:  298:       *        generator engine seeded from the seed sequence @p __q.
        -:  299:       *
        -:  300:       * @param __q the seed sequence.
        -:  301:       */
        -:  302:      template<typename _Sseq, typename = _If_seed_seq<_Sseq>>
        -:  303:        explicit
        -:  304:        linear_congruential_engine(_Sseq& __q)
        -:  305:        { seed(__q); }
        -:  306:
        -:  307:      /**
        -:  308:       * @brief Reseeds the %linear_congruential_engine random number generator
        -:  309:       *        engine sequence to the seed @p __s.
        -:  310:       *
        -:  311:       * @param __s The new seed.
        -:  312:       */
        -:  313:      void
        -:  314:      seed(result_type __s = default_seed);
        -:  315:
        -:  316:      /**
        -:  317:       * @brief Reseeds the %linear_congruential_engine random number generator
        -:  318:       *        engine
        -:  319:       * sequence using values from the seed sequence @p __q.
        -:  320:       *
        -:  321:       * @param __q the seed sequence.
        -:  322:       */
        -:  323:      template<typename _Sseq>
        -:  324:        _If_seed_seq<_Sseq>
        -:  325:        seed(_Sseq& __q);
        -:  326:
        -:  327:      /**
        -:  328:       * @brief Gets the smallest possible value in the output range.
        -:  329:       *
        -:  330:       * The minimum depends on the @p __c parameter: if it is zero, the
        -:  331:       * minimum generated must be > 0, otherwise 0 is allowed.
        -:  332:       */
        -:  333:      static constexpr result_type
        -:  334:      min()
        -:  335:      { return __c == 0u ? 1u : 0u; }
        -:  336:
        -:  337:      /**
        -:  338:       * @brief Gets the largest possible value in the output range.
        -:  339:       */
        -:  340:      static constexpr result_type
        -:  341:      max()
        -:  342:      { return __m - 1u; }
        -:  343:
        -:  344:      /**
        -:  345:       * @brief Discard a sequence of random numbers.
        -:  346:       */
        -:  347:      void
        -:  348:      discard(unsigned long long __z)
        -:  349:      {
        -:  350:	for (; __z != 0ULL; --__z)
        -:  351:	  (*this)();
        -:  352:      }
        -:  353:
        -:  354:      /**
        -:  355:       * @brief Gets the next random number in the sequence.
        -:  356:       */
        -:  357:      result_type
        -:  358:      operator()()
        -:  359:      {
    #####:  360:	_M_x = __detail::__mod<_UIntType, __m, __a, __c>(_M_x);
    %%%%%:  360-block  0
    %%%%%:  360-block  1
    %%%%%:  360-block  2
        -:  361:	return _M_x;
        -:  362:      }
        -:  363:
        -:  364:      /**
        -:  365:       * @brief Compares two linear congruential random number generator
        -:  366:       * objects of the same type for equality.
        -:  367:       *
        -:  368:       * @param __lhs A linear congruential random number generator object.
        -:  369:       * @param __rhs Another linear congruential random number generator
        -:  370:       *              object.
        -:  371:       *
        -:  372:       * @returns true if the infinite sequences of generated values
        -:  373:       *          would be equal, false otherwise.
        -:  374:       */
        -:  375:      friend bool
        -:  376:      operator==(const linear_congruential_engine& __lhs,
        -:  377:		 const linear_congruential_engine& __rhs)
        -:  378:      { return __lhs._M_x == __rhs._M_x; }
        -:  379:
        -:  380:      /**
        -:  381:       * @brief Writes the textual representation of the state x(i) of x to
        -:  382:       *        @p __os.
        -:  383:       *
        -:  384:       * @param __os  The output stream.
        -:  385:       * @param __lcr A % linear_congruential_engine random number generator.
        -:  386:       * @returns __os.
        -:  387:       */
        -:  388:      template<typename _UIntType1, _UIntType1 __a1, _UIntType1 __c1,
        -:  389:	       _UIntType1 __m1, typename _CharT, typename _Traits>
        -:  390:	friend std::basic_ostream<_CharT, _Traits>&
        -:  391:	operator<<(std::basic_ostream<_CharT, _Traits>& __os,
        -:  392:		   const std::linear_congruential_engine<_UIntType1,
        -:  393:		   __a1, __c1, __m1>& __lcr);
        -:  394:
        -:  395:      /**
        -:  396:       * @brief Sets the state of the engine by reading its textual
        -:  397:       *        representation from @p __is.
        -:  398:       *
        -:  399:       * The textual representation must have been previously written using
        -:  400:       * an output stream whose imbued locale and whose type's template
        -:  401:       * specialization arguments _CharT and _Traits were the same as those
        -:  402:       * of @p __is.
        -:  403:       *
        -:  404:       * @param __is  The input stream.
        -:  405:       * @param __lcr A % linear_congruential_engine random number generator.
        -:  406:       * @returns __is.
        -:  407:       */
        -:  408:      template<typename _UIntType1, _UIntType1 __a1, _UIntType1 __c1,
        -:  409:	       _UIntType1 __m1, typename _CharT, typename _Traits>
        -:  410:	friend std::basic_istream<_CharT, _Traits>&
        -:  411:	operator>>(std::basic_istream<_CharT, _Traits>& __is,
        -:  412:		   std::linear_congruential_engine<_UIntType1, __a1,
        -:  413:		   __c1, __m1>& __lcr);
        -:  414:
        -:  415:    private:
        -:  416:      _UIntType _M_x;
        -:  417:    };
        -:  418:
        -:  419:  /**
        -:  420:   * @brief Compares two linear congruential random number generator
        -:  421:   * objects of the same type for inequality.
        -:  422:   *
        -:  423:   * @param __lhs A linear congruential random number generator object.
        -:  424:   * @param __rhs Another linear congruential random number generator
        -:  425:   *              object.
        -:  426:   *
        -:  427:   * @returns true if the infinite sequences of generated values
        -:  428:   *          would be different, false otherwise.
        -:  429:   */
        -:  430:  template<typename _UIntType, _UIntType __a, _UIntType __c, _UIntType __m>
        -:  431:    inline bool
        -:  432:    operator!=(const std::linear_congruential_engine<_UIntType, __a,
        -:  433:	       __c, __m>& __lhs,
        -:  434:	       const std::linear_congruential_engine<_UIntType, __a,
        -:  435:	       __c, __m>& __rhs)
        -:  436:    { return !(__lhs == __rhs); }
        -:  437:
        -:  438:
        -:  439:  /**
        -:  440:   * A generalized feedback shift register discrete random number generator.
        -:  441:   *
        -:  442:   * This algorithm avoids multiplication and division and is designed to be
        -:  443:   * friendly to a pipelined architecture.  If the parameters are chosen
        -:  444:   * correctly, this generator will produce numbers with a very long period and
        -:  445:   * fairly good apparent entropy, although still not cryptographically strong.
        -:  446:   *
        -:  447:   * The best way to use this generator is with the predefined mt19937 class.
        -:  448:   *
        -:  449:   * This algorithm was originally invented by Makoto Matsumoto and
        -:  450:   * Takuji Nishimura.
        -:  451:   *
        -:  452:   * @tparam __w  Word size, the number of bits in each element of 
        -:  453:   *              the state vector.
        -:  454:   * @tparam __n  The degree of recursion.
        -:  455:   * @tparam __m  The period parameter.
        -:  456:   * @tparam __r  The separation point bit index.
        -:  457:   * @tparam __a  The last row of the twist matrix.
        -:  458:   * @tparam __u  The first right-shift tempering matrix parameter.
        -:  459:   * @tparam __d  The first right-shift tempering matrix mask.
        -:  460:   * @tparam __s  The first left-shift tempering matrix parameter.
        -:  461:   * @tparam __b  The first left-shift tempering matrix mask.
        -:  462:   * @tparam __t  The second left-shift tempering matrix parameter.
        -:  463:   * @tparam __c  The second left-shift tempering matrix mask.
        -:  464:   * @tparam __l  The second right-shift tempering matrix parameter.
        -:  465:   * @tparam __f  Initialization multiplier.
        -:  466:   */
        -:  467:  template<typename _UIntType, size_t __w,
        -:  468:	   size_t __n, size_t __m, size_t __r,
        -:  469:	   _UIntType __a, size_t __u, _UIntType __d, size_t __s,
        -:  470:	   _UIntType __b, size_t __t,
        -:  471:	   _UIntType __c, size_t __l, _UIntType __f>
        -:  472:    class mersenne_twister_engine
        -:  473:    {
        -:  474:      static_assert(std::is_unsigned<_UIntType>::value,
        -:  475:		    "result_type must be an unsigned integral type");
        -:  476:      static_assert(1u <= __m && __m <= __n,
        -:  477:		    "template argument substituting __m out of bounds");
        -:  478:      static_assert(__r <= __w, "template argument substituting "
        -:  479:		    "__r out of bound");
        -:  480:      static_assert(__u <= __w, "template argument substituting "
        -:  481:		    "__u out of bound");
        -:  482:      static_assert(__s <= __w, "template argument substituting "
        -:  483:		    "__s out of bound");
        -:  484:      static_assert(__t <= __w, "template argument substituting "
        -:  485:		    "__t out of bound");
        -:  486:      static_assert(__l <= __w, "template argument substituting "
        -:  487:		    "__l out of bound");
        -:  488:      static_assert(__w <= std::numeric_limits<_UIntType>::digits,
        -:  489:		    "template argument substituting __w out of bound");
        -:  490:      static_assert(__a <= (__detail::_Shift<_UIntType, __w>::__value - 1),
        -:  491:		    "template argument substituting __a out of bound");
        -:  492:      static_assert(__b <= (__detail::_Shift<_UIntType, __w>::__value - 1),
        -:  493:		    "template argument substituting __b out of bound");
        -:  494:      static_assert(__c <= (__detail::_Shift<_UIntType, __w>::__value - 1),
        -:  495:		    "template argument substituting __c out of bound");
        -:  496:      static_assert(__d <= (__detail::_Shift<_UIntType, __w>::__value - 1),
        -:  497:		    "template argument substituting __d out of bound");
        -:  498:      static_assert(__f <= (__detail::_Shift<_UIntType, __w>::__value - 1),
        -:  499:		    "template argument substituting __f out of bound");
        -:  500:
        -:  501:      template<typename _Sseq>
        -:  502:	using _If_seed_seq = typename enable_if<__detail::__is_seed_seq<
        -:  503:	  _Sseq, mersenne_twister_engine, _UIntType>::value>::type;
        -:  504:
        -:  505:    public:
        -:  506:      /** The type of the generated random value. */
        -:  507:      typedef _UIntType result_type;
        -:  508:
        -:  509:      // parameter values
        -:  510:      static constexpr size_t      word_size                 = __w;
        -:  511:      static constexpr size_t      state_size                = __n;
        -:  512:      static constexpr size_t      shift_size                = __m;
        -:  513:      static constexpr size_t      mask_bits                 = __r;
        -:  514:      static constexpr result_type xor_mask                  = __a;
        -:  515:      static constexpr size_t      tempering_u               = __u;
        -:  516:      static constexpr result_type tempering_d               = __d;
        -:  517:      static constexpr size_t      tempering_s               = __s;
        -:  518:      static constexpr result_type tempering_b               = __b;
        -:  519:      static constexpr size_t      tempering_t               = __t;
        -:  520:      static constexpr result_type tempering_c               = __c;
        -:  521:      static constexpr size_t      tempering_l               = __l;
        -:  522:      static constexpr result_type initialization_multiplier = __f;
        -:  523:      static constexpr result_type default_seed = 5489u;
        -:  524:
        -:  525:      // constructors and member functions
        -:  526:
        -:  527:      mersenne_twister_engine() : mersenne_twister_engine(default_seed) { }
        -:  528:
        -:  529:      explicit
        -:  530:      mersenne_twister_engine(result_type __sd)
        -:  531:      { seed(__sd); }
        -:  532:
        -:  533:      /**
        -:  534:       * @brief Constructs a %mersenne_twister_engine random number generator
        -:  535:       *        engine seeded from the seed sequence @p __q.
        -:  536:       *
        -:  537:       * @param __q the seed sequence.
        -:  538:       */
        -:  539:      template<typename _Sseq, typename = _If_seed_seq<_Sseq>>
        -:  540:        explicit
        -:  541:        mersenne_twister_engine(_Sseq& __q)
        -:  542:        { seed(__q); }
        -:  543:
        -:  544:      void
        -:  545:      seed(result_type __sd = default_seed);
        -:  546:
        -:  547:      template<typename _Sseq>
        -:  548:        _If_seed_seq<_Sseq>
        -:  549:        seed(_Sseq& __q);
        -:  550:
        -:  551:      /**
        -:  552:       * @brief Gets the smallest possible value in the output range.
        -:  553:       */
        -:  554:      static constexpr result_type
        -:  555:      min()
        -:  556:      { return 0; }
        -:  557:
        -:  558:      /**
        -:  559:       * @brief Gets the largest possible value in the output range.
        -:  560:       */
        -:  561:      static constexpr result_type
        -:  562:      max()
        -:  563:      { return __detail::_Shift<_UIntType, __w>::__value - 1; }
        -:  564:
        -:  565:      /**
        -:  566:       * @brief Discard a sequence of random numbers.
        -:  567:       */
        -:  568:      void
        -:  569:      discard(unsigned long long __z);
        -:  570:
        -:  571:      result_type
        -:  572:      operator()();
        -:  573:
        -:  574:      /**
        -:  575:       * @brief Compares two % mersenne_twister_engine random number generator
        -:  576:       *        objects of the same type for equality.
        -:  577:       *
        -:  578:       * @param __lhs A % mersenne_twister_engine random number generator
        -:  579:       *              object.
        -:  580:       * @param __rhs Another % mersenne_twister_engine random number
        -:  581:       *              generator object.
        -:  582:       *
        -:  583:       * @returns true if the infinite sequences of generated values
        -:  584:       *          would be equal, false otherwise.
        -:  585:       */
        -:  586:      friend bool
        -:  587:      operator==(const mersenne_twister_engine& __lhs,
        -:  588:		 const mersenne_twister_engine& __rhs)
        -:  589:      { return (std::equal(__lhs._M_x, __lhs._M_x + state_size, __rhs._M_x)
        -:  590:		&& __lhs._M_p == __rhs._M_p); }
        -:  591:
        -:  592:      /**
        -:  593:       * @brief Inserts the current state of a % mersenne_twister_engine
        -:  594:       *        random number generator engine @p __x into the output stream
        -:  595:       *        @p __os.
        -:  596:       *
        -:  597:       * @param __os An output stream.
        -:  598:       * @param __x  A % mersenne_twister_engine random number generator
        -:  599:       *             engine.
        -:  600:       *
        -:  601:       * @returns The output stream with the state of @p __x inserted or in
        -:  602:       * an error state.
        -:  603:       */
        -:  604:      template<typename _UIntType1,
        -:  605:	       size_t __w1, size_t __n1,
        -:  606:	       size_t __m1, size_t __r1,
        -:  607:	       _UIntType1 __a1, size_t __u1,
        -:  608:	       _UIntType1 __d1, size_t __s1,
        -:  609:	       _UIntType1 __b1, size_t __t1,
        -:  610:	       _UIntType1 __c1, size_t __l1, _UIntType1 __f1,
        -:  611:	       typename _CharT, typename _Traits>
        -:  612:	friend std::basic_ostream<_CharT, _Traits>&
        -:  613:	operator<<(std::basic_ostream<_CharT, _Traits>& __os,
        -:  614:		   const std::mersenne_twister_engine<_UIntType1, __w1, __n1,
        -:  615:		   __m1, __r1, __a1, __u1, __d1, __s1, __b1, __t1, __c1,
        -:  616:		   __l1, __f1>& __x);
        -:  617:
        -:  618:      /**
        -:  619:       * @brief Extracts the current state of a % mersenne_twister_engine
        -:  620:       *        random number generator engine @p __x from the input stream
        -:  621:       *        @p __is.
        -:  622:       *
        -:  623:       * @param __is An input stream.
        -:  624:       * @param __x  A % mersenne_twister_engine random number generator
        -:  625:       *             engine.
        -:  626:       *
        -:  627:       * @returns The input stream with the state of @p __x extracted or in
        -:  628:       * an error state.
        -:  629:       */
        -:  630:      template<typename _UIntType1,
        -:  631:	       size_t __w1, size_t __n1,
        -:  632:	       size_t __m1, size_t __r1,
        -:  633:	       _UIntType1 __a1, size_t __u1,
        -:  634:	       _UIntType1 __d1, size_t __s1,
        -:  635:	       _UIntType1 __b1, size_t __t1,
        -:  636:	       _UIntType1 __c1, size_t __l1, _UIntType1 __f1,
        -:  637:	       typename _CharT, typename _Traits>
        -:  638:	friend std::basic_istream<_CharT, _Traits>&
        -:  639:	operator>>(std::basic_istream<_CharT, _Traits>& __is,
        -:  640:		   std::mersenne_twister_engine<_UIntType1, __w1, __n1, __m1,
        -:  641:		   __r1, __a1, __u1, __d1, __s1, __b1, __t1, __c1,
        -:  642:		   __l1, __f1>& __x);
        -:  643:
        -:  644:    private:
        -:  645:      void _M_gen_rand();
        -:  646:
        -:  647:      _UIntType _M_x[state_size];
        -:  648:      size_t    _M_p;
        -:  649:    };
        -:  650:
        -:  651:  /**
        -:  652:   * @brief Compares two % mersenne_twister_engine random number generator
        -:  653:   *        objects of the same type for inequality.
        -:  654:   *
        -:  655:   * @param __lhs A % mersenne_twister_engine random number generator
        -:  656:   *              object.
        -:  657:   * @param __rhs Another % mersenne_twister_engine random number
        -:  658:   *              generator object.
        -:  659:   *
        -:  660:   * @returns true if the infinite sequences of generated values
        -:  661:   *          would be different, false otherwise.
        -:  662:   */
        -:  663:  template<typename _UIntType, size_t __w,
        -:  664:	   size_t __n, size_t __m, size_t __r,
        -:  665:	   _UIntType __a, size_t __u, _UIntType __d, size_t __s,
        -:  666:	   _UIntType __b, size_t __t,
        -:  667:	   _UIntType __c, size_t __l, _UIntType __f>
        -:  668:    inline bool
        -:  669:    operator!=(const std::mersenne_twister_engine<_UIntType, __w, __n, __m,
        -:  670:	       __r, __a, __u, __d, __s, __b, __t, __c, __l, __f>& __lhs,
        -:  671:	       const std::mersenne_twister_engine<_UIntType, __w, __n, __m,
        -:  672:	       __r, __a, __u, __d, __s, __b, __t, __c, __l, __f>& __rhs)
        -:  673:    { return !(__lhs == __rhs); }
        -:  674:
        -:  675:
        -:  676:  /**
        -:  677:   * @brief The Marsaglia-Zaman generator.
        -:  678:   *
        -:  679:   * This is a model of a Generalized Fibonacci discrete random number
        -:  680:   * generator, sometimes referred to as the SWC generator.
        -:  681:   *
        -:  682:   * A discrete random number generator that produces pseudorandom
        -:  683:   * numbers using:
        -:  684:   * @f[
        -:  685:   *     x_{i}\leftarrow(x_{i - s} - x_{i - r} - carry_{i-1}) \bmod m 
        -:  686:   * @f]
        -:  687:   *
        -:  688:   * The size of the state is @f$r@f$
        -:  689:   * and the maximum period of the generator is @f$(m^r - m^s - 1)@f$.
        -:  690:   */
        -:  691:  template<typename _UIntType, size_t __w, size_t __s, size_t __r>
        -:  692:    class subtract_with_carry_engine
        -:  693:    {
        -:  694:      static_assert(std::is_unsigned<_UIntType>::value,
        -:  695:		    "result_type must be an unsigned integral type");
        -:  696:      static_assert(0u < __s && __s < __r,
        -:  697:		    "0 < s < r");
        -:  698:      static_assert(0u < __w && __w <= std::numeric_limits<_UIntType>::digits,
        -:  699:		    "template argument substituting __w out of bounds");
        -:  700:
        -:  701:      template<typename _Sseq>
        -:  702:	using _If_seed_seq = typename enable_if<__detail::__is_seed_seq<
        -:  703:	  _Sseq, subtract_with_carry_engine, _UIntType>::value>::type;
        -:  704:
        -:  705:    public:
        -:  706:      /** The type of the generated random value. */
        -:  707:      typedef _UIntType result_type;
        -:  708:
        -:  709:      // parameter values
        -:  710:      static constexpr size_t      word_size    = __w;
        -:  711:      static constexpr size_t      short_lag    = __s;
        -:  712:      static constexpr size_t      long_lag     = __r;
        -:  713:      static constexpr result_type default_seed = 19780503u;
        -:  714:
        -:  715:      subtract_with_carry_engine() : subtract_with_carry_engine(default_seed)
        -:  716:      { }
        -:  717:
        -:  718:      /**
        -:  719:       * @brief Constructs an explicitly seeded %subtract_with_carry_engine
        -:  720:       *        random number generator.
        -:  721:       */
        -:  722:      explicit
        -:  723:      subtract_with_carry_engine(result_type __sd)
        -:  724:      { seed(__sd); }
        -:  725:
        -:  726:      /**
        -:  727:       * @brief Constructs a %subtract_with_carry_engine random number engine
        -:  728:       *        seeded from the seed sequence @p __q.
        -:  729:       *
        -:  730:       * @param __q the seed sequence.
        -:  731:       */
        -:  732:      template<typename _Sseq, typename = _If_seed_seq<_Sseq>>
        -:  733:        explicit
        -:  734:        subtract_with_carry_engine(_Sseq& __q)
        -:  735:        { seed(__q); }
        -:  736:
        -:  737:      /**
        -:  738:       * @brief Seeds the initial state @f$x_0@f$ of the random number
        -:  739:       *        generator.
        -:  740:       *
        -:  741:       * N1688[4.19] modifies this as follows.  If @p __value == 0,
        -:  742:       * sets value to 19780503.  In any case, with a linear
        -:  743:       * congruential generator lcg(i) having parameters @f$ m_{lcg} =
        -:  744:       * 2147483563, a_{lcg} = 40014, c_{lcg} = 0, and lcg(0) = value
        -:  745:       * @f$, sets @f$ x_{-r} \dots x_{-1} @f$ to @f$ lcg(1) \bmod m
        -:  746:       * \dots lcg(r) \bmod m @f$ respectively.  If @f$ x_{-1} = 0 @f$
        -:  747:       * set carry to 1, otherwise sets carry to 0.
        -:  748:       */
        -:  749:      void
        -:  750:      seed(result_type __sd = default_seed);
        -:  751:
        -:  752:      /**
        -:  753:       * @brief Seeds the initial state @f$x_0@f$ of the
        -:  754:       * % subtract_with_carry_engine random number generator.
        -:  755:       */
        -:  756:      template<typename _Sseq>
        -:  757:	_If_seed_seq<_Sseq>
        -:  758:        seed(_Sseq& __q);
        -:  759:
        -:  760:      /**
        -:  761:       * @brief Gets the inclusive minimum value of the range of random
        -:  762:       * integers returned by this generator.
        -:  763:       */
        -:  764:      static constexpr result_type
        -:  765:      min()
        -:  766:      { return 0; }
        -:  767:
        -:  768:      /**
        -:  769:       * @brief Gets the inclusive maximum value of the range of random
        -:  770:       * integers returned by this generator.
        -:  771:       */
        -:  772:      static constexpr result_type
        -:  773:      max()
        -:  774:      { return __detail::_Shift<_UIntType, __w>::__value - 1; }
        -:  775:
        -:  776:      /**
        -:  777:       * @brief Discard a sequence of random numbers.
        -:  778:       */
        -:  779:      void
        -:  780:      discard(unsigned long long __z)
        -:  781:      {
        -:  782:	for (; __z != 0ULL; --__z)
        -:  783:	  (*this)();
        -:  784:      }
        -:  785:
        -:  786:      /**
        -:  787:       * @brief Gets the next random number in the sequence.
        -:  788:       */
        -:  789:      result_type
        -:  790:      operator()();
        -:  791:
        -:  792:      /**
        -:  793:       * @brief Compares two % subtract_with_carry_engine random number
        -:  794:       *        generator objects of the same type for equality.
        -:  795:       *
        -:  796:       * @param __lhs A % subtract_with_carry_engine random number generator
        -:  797:       *              object.
        -:  798:       * @param __rhs Another % subtract_with_carry_engine random number
        -:  799:       *              generator object.
        -:  800:       *
        -:  801:       * @returns true if the infinite sequences of generated values
        -:  802:       *          would be equal, false otherwise.
        -:  803:      */
        -:  804:      friend bool
        -:  805:      operator==(const subtract_with_carry_engine& __lhs,
        -:  806:		 const subtract_with_carry_engine& __rhs)
        -:  807:      { return (std::equal(__lhs._M_x, __lhs._M_x + long_lag, __rhs._M_x)
        -:  808:		&& __lhs._M_carry == __rhs._M_carry
        -:  809:		&& __lhs._M_p == __rhs._M_p); }
        -:  810:
        -:  811:      /**
        -:  812:       * @brief Inserts the current state of a % subtract_with_carry_engine
        -:  813:       *        random number generator engine @p __x into the output stream
        -:  814:       *        @p __os.
        -:  815:       *
        -:  816:       * @param __os An output stream.
        -:  817:       * @param __x  A % subtract_with_carry_engine random number generator
        -:  818:       *             engine.
        -:  819:       *
        -:  820:       * @returns The output stream with the state of @p __x inserted or in
        -:  821:       * an error state.
        -:  822:       */
        -:  823:      template<typename _UIntType1, size_t __w1, size_t __s1, size_t __r1,
        -:  824:	       typename _CharT, typename _Traits>
        -:  825:	friend std::basic_ostream<_CharT, _Traits>&
        -:  826:	operator<<(std::basic_ostream<_CharT, _Traits>& __os,
        -:  827:		   const std::subtract_with_carry_engine<_UIntType1, __w1,
        -:  828:		   __s1, __r1>& __x);
        -:  829:
        -:  830:      /**
        -:  831:       * @brief Extracts the current state of a % subtract_with_carry_engine
        -:  832:       *        random number generator engine @p __x from the input stream
        -:  833:       *        @p __is.
        -:  834:       *
        -:  835:       * @param __is An input stream.
        -:  836:       * @param __x  A % subtract_with_carry_engine random number generator
        -:  837:       *             engine.
        -:  838:       *
        -:  839:       * @returns The input stream with the state of @p __x extracted or in
        -:  840:       * an error state.
        -:  841:       */
        -:  842:      template<typename _UIntType1, size_t __w1, size_t __s1, size_t __r1,
        -:  843:	       typename _CharT, typename _Traits>
        -:  844:	friend std::basic_istream<_CharT, _Traits>&
        -:  845:	operator>>(std::basic_istream<_CharT, _Traits>& __is,
        -:  846:		   std::subtract_with_carry_engine<_UIntType1, __w1,
        -:  847:		   __s1, __r1>& __x);
        -:  848:
        -:  849:    private:
        -:  850:      /// The state of the generator.  This is a ring buffer.
        -:  851:      _UIntType  _M_x[long_lag];
        -:  852:      _UIntType  _M_carry;		///< The carry
        -:  853:      size_t     _M_p;			///< Current index of x(i - r).
        -:  854:    };
        -:  855:
        -:  856:  /**
        -:  857:   * @brief Compares two % subtract_with_carry_engine random number
        -:  858:   *        generator objects of the same type for inequality.
        -:  859:   *
        -:  860:   * @param __lhs A % subtract_with_carry_engine random number generator
        -:  861:   *              object.
        -:  862:   * @param __rhs Another % subtract_with_carry_engine random number
        -:  863:   *              generator object.
        -:  864:   *
        -:  865:   * @returns true if the infinite sequences of generated values
        -:  866:   *          would be different, false otherwise.
        -:  867:   */
        -:  868:  template<typename _UIntType, size_t __w, size_t __s, size_t __r>
        -:  869:    inline bool
        -:  870:    operator!=(const std::subtract_with_carry_engine<_UIntType, __w,
        -:  871:	       __s, __r>& __lhs,
        -:  872:	       const std::subtract_with_carry_engine<_UIntType, __w,
        -:  873:	       __s, __r>& __rhs)
        -:  874:    { return !(__lhs == __rhs); }
        -:  875:
        -:  876:
        -:  877:  /**
        -:  878:   * Produces random numbers from some base engine by discarding blocks of
        -:  879:   * data.
        -:  880:   *
        -:  881:   * 0 <= @p __r <= @p __p
        -:  882:   */
        -:  883:  template<typename _RandomNumberEngine, size_t __p, size_t __r>
        -:  884:    class discard_block_engine
        -:  885:    {
        -:  886:      static_assert(1 <= __r && __r <= __p,
        -:  887:		    "template argument substituting __r out of bounds");
        -:  888:
        -:  889:    public:
        -:  890:      /** The type of the generated random value. */
        -:  891:      typedef typename _RandomNumberEngine::result_type result_type;
        -:  892:
        -:  893:      template<typename _Sseq>
        -:  894:	using _If_seed_seq = typename enable_if<__detail::__is_seed_seq<
        -:  895:	  _Sseq, discard_block_engine, result_type>::value>::type;
        -:  896:
        -:  897:      // parameter values
        -:  898:      static constexpr size_t block_size = __p;
        -:  899:      static constexpr size_t used_block = __r;
        -:  900:
        -:  901:      /**
        -:  902:       * @brief Constructs a default %discard_block_engine engine.
        -:  903:       *
        -:  904:       * The underlying engine is default constructed as well.
        -:  905:       */
        -:  906:      discard_block_engine()
        -:  907:      : _M_b(), _M_n(0) { }
        -:  908:
        -:  909:      /**
        -:  910:       * @brief Copy constructs a %discard_block_engine engine.
        -:  911:       *
        -:  912:       * Copies an existing base class random number generator.
        -:  913:       * @param __rng An existing (base class) engine object.
        -:  914:       */
        -:  915:      explicit
        -:  916:      discard_block_engine(const _RandomNumberEngine& __rng)
        -:  917:      : _M_b(__rng), _M_n(0) { }
        -:  918:
        -:  919:      /**
        -:  920:       * @brief Move constructs a %discard_block_engine engine.
        -:  921:       *
        -:  922:       * Copies an existing base class random number generator.
        -:  923:       * @param __rng An existing (base class) engine object.
        -:  924:       */
        -:  925:      explicit
        -:  926:      discard_block_engine(_RandomNumberEngine&& __rng)
        -:  927:      : _M_b(std::move(__rng)), _M_n(0) { }
        -:  928:
        -:  929:      /**
        -:  930:       * @brief Seed constructs a %discard_block_engine engine.
        -:  931:       *
        -:  932:       * Constructs the underlying generator engine seeded with @p __s.
        -:  933:       * @param __s A seed value for the base class engine.
        -:  934:       */
        -:  935:      explicit
        -:  936:      discard_block_engine(result_type __s)
        -:  937:      : _M_b(__s), _M_n(0) { }
        -:  938:
        -:  939:      /**
        -:  940:       * @brief Generator construct a %discard_block_engine engine.
        -:  941:       *
        -:  942:       * @param __q A seed sequence.
        -:  943:       */
        -:  944:      template<typename _Sseq, typename = _If_seed_seq<_Sseq>>
        -:  945:        explicit
        -:  946:        discard_block_engine(_Sseq& __q)
        -:  947:	: _M_b(__q), _M_n(0)
        -:  948:        { }
        -:  949:
        -:  950:      /**
        -:  951:       * @brief Reseeds the %discard_block_engine object with the default
        -:  952:       *        seed for the underlying base class generator engine.
        -:  953:       */
        -:  954:      void
        -:  955:      seed()
        -:  956:      {
        -:  957:	_M_b.seed();
        -:  958:	_M_n = 0;
        -:  959:      }
        -:  960:
        -:  961:      /**
        -:  962:       * @brief Reseeds the %discard_block_engine object with the default
        -:  963:       *        seed for the underlying base class generator engine.
        -:  964:       */
        -:  965:      void
        -:  966:      seed(result_type __s)
        -:  967:      {
        -:  968:	_M_b.seed(__s);
        -:  969:	_M_n = 0;
        -:  970:      }
        -:  971:
        -:  972:      /**
        -:  973:       * @brief Reseeds the %discard_block_engine object with the given seed
        -:  974:       *        sequence.
        -:  975:       * @param __q A seed generator function.
        -:  976:       */
        -:  977:      template<typename _Sseq>
        -:  978:        _If_seed_seq<_Sseq>
        -:  979:        seed(_Sseq& __q)
        -:  980:        {
        -:  981:	  _M_b.seed(__q);
        -:  982:	  _M_n = 0;
        -:  983:	}
        -:  984:
        -:  985:      /**
        -:  986:       * @brief Gets a const reference to the underlying generator engine
        -:  987:       *        object.
        -:  988:       */
        -:  989:      const _RandomNumberEngine&
        -:  990:      base() const noexcept
        -:  991:      { return _M_b; }
        -:  992:
        -:  993:      /**
        -:  994:       * @brief Gets the minimum value in the generated random number range.
        -:  995:       */
        -:  996:      static constexpr result_type
        -:  997:      min()
        -:  998:      { return _RandomNumberEngine::min(); }
        -:  999:
        -: 1000:      /**
        -: 1001:       * @brief Gets the maximum value in the generated random number range.
        -: 1002:       */
        -: 1003:      static constexpr result_type
        -: 1004:      max()
        -: 1005:      { return _RandomNumberEngine::max(); }
        -: 1006:
        -: 1007:      /**
        -: 1008:       * @brief Discard a sequence of random numbers.
        -: 1009:       */
        -: 1010:      void
        -: 1011:      discard(unsigned long long __z)
        -: 1012:      {
        -: 1013:	for (; __z != 0ULL; --__z)
        -: 1014:	  (*this)();
        -: 1015:      }
        -: 1016:
        -: 1017:      /**
        -: 1018:       * @brief Gets the next value in the generated random number sequence.
        -: 1019:       */
        -: 1020:      result_type
        -: 1021:      operator()();
        -: 1022:
        -: 1023:      /**
        -: 1024:       * @brief Compares two %discard_block_engine random number generator
        -: 1025:       *        objects of the same type for equality.
        -: 1026:       *
        -: 1027:       * @param __lhs A %discard_block_engine random number generator object.
        -: 1028:       * @param __rhs Another %discard_block_engine random number generator
        -: 1029:       *              object.
        -: 1030:       *
        -: 1031:       * @returns true if the infinite sequences of generated values
        -: 1032:       *          would be equal, false otherwise.
        -: 1033:       */
        -: 1034:      friend bool
        -: 1035:      operator==(const discard_block_engine& __lhs,
        -: 1036:		 const discard_block_engine& __rhs)
        -: 1037:      { return __lhs._M_b == __rhs._M_b && __lhs._M_n == __rhs._M_n; }
        -: 1038:
        -: 1039:      /**
        -: 1040:       * @brief Inserts the current state of a %discard_block_engine random
        -: 1041:       *        number generator engine @p __x into the output stream
        -: 1042:       *        @p __os.
        -: 1043:       *
        -: 1044:       * @param __os An output stream.
        -: 1045:       * @param __x  A %discard_block_engine random number generator engine.
        -: 1046:       *
        -: 1047:       * @returns The output stream with the state of @p __x inserted or in
        -: 1048:       * an error state.
        -: 1049:       */
        -: 1050:      template<typename _RandomNumberEngine1, size_t __p1, size_t __r1,
        -: 1051:	       typename _CharT, typename _Traits>
        -: 1052:	friend std::basic_ostream<_CharT, _Traits>&
        -: 1053:	operator<<(std::basic_ostream<_CharT, _Traits>& __os,
        -: 1054:		   const std::discard_block_engine<_RandomNumberEngine1,
        -: 1055:		   __p1, __r1>& __x);
        -: 1056:
        -: 1057:      /**
        -: 1058:       * @brief Extracts the current state of a % subtract_with_carry_engine
        -: 1059:       *        random number generator engine @p __x from the input stream
        -: 1060:       *        @p __is.
        -: 1061:       *
        -: 1062:       * @param __is An input stream.
        -: 1063:       * @param __x  A %discard_block_engine random number generator engine.
        -: 1064:       *
        -: 1065:       * @returns The input stream with the state of @p __x extracted or in
        -: 1066:       * an error state.
        -: 1067:       */
        -: 1068:      template<typename _RandomNumberEngine1, size_t __p1, size_t __r1,
        -: 1069:	       typename _CharT, typename _Traits>
        -: 1070:	friend std::basic_istream<_CharT, _Traits>&
        -: 1071:	operator>>(std::basic_istream<_CharT, _Traits>& __is,
        -: 1072:		   std::discard_block_engine<_RandomNumberEngine1,
        -: 1073:		   __p1, __r1>& __x);
        -: 1074:
        -: 1075:    private:
        -: 1076:      _RandomNumberEngine _M_b;
        -: 1077:      size_t _M_n;
        -: 1078:    };
        -: 1079:
        -: 1080:  /**
        -: 1081:   * @brief Compares two %discard_block_engine random number generator
        -: 1082:   *        objects of the same type for inequality.
        -: 1083:   *
        -: 1084:   * @param __lhs A %discard_block_engine random number generator object.
        -: 1085:   * @param __rhs Another %discard_block_engine random number generator
        -: 1086:   *              object.
        -: 1087:   *
        -: 1088:   * @returns true if the infinite sequences of generated values
        -: 1089:   *          would be different, false otherwise.
        -: 1090:   */
        -: 1091:  template<typename _RandomNumberEngine, size_t __p, size_t __r>
        -: 1092:    inline bool
        -: 1093:    operator!=(const std::discard_block_engine<_RandomNumberEngine, __p,
        -: 1094:	       __r>& __lhs,
        -: 1095:	       const std::discard_block_engine<_RandomNumberEngine, __p,
        -: 1096:	       __r>& __rhs)
        -: 1097:    { return !(__lhs == __rhs); }
        -: 1098:
        -: 1099:
        -: 1100:  /**
        -: 1101:   * Produces random numbers by combining random numbers from some base
        -: 1102:   * engine to produce random numbers with a specifies number of bits @p __w.
        -: 1103:   */
        -: 1104:  template<typename _RandomNumberEngine, size_t __w, typename _UIntType>
        -: 1105:    class independent_bits_engine
        -: 1106:    {
        -: 1107:      static_assert(std::is_unsigned<_UIntType>::value,
        -: 1108:		    "result_type must be an unsigned integral type");
        -: 1109:      static_assert(0u < __w && __w <= std::numeric_limits<_UIntType>::digits,
        -: 1110:		    "template argument substituting __w out of bounds");
        -: 1111:
        -: 1112:      template<typename _Sseq>
        -: 1113:	using _If_seed_seq = typename enable_if<__detail::__is_seed_seq<
        -: 1114:	  _Sseq, independent_bits_engine, _UIntType>::value>::type;
        -: 1115:
        -: 1116:    public:
        -: 1117:      /** The type of the generated random value. */
        -: 1118:      typedef _UIntType result_type;
        -: 1119:
        -: 1120:      /**
        -: 1121:       * @brief Constructs a default %independent_bits_engine engine.
        -: 1122:       *
        -: 1123:       * The underlying engine is default constructed as well.
        -: 1124:       */
        -: 1125:      independent_bits_engine()
        -: 1126:      : _M_b() { }
        -: 1127:
        -: 1128:      /**
        -: 1129:       * @brief Copy constructs a %independent_bits_engine engine.
        -: 1130:       *
        -: 1131:       * Copies an existing base class random number generator.
        -: 1132:       * @param __rng An existing (base class) engine object.
        -: 1133:       */
        -: 1134:      explicit
        -: 1135:      independent_bits_engine(const _RandomNumberEngine& __rng)
        -: 1136:      : _M_b(__rng) { }
        -: 1137:
        -: 1138:      /**
        -: 1139:       * @brief Move constructs a %independent_bits_engine engine.
        -: 1140:       *
        -: 1141:       * Copies an existing base class random number generator.
        -: 1142:       * @param __rng An existing (base class) engine object.
        -: 1143:       */
        -: 1144:      explicit
        -: 1145:      independent_bits_engine(_RandomNumberEngine&& __rng)
        -: 1146:      : _M_b(std::move(__rng)) { }
        -: 1147:
        -: 1148:      /**
        -: 1149:       * @brief Seed constructs a %independent_bits_engine engine.
        -: 1150:       *
        -: 1151:       * Constructs the underlying generator engine seeded with @p __s.
        -: 1152:       * @param __s A seed value for the base class engine.
        -: 1153:       */
        -: 1154:      explicit
        -: 1155:      independent_bits_engine(result_type __s)
        -: 1156:      : _M_b(__s) { }
        -: 1157:
        -: 1158:      /**
        -: 1159:       * @brief Generator construct a %independent_bits_engine engine.
        -: 1160:       *
        -: 1161:       * @param __q A seed sequence.
        -: 1162:       */
        -: 1163:      template<typename _Sseq, typename = _If_seed_seq<_Sseq>>
        -: 1164:        explicit
        -: 1165:        independent_bits_engine(_Sseq& __q)
        -: 1166:        : _M_b(__q)
        -: 1167:        { }
        -: 1168:
        -: 1169:      /**
        -: 1170:       * @brief Reseeds the %independent_bits_engine object with the default
        -: 1171:       *        seed for the underlying base class generator engine.
        -: 1172:       */
        -: 1173:      void
        -: 1174:      seed()
        -: 1175:      { _M_b.seed(); }
        -: 1176:
        -: 1177:      /**
        -: 1178:       * @brief Reseeds the %independent_bits_engine object with the default
        -: 1179:       *        seed for the underlying base class generator engine.
        -: 1180:       */
        -: 1181:      void
        -: 1182:      seed(result_type __s)
        -: 1183:      { _M_b.seed(__s); }
        -: 1184:
        -: 1185:      /**
        -: 1186:       * @brief Reseeds the %independent_bits_engine object with the given
        -: 1187:       *        seed sequence.
        -: 1188:       * @param __q A seed generator function.
        -: 1189:       */
        -: 1190:      template<typename _Sseq>
        -: 1191:        _If_seed_seq<_Sseq>
        -: 1192:        seed(_Sseq& __q)
        -: 1193:        { _M_b.seed(__q); }
        -: 1194:
        -: 1195:      /**
        -: 1196:       * @brief Gets a const reference to the underlying generator engine
        -: 1197:       *        object.
        -: 1198:       */
        -: 1199:      const _RandomNumberEngine&
        -: 1200:      base() const noexcept
        -: 1201:      { return _M_b; }
        -: 1202:
        -: 1203:      /**
        -: 1204:       * @brief Gets the minimum value in the generated random number range.
        -: 1205:       */
        -: 1206:      static constexpr result_type
        -: 1207:      min()
        -: 1208:      { return 0U; }
        -: 1209:
        -: 1210:      /**
        -: 1211:       * @brief Gets the maximum value in the generated random number range.
        -: 1212:       */
        -: 1213:      static constexpr result_type
        -: 1214:      max()
        -: 1215:      { return __detail::_Shift<_UIntType, __w>::__value - 1; }
        -: 1216:
        -: 1217:      /**
        -: 1218:       * @brief Discard a sequence of random numbers.
        -: 1219:       */
        -: 1220:      void
        -: 1221:      discard(unsigned long long __z)
        -: 1222:      {
        -: 1223:	for (; __z != 0ULL; --__z)
        -: 1224:	  (*this)();
        -: 1225:      }
        -: 1226:
        -: 1227:      /**
        -: 1228:       * @brief Gets the next value in the generated random number sequence.
        -: 1229:       */
        -: 1230:      result_type
        -: 1231:      operator()();
        -: 1232:
        -: 1233:      /**
        -: 1234:       * @brief Compares two %independent_bits_engine random number generator
        -: 1235:       * objects of the same type for equality.
        -: 1236:       *
        -: 1237:       * @param __lhs A %independent_bits_engine random number generator
        -: 1238:       *              object.
        -: 1239:       * @param __rhs Another %independent_bits_engine random number generator
        -: 1240:       *              object.
        -: 1241:       *
        -: 1242:       * @returns true if the infinite sequences of generated values
        -: 1243:       *          would be equal, false otherwise.
        -: 1244:       */
        -: 1245:      friend bool
        -: 1246:      operator==(const independent_bits_engine& __lhs,
        -: 1247:		 const independent_bits_engine& __rhs)
        -: 1248:      { return __lhs._M_b == __rhs._M_b; }
        -: 1249:
        -: 1250:      /**
        -: 1251:       * @brief Extracts the current state of a % subtract_with_carry_engine
        -: 1252:       *        random number generator engine @p __x from the input stream
        -: 1253:       *        @p __is.
        -: 1254:       *
        -: 1255:       * @param __is An input stream.
        -: 1256:       * @param __x  A %independent_bits_engine random number generator
        -: 1257:       *             engine.
        -: 1258:       *
        -: 1259:       * @returns The input stream with the state of @p __x extracted or in
        -: 1260:       *          an error state.
        -: 1261:       */
        -: 1262:      template<typename _CharT, typename _Traits>
        -: 1263:	friend std::basic_istream<_CharT, _Traits>&
        -: 1264:	operator>>(std::basic_istream<_CharT, _Traits>& __is,
        -: 1265:		   std::independent_bits_engine<_RandomNumberEngine,
        -: 1266:		   __w, _UIntType>& __x)
        -: 1267:	{
        -: 1268:	  __is >> __x._M_b;
        -: 1269:	  return __is;
        -: 1270:	}
        -: 1271:
        -: 1272:    private:
        -: 1273:      _RandomNumberEngine _M_b;
        -: 1274:    };
        -: 1275:
        -: 1276:  /**
        -: 1277:   * @brief Compares two %independent_bits_engine random number generator
        -: 1278:   * objects of the same type for inequality.
        -: 1279:   *
        -: 1280:   * @param __lhs A %independent_bits_engine random number generator
        -: 1281:   *              object.
        -: 1282:   * @param __rhs Another %independent_bits_engine random number generator
        -: 1283:   *              object.
        -: 1284:   *
        -: 1285:   * @returns true if the infinite sequences of generated values
        -: 1286:   *          would be different, false otherwise.
        -: 1287:   */
        -: 1288:  template<typename _RandomNumberEngine, size_t __w, typename _UIntType>
        -: 1289:    inline bool
        -: 1290:    operator!=(const std::independent_bits_engine<_RandomNumberEngine, __w,
        -: 1291:	       _UIntType>& __lhs,
        -: 1292:	       const std::independent_bits_engine<_RandomNumberEngine, __w,
        -: 1293:	       _UIntType>& __rhs)
        -: 1294:    { return !(__lhs == __rhs); }
        -: 1295:
        -: 1296:  /**
        -: 1297:   * @brief Inserts the current state of a %independent_bits_engine random
        -: 1298:   *        number generator engine @p __x into the output stream @p __os.
        -: 1299:   *
        -: 1300:   * @param __os An output stream.
        -: 1301:   * @param __x  A %independent_bits_engine random number generator engine.
        -: 1302:   *
        -: 1303:   * @returns The output stream with the state of @p __x inserted or in
        -: 1304:   *          an error state.
        -: 1305:   */
        -: 1306:  template<typename _RandomNumberEngine, size_t __w, typename _UIntType,
        -: 1307:	   typename _CharT, typename _Traits>
        -: 1308:    std::basic_ostream<_CharT, _Traits>&
        -: 1309:    operator<<(std::basic_ostream<_CharT, _Traits>& __os,
        -: 1310:	       const std::independent_bits_engine<_RandomNumberEngine,
        -: 1311:	       __w, _UIntType>& __x)
        -: 1312:    {
        -: 1313:      __os << __x.base();
        -: 1314:      return __os;
        -: 1315:    }
        -: 1316:
        -: 1317:
        -: 1318:  /**
        -: 1319:   * @brief Produces random numbers by combining random numbers from some
        -: 1320:   * base engine to produce random numbers with a specifies number of bits
        -: 1321:   * @p __k.
        -: 1322:   */
        -: 1323:  template<typename _RandomNumberEngine, size_t __k>
        -: 1324:    class shuffle_order_engine
        -: 1325:    {
        -: 1326:      static_assert(1u <= __k, "template argument substituting "
        -: 1327:		    "__k out of bound");
        -: 1328:
        -: 1329:    public:
        -: 1330:      /** The type of the generated random value. */
        -: 1331:      typedef typename _RandomNumberEngine::result_type result_type;
        -: 1332:
        -: 1333:      template<typename _Sseq>
        -: 1334:	using _If_seed_seq = typename enable_if<__detail::__is_seed_seq<
        -: 1335:	  _Sseq, shuffle_order_engine, result_type>::value>::type;
        -: 1336:
        -: 1337:      static constexpr size_t table_size = __k;
        -: 1338:
        -: 1339:      /**
        -: 1340:       * @brief Constructs a default %shuffle_order_engine engine.
        -: 1341:       *
        -: 1342:       * The underlying engine is default constructed as well.
        -: 1343:       */
        -: 1344:      shuffle_order_engine()
        -: 1345:      : _M_b()
        -: 1346:      { _M_initialize(); }
        -: 1347:
        -: 1348:      /**
        -: 1349:       * @brief Copy constructs a %shuffle_order_engine engine.
        -: 1350:       *
        -: 1351:       * Copies an existing base class random number generator.
        -: 1352:       * @param __rng An existing (base class) engine object.
        -: 1353:       */
        -: 1354:      explicit
        -: 1355:      shuffle_order_engine(const _RandomNumberEngine& __rng)
        -: 1356:      : _M_b(__rng)
        -: 1357:      { _M_initialize(); }
        -: 1358:
        -: 1359:      /**
        -: 1360:       * @brief Move constructs a %shuffle_order_engine engine.
        -: 1361:       *
        -: 1362:       * Copies an existing base class random number generator.
        -: 1363:       * @param __rng An existing (base class) engine object.
        -: 1364:       */
        -: 1365:      explicit
        -: 1366:      shuffle_order_engine(_RandomNumberEngine&& __rng)
        -: 1367:      : _M_b(std::move(__rng))
        -: 1368:      { _M_initialize(); }
        -: 1369:
        -: 1370:      /**
        -: 1371:       * @brief Seed constructs a %shuffle_order_engine engine.
        -: 1372:       *
        -: 1373:       * Constructs the underlying generator engine seeded with @p __s.
        -: 1374:       * @param __s A seed value for the base class engine.
        -: 1375:       */
        -: 1376:      explicit
        -: 1377:      shuffle_order_engine(result_type __s)
        -: 1378:      : _M_b(__s)
        -: 1379:      { _M_initialize(); }
        -: 1380:
        -: 1381:      /**
        -: 1382:       * @brief Generator construct a %shuffle_order_engine engine.
        -: 1383:       *
        -: 1384:       * @param __q A seed sequence.
        -: 1385:       */
        -: 1386:      template<typename _Sseq, typename = _If_seed_seq<_Sseq>>
        -: 1387:        explicit
        -: 1388:        shuffle_order_engine(_Sseq& __q)
        -: 1389:        : _M_b(__q)
        -: 1390:        { _M_initialize(); }
        -: 1391:
        -: 1392:      /**
        -: 1393:       * @brief Reseeds the %shuffle_order_engine object with the default seed
        -: 1394:                for the underlying base class generator engine.
        -: 1395:       */
        -: 1396:      void
        -: 1397:      seed()
        -: 1398:      {
        -: 1399:	_M_b.seed();
        -: 1400:	_M_initialize();
        -: 1401:      }
        -: 1402:
        -: 1403:      /**
        -: 1404:       * @brief Reseeds the %shuffle_order_engine object with the default seed
        -: 1405:       *        for the underlying base class generator engine.
        -: 1406:       */
        -: 1407:      void
        -: 1408:      seed(result_type __s)
        -: 1409:      {
        -: 1410:	_M_b.seed(__s);
        -: 1411:	_M_initialize();
        -: 1412:      }
        -: 1413:
        -: 1414:      /**
        -: 1415:       * @brief Reseeds the %shuffle_order_engine object with the given seed
        -: 1416:       *        sequence.
        -: 1417:       * @param __q A seed generator function.
        -: 1418:       */
        -: 1419:      template<typename _Sseq>
        -: 1420:        _If_seed_seq<_Sseq>
        -: 1421:        seed(_Sseq& __q)
        -: 1422:        {
        -: 1423:	  _M_b.seed(__q);
        -: 1424:	  _M_initialize();
        -: 1425:	}
        -: 1426:
        -: 1427:      /**
        -: 1428:       * Gets a const reference to the underlying generator engine object.
        -: 1429:       */
        -: 1430:      const _RandomNumberEngine&
        -: 1431:      base() const noexcept
        -: 1432:      { return _M_b; }
        -: 1433:
        -: 1434:      /**
        -: 1435:       * Gets the minimum value in the generated random number range.
        -: 1436:       */
        -: 1437:      static constexpr result_type
        -: 1438:      min()
        -: 1439:      { return _RandomNumberEngine::min(); }
        -: 1440:
        -: 1441:      /**
        -: 1442:       * Gets the maximum value in the generated random number range.
        -: 1443:       */
        -: 1444:      static constexpr result_type
        -: 1445:      max()
        -: 1446:      { return _RandomNumberEngine::max(); }
        -: 1447:
        -: 1448:      /**
        -: 1449:       * Discard a sequence of random numbers.
        -: 1450:       */
        -: 1451:      void
        -: 1452:      discard(unsigned long long __z)
        -: 1453:      {
        -: 1454:	for (; __z != 0ULL; --__z)
        -: 1455:	  (*this)();
        -: 1456:      }
        -: 1457:
        -: 1458:      /**
        -: 1459:       * Gets the next value in the generated random number sequence.
        -: 1460:       */
        -: 1461:      result_type
        -: 1462:      operator()();
        -: 1463:
        -: 1464:      /**
        -: 1465:       * Compares two %shuffle_order_engine random number generator objects
        -: 1466:       * of the same type for equality.
        -: 1467:       *
        -: 1468:       * @param __lhs A %shuffle_order_engine random number generator object.
        -: 1469:       * @param __rhs Another %shuffle_order_engine random number generator
        -: 1470:       *              object.
        -: 1471:       *
        -: 1472:       * @returns true if the infinite sequences of generated values
        -: 1473:       *          would be equal, false otherwise.
        -: 1474:      */
        -: 1475:      friend bool
        -: 1476:      operator==(const shuffle_order_engine& __lhs,
        -: 1477:		 const shuffle_order_engine& __rhs)
        -: 1478:      { return (__lhs._M_b == __rhs._M_b
        -: 1479:		&& std::equal(__lhs._M_v, __lhs._M_v + __k, __rhs._M_v)
        -: 1480:		&& __lhs._M_y == __rhs._M_y); }
        -: 1481:
        -: 1482:      /**
        -: 1483:       * @brief Inserts the current state of a %shuffle_order_engine random
        -: 1484:       *        number generator engine @p __x into the output stream
        -: 1485:	@p __os.
        -: 1486:       *
        -: 1487:       * @param __os An output stream.
        -: 1488:       * @param __x  A %shuffle_order_engine random number generator engine.
        -: 1489:       *
        -: 1490:       * @returns The output stream with the state of @p __x inserted or in
        -: 1491:       * an error state.
        -: 1492:       */
        -: 1493:      template<typename _RandomNumberEngine1, size_t __k1,
        -: 1494:	       typename _CharT, typename _Traits>
        -: 1495:	friend std::basic_ostream<_CharT, _Traits>&
        -: 1496:	operator<<(std::basic_ostream<_CharT, _Traits>& __os,
        -: 1497:		   const std::shuffle_order_engine<_RandomNumberEngine1,
        -: 1498:		   __k1>& __x);
        -: 1499:
        -: 1500:      /**
        -: 1501:       * @brief Extracts the current state of a % subtract_with_carry_engine
        -: 1502:       *        random number generator engine @p __x from the input stream
        -: 1503:       *        @p __is.
        -: 1504:       *
        -: 1505:       * @param __is An input stream.
        -: 1506:       * @param __x  A %shuffle_order_engine random number generator engine.
        -: 1507:       *
        -: 1508:       * @returns The input stream with the state of @p __x extracted or in
        -: 1509:       * an error state.
        -: 1510:       */
        -: 1511:      template<typename _RandomNumberEngine1, size_t __k1,
        -: 1512:	       typename _CharT, typename _Traits>
        -: 1513:	friend std::basic_istream<_CharT, _Traits>&
        -: 1514:	operator>>(std::basic_istream<_CharT, _Traits>& __is,
        -: 1515:		   std::shuffle_order_engine<_RandomNumberEngine1, __k1>& __x);
        -: 1516:
        -: 1517:    private:
        -: 1518:      void _M_initialize()
        -: 1519:      {
        -: 1520:	for (size_t __i = 0; __i < __k; ++__i)
        -: 1521:	  _M_v[__i] = _M_b();
        -: 1522:	_M_y = _M_b();
        -: 1523:      }
        -: 1524:
        -: 1525:      _RandomNumberEngine _M_b;
        -: 1526:      result_type _M_v[__k];
        -: 1527:      result_type _M_y;
        -: 1528:    };
        -: 1529:
        -: 1530:  /**
        -: 1531:   * Compares two %shuffle_order_engine random number generator objects
        -: 1532:   * of the same type for inequality.
        -: 1533:   *
        -: 1534:   * @param __lhs A %shuffle_order_engine random number generator object.
        -: 1535:   * @param __rhs Another %shuffle_order_engine random number generator
        -: 1536:   *              object.
        -: 1537:   *
        -: 1538:   * @returns true if the infinite sequences of generated values
        -: 1539:   *          would be different, false otherwise.
        -: 1540:   */
        -: 1541:  template<typename _RandomNumberEngine, size_t __k>
        -: 1542:    inline bool
        -: 1543:    operator!=(const std::shuffle_order_engine<_RandomNumberEngine,
        -: 1544:	       __k>& __lhs,
        -: 1545:	       const std::shuffle_order_engine<_RandomNumberEngine,
        -: 1546:	       __k>& __rhs)
        -: 1547:    { return !(__lhs == __rhs); }
        -: 1548:
        -: 1549:
        -: 1550:  /**
        -: 1551:   * The classic Minimum Standard rand0 of Lewis, Goodman, and Miller.
        -: 1552:   */
        -: 1553:  typedef linear_congruential_engine<uint_fast32_t, 16807UL, 0UL, 2147483647UL>
        -: 1554:  minstd_rand0;
        -: 1555:
        -: 1556:  /**
        -: 1557:   * An alternative LCR (Lehmer Generator function).
        -: 1558:   */
        -: 1559:  typedef linear_congruential_engine<uint_fast32_t, 48271UL, 0UL, 2147483647UL>
        -: 1560:  minstd_rand;
        -: 1561:
        -: 1562:  /**
        -: 1563:   * The classic Mersenne Twister.
        -: 1564:   *
        -: 1565:   * Reference:
        -: 1566:   * M. Matsumoto and T. Nishimura, Mersenne Twister: A 623-Dimensionally
        -: 1567:   * Equidistributed Uniform Pseudo-Random Number Generator, ACM Transactions
        -: 1568:   * on Modeling and Computer Simulation, Vol. 8, No. 1, January 1998, pp 3-30.
        -: 1569:   */
        -: 1570:  typedef mersenne_twister_engine<
        -: 1571:    uint_fast32_t,
        -: 1572:    32, 624, 397, 31,
        -: 1573:    0x9908b0dfUL, 11,
        -: 1574:    0xffffffffUL, 7,
        -: 1575:    0x9d2c5680UL, 15,
        -: 1576:    0xefc60000UL, 18, 1812433253UL> mt19937;
        -: 1577:
        -: 1578:  /**
        -: 1579:   * An alternative Mersenne Twister.
        -: 1580:   */
        -: 1581:  typedef mersenne_twister_engine<
        -: 1582:    uint_fast64_t,
        -: 1583:    64, 312, 156, 31,
        -: 1584:    0xb5026f5aa96619e9ULL, 29,
        -: 1585:    0x5555555555555555ULL, 17,
        -: 1586:    0x71d67fffeda60000ULL, 37,
        -: 1587:    0xfff7eee000000000ULL, 43,
        -: 1588:    6364136223846793005ULL> mt19937_64;
        -: 1589:
        -: 1590:  typedef subtract_with_carry_engine<uint_fast32_t, 24, 10, 24>
        -: 1591:    ranlux24_base;
        -: 1592:
        -: 1593:  typedef subtract_with_carry_engine<uint_fast64_t, 48, 5, 12>
        -: 1594:    ranlux48_base;
        -: 1595:
        -: 1596:  typedef discard_block_engine<ranlux24_base, 223, 23> ranlux24;
        -: 1597:
        -: 1598:  typedef discard_block_engine<ranlux48_base, 389, 11> ranlux48;
        -: 1599:
        -: 1600:  typedef shuffle_order_engine<minstd_rand0, 256> knuth_b;
        -: 1601:
        -: 1602:  typedef minstd_rand0 default_random_engine;
        -: 1603:
        -: 1604:  /**
        -: 1605:   * A standard interface to a platform-specific non-deterministic
        -: 1606:   * random number generator (if any are available).
        -: 1607:   */
        -: 1608:  class random_device
        -: 1609:  {
        -: 1610:  public:
        -: 1611:    /** The type of the generated random value. */
        -: 1612:    typedef unsigned int result_type;
        -: 1613:
        -: 1614:    // constructors, destructors and member functions
        -: 1615:
        -: 1616:    random_device() { _M_init("default"); }
        -: 1617:
        -: 1618:    explicit
        -: 1619:    random_device(const std::string& __token) { _M_init(__token); }
        -: 1620:
        -: 1621:#if defined _GLIBCXX_USE_DEV_RANDOM
        -: 1622:    ~random_device()
        -: 1623:    { _M_fini(); }
        -: 1624:#endif
        -: 1625:
        -: 1626:    static constexpr result_type
        -: 1627:    min()
        -: 1628:    { return std::numeric_limits<result_type>::min(); }
        -: 1629:
        -: 1630:    static constexpr result_type
        -: 1631:    max()
        -: 1632:    { return std::numeric_limits<result_type>::max(); }
        -: 1633:
        -: 1634:    double
        -: 1635:    entropy() const noexcept
        -: 1636:    {
        -: 1637:#ifdef _GLIBCXX_USE_DEV_RANDOM
        -: 1638:      return this->_M_getentropy();
[...]
        -: 5659:       * @brief Returns the greatest lower bound value of the distribution.
        -: 5660:       */
        -: 5661:      result_type
        -: 5662:      min() const
        -: 5663:      {
        -: 5664:	return _M_param._M_int.empty()
        -: 5665:	  ? result_type(0) : _M_param._M_int.front();
        -: 5666:      }
        -: 5667:
        -: 5668:      /**
        -: 5669:       * @brief Returns the least upper bound value of the distribution.
        -: 5670:       */
        -: 5671:      result_type
        -: 5672:      max() const
        -: 5673:      {
        -: 5674:	return _M_param._M_int.empty()
        -: 5675:	  ? result_type(1) : _M_param._M_int.back();
        -: 5676:      }
        -: 5677:
        -: 5678:      /**
        -: 5679:       * @brief Generating functions.
        -: 5680:       */
        -: 5681:      template<typename _UniformRandomNumberGenerator>
        -: 5682:	result_type
        -: 5683:	operator()(_UniformRandomNumberGenerator& __urng)
        -: 5684:	{ return this->operator()(__urng, _M_param); }
        -: 5685:
        -: 5686:      template<typename _UniformRandomNumberGenerator>
        -: 5687:	result_type
        -: 5688:	operator()(_UniformRandomNumberGenerator& __urng,
        -: 5689:		   const param_type& __p);
        -: 5690:
        -: 5691:      template<typename _ForwardIterator,
        -: 5692:	       typename _UniformRandomNumberGenerator>
        -: 5693:	void
        -: 5694:	__generate(_ForwardIterator __f, _ForwardIterator __t,
        -: 5695:		   _UniformRandomNumberGenerator& __urng)
        -: 5696:	{ this->__generate(__f, __t, __urng, _M_param); }
        -: 5697:
        -: 5698:      template<typename _ForwardIterator,
        -: 5699:	       typename _UniformRandomNumberGenerator>
        -: 5700:	void
        -: 5701:	__generate(_ForwardIterator __f, _ForwardIterator __t,
        -: 5702:		   _UniformRandomNumberGenerator& __urng,
        -: 5703:		   const param_type& __p)
        -: 5704:	{ this->__generate_impl(__f, __t, __urng, __p); }
        -: 5705:
        -: 5706:      template<typename _UniformRandomNumberGenerator>
        -: 5707:	void
        -: 5708:	__generate(result_type* __f, result_type* __t,
        -: 5709:		   _UniformRandomNumberGenerator& __urng,
        -: 5710:		   const param_type& __p)
        -: 5711:	{ this->__generate_impl(__f, __t, __urng, __p); }
        -: 5712:
        -: 5713:      /**
        -: 5714:       * @brief Return true if two piecewise constant distributions have the
        -: 5715:       *        same parameters.
        -: 5716:       */
        -: 5717:      friend bool
        -: 5718:      operator==(const piecewise_constant_distribution& __d1,
        -: 5719:		 const piecewise_constant_distribution& __d2)
        -: 5720:      { return __d1._M_param == __d2._M_param; }
        -: 5721:
        -: 5722:      /**
        -: 5723:       * @brief Inserts a %piecewise_constant_distribution random
        -: 5724:       *        number distribution @p __x into the output stream @p __os.
        -: 5725:       *
        -: 5726:       * @param __os An output stream.
        -: 5727:       * @param __x  A %piecewise_constant_distribution random number
        -: 5728:       *             distribution.
        -: 5729:       *
        -: 5730:       * @returns The output stream with the state of @p __x inserted or in
        -: 5731:       * an error state.
        -: 5732:       */
        -: 5733:      template<typename _RealType1, typename _CharT, typename _Traits>
        -: 5734:	friend std::basic_ostream<_CharT, _Traits>&
        -: 5735:	operator<<(std::basic_ostream<_CharT, _Traits>& __os,
        -: 5736:		   const std::piecewise_constant_distribution<_RealType1>& __x);
        -: 5737:
        -: 5738:      /**
        -: 5739:       * @brief Extracts a %piecewise_constant_distribution random
        -: 5740:       *        number distribution @p __x from the input stream @p __is.
        -: 5741:       *
        -: 5742:       * @param __is An input stream.
        -: 5743:       * @param __x A %piecewise_constant_distribution random number
        -: 5744:       *            generator engine.
        -: 5745:       *
        -: 5746:       * @returns The input stream with @p __x extracted or in an error
        -: 5747:       *          state.
        -: 5748:       */
        -: 5749:      template<typename _RealType1, typename _CharT, typename _Traits>
        -: 5750:	friend std::basic_istream<_CharT, _Traits>&
        -: 5751:	operator>>(std::basic_istream<_CharT, _Traits>& __is,
        -: 5752:		   std::piecewise_constant_distribution<_RealType1>& __x);
        -: 5753:
        -: 5754:    private:
        -: 5755:      template<typename _ForwardIterator,
        -: 5756:	       typename _UniformRandomNumberGenerator>
        -: 5757:	void
        -: 5758:	__generate_impl(_ForwardIterator __f, _ForwardIterator __t,
        -: 5759:			_UniformRandomNumberGenerator& __urng,
        -: 5760:			const param_type& __p);
        -: 5761:
        -: 5762:      param_type _M_param;
        -: 5763:    };
        -: 5764:
        -: 5765:  /**
        -: 5766:    * @brief Return true if two piecewise constant distributions have 
        -: 5767:    *        different parameters.
        -: 5768:   */
        -: 5769:  template<typename _RealType>
        -: 5770:    inline bool
        -: 5771:    operator!=(const std::piecewise_constant_distribution<_RealType>& __d1,
        -: 5772:	       const std::piecewise_constant_distribution<_RealType>& __d2)
        -: 5773:    { return !(__d1 == __d2); }
        -: 5774:
        -: 5775:
        -: 5776:  /**
        -: 5777:   * @brief A piecewise_linear_distribution random number distribution.
        -: 5778:   *
        -: 5779:   * The formula for the piecewise linear probability mass function is
        -: 5780:   *
        -: 5781:   */
        -: 5782:  template<typename _RealType = double>
        -: 5783:    class piecewise_linear_distribution
        -: 5784:    {
        -: 5785:      static_assert(std::is_floating_point<_RealType>::value,
        -: 5786:		    "result_type must be a floating point type");
        -: 5787:
        -: 5788:    public:
        -: 5789:      /** The type of the range of the distribution. */
        -: 5790:      typedef _RealType result_type;
        -: 5791:
        -: 5792:      /** Parameter type. */
        -: 5793:      struct param_type
        -: 5794:      {
        -: 5795:	typedef piecewise_linear_distribution<_RealType> distribution_type;
        -: 5796:	friend class piecewise_linear_distribution<_RealType>;
        -: 5797:
        -: 5798:	param_type()
        -: 5799:	: _M_int(), _M_den(), _M_cp(), _M_m()
        -: 5800:	{ }
        -: 5801:
        -: 5802:	template<typename _InputIteratorB, typename _InputIteratorW>
        -: 5803:	  param_type(_InputIteratorB __bfirst,
        -: 5804:		     _InputIteratorB __bend,
        -: 5805:		     _InputIteratorW __wbegin);
        -: 5806:
        -: 5807:	template<typename _Func>
        -: 5808:	  param_type(initializer_list<_RealType> __bl, _Func __fw);
        -: 5809:
        -: 5810:	template<typename _Func>
        -: 5811:	  param_type(size_t __nw, _RealType __xmin, _RealType __xmax,
        -: 5812:		     _Func __fw);
        -: 5813:
        -: 5814:	// See: http://cpp-next.com/archive/2010/10/implicit-move-must-go/
        -: 5815:	param_type(const param_type&) = default;
        -: 5816:	param_type& operator=(const param_type&) = default;
        -: 5817:
        -: 5818:	std::vector<_RealType>
        -: 5819:	intervals() const
        -: 5820:	{
        -: 5821:	  if (_M_int.empty())
        -: 5822:	    {
        -: 5823:	      std::vector<_RealType> __tmp(2);
        -: 5824:	      __tmp[1] = _RealType(1);
        -: 5825:	      return __tmp;
        -: 5826:	    }
        -: 5827:	  else
        -: 5828:	    return _M_int;
        -: 5829:	}
        -: 5830:
        -: 5831:	std::vector<double>
        -: 5832:	densities() const
        -: 5833:	{ return _M_den.empty() ? std::vector<double>(2, 1.0) : _M_den; }
        -: 5834:
        -: 5835:	friend bool
        -: 5836:	operator==(const param_type& __p1, const param_type& __p2)
        -: 5837:	{ return __p1._M_int == __p2._M_int && __p1._M_den == __p2._M_den; }
        -: 5838:
        -: 5839:	friend bool
        -: 5840:	operator!=(const param_type& __p1, const param_type& __p2)
        -: 5841:	{ return !(__p1 == __p2); }
        -: 5842:
        -: 5843:      private:
        -: 5844:	void
        -: 5845:	_M_initialize();
        -: 5846:
        -: 5847:	std::vector<_RealType> _M_int;
        -: 5848:	std::vector<double> _M_den;
        -: 5849:	std::vector<double> _M_cp;
        -: 5850:	std::vector<double> _M_m;
        -: 5851:      };
        -: 5852:
        -: 5853:      piecewise_linear_distribution()
        -: 5854:      : _M_param()
        -: 5855:      { }
        -: 5856:
        -: 5857:      template<typename _InputIteratorB, typename _InputIteratorW>
        -: 5858:	piecewise_linear_distribution(_InputIteratorB __bfirst,
        -: 5859:				      _InputIteratorB __bend,
        -: 5860:				      _InputIteratorW __wbegin)
        -: 5861:	: _M_param(__bfirst, __bend, __wbegin)
        -: 5862:	{ }
        -: 5863:
        -: 5864:      template<typename _Func>
        -: 5865:	piecewise_linear_distribution(initializer_list<_RealType> __bl,
        -: 5866:				      _Func __fw)
        -: 5867:	: _M_param(__bl, __fw)
        -: 5868:	{ }
        -: 5869:
        -: 5870:      template<typename _Func>
        -: 5871:	piecewise_linear_distribution(size_t __nw,
        -: 5872:				      _RealType __xmin, _RealType __xmax,
        -: 5873:				      _Func __fw)
        -: 5874:	: _M_param(__nw, __xmin, __xmax, __fw)
        -: 5875:	{ }
        -: 5876:
        -: 5877:      explicit
        -: 5878:      piecewise_linear_distribution(const param_type& __p)
        -: 5879:      : _M_param(__p)
        -: 5880:      { }
        -: 5881:
        -: 5882:      /**
        -: 5883:       * Resets the distribution state.
        -: 5884:       */
        -: 5885:      void
        -: 5886:      reset()
        -: 5887:      { }
        -: 5888:
        -: 5889:      /**
        -: 5890:       * @brief Return the intervals of the distribution.
        -: 5891:       */
        -: 5892:      std::vector<_RealType>
        -: 5893:      intervals() const
        -: 5894:      {
        -: 5895:	if (_M_param._M_int.empty())
        -: 5896:	  {
        -: 5897:	    std::vector<_RealType> __tmp(2);
        -: 5898:	    __tmp[1] = _RealType(1);
        -: 5899:	    return __tmp;
        -: 5900:	  }
        -: 5901:	else
        -: 5902:	  return _M_param._M_int;
        -: 5903:      }
        -: 5904:
        -: 5905:      /**
        -: 5906:       * @brief Return a vector of the probability densities of the
        -: 5907:       *        distribution.
        -: 5908:       */
        -: 5909:      std::vector<double>
        -: 5910:      densities() const
        -: 5911:      {
        -: 5912:	return _M_param._M_den.empty()
        -: 5913:	  ? std::vector<double>(2, 1.0) : _M_param._M_den;
        -: 5914:      }
        -: 5915:
        -: 5916:      /**
        -: 5917:       * @brief Returns the parameter set of the distribution.
        -: 5918:       */
        -: 5919:      param_type
        -: 5920:      param() const
        -: 5921:      { return _M_param; }
        -: 5922:
        -: 5923:      /**
        -: 5924:       * @brief Sets the parameter set of the distribution.
        -: 5925:       * @param __param The new parameter set of the distribution.
        -: 5926:       */
        -: 5927:      void
        -: 5928:      param(const param_type& __param)
        -: 5929:      { _M_param = __param; }
        -: 5930:
        -: 5931:      /**
        -: 5932:       * @brief Returns the greatest lower bound value of the distribution.
        -: 5933:       */
        -: 5934:      result_type
        -: 5935:      min() const
        -: 5936:      {
        -: 5937:	return _M_param._M_int.empty()
        -: 5938:	  ? result_type(0) : _M_param._M_int.front();
        -: 5939:      }
        -: 5940:
        -: 5941:      /**
        -: 5942:       * @brief Returns the least upper bound value of the distribution.
        -: 5943:       */
        -: 5944:      result_type
        -: 5945:      max() const
        -: 5946:      {
        -: 5947:	return _M_param._M_int.empty()
        -: 5948:	  ? result_type(1) : _M_param._M_int.back();
        -: 5949:      }
        -: 5950:
        -: 5951:      /**
        -: 5952:       * @brief Generating functions.
        -: 5953:       */
        -: 5954:      template<typename _UniformRandomNumberGenerator>
        -: 5955:	result_type
        -: 5956:	operator()(_UniformRandomNumberGenerator& __urng)
        -: 5957:	{ return this->operator()(__urng, _M_param); }
        -: 5958:
        -: 5959:      template<typename _UniformRandomNumberGenerator>
        -: 5960:	result_type
        -: 5961:	operator()(_UniformRandomNumberGenerator& __urng,
        -: 5962:		   const param_type& __p);
        -: 5963:
        -: 5964:      template<typename _ForwardIterator,
        -: 5965:	       typename _UniformRandomNumberGenerator>
        -: 5966:	void
        -: 5967:	__generate(_ForwardIterator __f, _ForwardIterator __t,
        -: 5968:		   _UniformRandomNumberGenerator& __urng)
        -: 5969:	{ this->__generate(__f, __t, __urng, _M_param); }
        -: 5970:
        -: 5971:      template<typename _ForwardIterator,
        -: 5972:	       typename _UniformRandomNumberGenerator>
        -: 5973:	void
        -: 5974:	__generate(_ForwardIterator __f, _ForwardIterator __t,
        -: 5975:		   _UniformRandomNumberGenerator& __urng,
        -: 5976:		   const param_type& __p)
        -: 5977:	{ this->__generate_impl(__f, __t, __urng, __p); }
        -: 5978:
        -: 5979:      template<typename _UniformRandomNumberGenerator>
        -: 5980:	void
        -: 5981:	__generate(result_type* __f, result_type* __t,
        -: 5982:		   _UniformRandomNumberGenerator& __urng,
        -: 5983:		   const param_type& __p)
        -: 5984:	{ this->__generate_impl(__f, __t, __urng, __p); }
        -: 5985:
        -: 5986:      /**
        -: 5987:       * @brief Return true if two piecewise linear distributions have the
        -: 5988:       *        same parameters.
        -: 5989:       */
        -: 5990:      friend bool
        -: 5991:      operator==(const piecewise_linear_distribution& __d1,
        -: 5992:		 const piecewise_linear_distribution& __d2)
        -: 5993:      { return __d1._M_param == __d2._M_param; }
        -: 5994:
        -: 5995:      /**
        -: 5996:       * @brief Inserts a %piecewise_linear_distribution random number
        -: 5997:       *        distribution @p __x into the output stream @p __os.
        -: 5998:       *
        -: 5999:       * @param __os An output stream.
        -: 6000:       * @param __x  A %piecewise_linear_distribution random number
        -: 6001:       *             distribution.
        -: 6002:       *
        -: 6003:       * @returns The output stream with the state of @p __x inserted or in
        -: 6004:       *          an error state.
        -: 6005:       */
        -: 6006:      template<typename _RealType1, typename _CharT, typename _Traits>
        -: 6007:	friend std::basic_ostream<_CharT, _Traits>&
        -: 6008:	operator<<(std::basic_ostream<_CharT, _Traits>& __os,
        -: 6009:		   const std::piecewise_linear_distribution<_RealType1>& __x);
        -: 6010:
        -: 6011:      /**
        -: 6012:       * @brief Extracts a %piecewise_linear_distribution random number
        -: 6013:       *        distribution @p __x from the input stream @p __is.
        -: 6014:       *
        -: 6015:       * @param __is An input stream.
        -: 6016:       * @param __x  A %piecewise_linear_distribution random number
        -: 6017:       *             generator engine.
        -: 6018:       *
        -: 6019:       * @returns The input stream with @p __x extracted or in an error
        -: 6020:       *          state.
        -: 6021:       */
        -: 6022:      template<typename _RealType1, typename _CharT, typename _Traits>
        -: 6023:	friend std::basic_istream<_CharT, _Traits>&
        -: 6024:	operator>>(std::basic_istream<_CharT, _Traits>& __is,
        -: 6025:		   std::piecewise_linear_distribution<_RealType1>& __x);
        -: 6026:
        -: 6027:    private:
        -: 6028:      template<typename _ForwardIterator,
        -: 6029:	       typename _UniformRandomNumberGenerator>
        -: 6030:	void
        -: 6031:	__generate_impl(_ForwardIterator __f, _ForwardIterator __t,
        -: 6032:			_UniformRandomNumberGenerator& __urng,
        -: 6033:			const param_type& __p);
        -: 6034:
        -: 6035:      param_type _M_param;
        -: 6036:    };
        -: 6037:
        -: 6038:  /**
        -: 6039:    * @brief Return true if two piecewise linear distributions have
        -: 6040:    *        different parameters.
        -: 6041:   */
        -: 6042:  template<typename _RealType>
        -: 6043:    inline bool
        -: 6044:    operator!=(const std::piecewise_linear_distribution<_RealType>& __d1,
        -: 6045:	       const std::piecewise_linear_distribution<_RealType>& __d2)
        -: 6046:    { return !(__d1 == __d2); }
        -: 6047:
        -: 6048:
        -: 6049:  /* @} */ // group random_distributions_poisson
        -: 6050:
        -: 6051:  /* @} */ // group random_distributions
        -: 6052:
        -: 6053:  /**
        -: 6054:   * @addtogroup random_utilities Random Number Utilities
        -: 6055:   * @ingroup random
        -: 6056:   * @{
        -: 6057:   */
        -: 6058:
        -: 6059:  /**
        -: 6060:   * @brief The seed_seq class generates sequences of seeds for random
        -: 6061:   *        number generators.
        -: 6062:   */
        -: 6063:  class seed_seq
        -: 6064:  {
        -: 6065:  public:
        -: 6066:    /** The type of the seed vales. */
        -: 6067:    typedef uint_least32_t result_type;
        -: 6068:
        -: 6069:    /** Default constructor. */
        -: 6070:    seed_seq() noexcept
        -: 6071:    : _M_v()
        -: 6072:    { }
        -: 6073:
        -: 6074:    template<typename _IntType>
        -: 6075:      seed_seq(std::initializer_list<_IntType> __il);
        -: 6076:
        -: 6077:    template<typename _InputIterator>
        -: 6078:      seed_seq(_InputIterator __begin, _InputIterator __end);
        -: 6079:
        -: 6080:    // generating functions
        -: 6081:    template<typename _RandomAccessIterator>
        -: 6082:      void
        -: 6083:      generate(_RandomAccessIterator __begin, _RandomAccessIterator __end);
        -: 6084:
        -: 6085:    // property functions
        -: 6086:    size_t size() const noexcept
        -: 6087:    { return _M_v.size(); }
        -: 6088:
        -: 6089:    template<typename _OutputIterator>
        -: 6090:      void
        -: 6091:      param(_OutputIterator __dest) const
        -: 6092:      { std::copy(_M_v.begin(), _M_v.end(), __dest); }
        -: 6093:
        -: 6094:    // no copy functions
        -: 6095:    seed_seq(const seed_seq&) = delete;
        -: 6096:    seed_seq& operator=(const seed_seq&) = delete;
        -: 6097:
        -: 6098:  private:
        -: 6099:    std::vector<result_type> _M_v;
        -: 6100:  };
        -: 6101:
        -: 6102:  /* @} */ // group random_utilities
        -: 6103:
        -: 6104:  /* @} */ // group random
        -: 6105:
        -: 6106:_GLIBCXX_END_NAMESPACE_VERSION
        -: 6107:} // namespace std
        -: 6108:
        -: 6109:#endif
