        -:    0:Source:/home/kaappo/git/raytracercpp/src/core/common/LightSource.h
        -:    0:Graph:/home/kaappo/git/raytracercpp/cmake-build-debug-coverage/CMakeFiles/Main.dir/src/core/engine/Scene.cpp.gcno
        -:    0:Data:/home/kaappo/git/raytracercpp/cmake-build-debug-coverage/CMakeFiles/Main.dir/src/core/engine/Scene.cpp.gcda
        -:    0:Runs:1
        -:    1://
        -:    2:// Created by kaappo on 13.9.2021.
        -:    3://
        -:    4:
        -:    5:#include <utility>
        -:    6:#include <ostream>
        -:    7:
        -:    8:#include "MyVector3.h"
        -:    9:#include "../light/Intensity.h"
        -:   10:
        -:   11:#pragma once
        -:   12:
        -:   13:
        -:   14:struct LightSource {
        -:   15:    MyVector3 position;
        -:   16:    Intensity intensity;
        -:   17:    double radius;
        -:   18:
        -:   19://    LightSource (MyVector3 position, const Intensity& intensity, double radius) : position{std::move(position)}, intensity{intensity}, radius{radius} {}
        -:   20:
        -:   21://    LightSource& operator= (const LightSource& other) = default;
        -:   22:
function _ZlsRSoRK11LightSource called 0 returned 0% blocks executed 0%
    #####:   23:    friend std::ostream& operator<< (std::ostream& os, const LightSource& source) {
    %%%%%:   23-block  0
call    0 never executed
    #####:   24:        os << "position: " << source.position << " intensity: " << source.intensity << " radius: " << source.radius;
call    0 never executed
call    1 never executed
call    2 never executed
    #####:   25:        return os;
        -:   26:    }
        -:   27:};
        -:   28:
        -:   29:
        -:   30:
        -:   31:
        -:   32:
